{"/Users/tompark/Desktop/bus-assinging-2/packages/backend/src/controllers/agentDecisionController.ts": {"path":"/Users/tompark/Desktop/bus-assinging-2/packages/backend/src/controllers/agentDecisionController.ts","statementMap":{"0":{"start":{"line":17,"column":0},"end":{"line":17,"column":41}},"1":{"start":{"line":19,"column":0},"end":{"line":19,"column":37}},"2":{"start":{"line":20,"column":0},"end":{"line":20,"column":65}},"3":{"start":{"line":21,"column":0},"end":{"line":21,"column":71}},"4":{"start":{"line":27,"column":34},"end":{"line":99,"column":1}},"5":{"start":{"line":28,"column":2},"end":{"line":98,"column":3}},"6":{"start":{"line":29,"column":22},"end":{"line":29,"column":41}},"7":{"start":{"line":38,"column":8},"end":{"line":38,"column":55}},"8":{"start":{"line":40,"column":50},"end":{"line":40,"column":63}},"9":{"start":{"line":42,"column":4},"end":{"line":42,"column":47}},"10":{"start":{"line":42,"column":19},"end":{"line":42,"column":47}},"11":{"start":{"line":43,"column":4},"end":{"line":43,"column":38}},"12":{"start":{"line":43,"column":16},"end":{"line":43,"column":38}},"13":{"start":{"line":44,"column":4},"end":{"line":44,"column":81}},"14":{"start":{"line":44,"column":36},"end":{"line":44,"column":81}},"15":{"start":{"line":46,"column":4},"end":{"line":54,"column":5}},"16":{"start":{"line":47,"column":6},"end":{"line":47,"column":27}},"17":{"start":{"line":48,"column":6},"end":{"line":48,"column":80}},"18":{"start":{"line":48,"column":17},"end":{"line":48,"column":80}},"19":{"start":{"line":49,"column":6},"end":{"line":53,"column":7}},"20":{"start":{"line":50,"column":20},"end":{"line":50,"column":32}},"21":{"start":{"line":51,"column":8},"end":{"line":51,"column":38}},"22":{"start":{"line":52,"column":9},"end":{"line":52,"column":61}},"23":{"start":{"line":56,"column":20},"end":{"line":56,"column":51}},"24":{"start":{"line":57,"column":20},"end":{"line":57,"column":70}},"25":{"start":{"line":59,"column":27},"end":{"line":83,"column":6}},"26":{"start":{"line":85,"column":4},"end":{"line":94,"column":7}},"27":{"start":{"line":96,"column":4},"end":{"line":96,"column":52}},"28":{"start":{"line":97,"column":4},"end":{"line":97,"column":79}},"29":{"start":{"line":27,"column":13},"end":{"line":27,"column":34}},"30":{"start":{"line":105,"column":32},"end":{"line":132,"column":1}},"31":{"start":{"line":106,"column":2},"end":{"line":131,"column":3}},"32":{"start":{"line":107,"column":22},"end":{"line":107,"column":41}},"33":{"start":{"line":108,"column":15},"end":{"line":108,"column":42}},"34":{"start":{"line":110,"column":4},"end":{"line":112,"column":5}},"35":{"start":{"line":111,"column":6},"end":{"line":111,"column":76}},"36":{"start":{"line":114,"column":21},"end":{"line":121,"column":6}},"37":{"start":{"line":123,"column":4},"end":{"line":125,"column":5}},"38":{"start":{"line":124,"column":6},"end":{"line":124,"column":81}},"39":{"start":{"line":127,"column":4},"end":{"line":127,"column":55}},"40":{"start":{"line":129,"column":4},"end":{"line":129,"column":50}},"41":{"start":{"line":130,"column":4},"end":{"line":130,"column":79}},"42":{"start":{"line":105,"column":13},"end":{"line":105,"column":32}},"43":{"start":{"line":138,"column":37},"end":{"line":186,"column":1}},"44":{"start":{"line":139,"column":2},"end":{"line":185,"column":3}},"45":{"start":{"line":140,"column":22},"end":{"line":140,"column":41}},"46":{"start":{"line":141,"column":19},"end":{"line":141,"column":31}},"47":{"start":{"line":142,"column":15},"end":{"line":142,"column":42}},"48":{"start":{"line":143,"column":23},"end":{"line":143,"column":54}},"49":{"start":{"line":145,"column":4},"end":{"line":147,"column":5}},"50":{"start":{"line":146,"column":6},"end":{"line":146,"column":76}},"51":{"start":{"line":148,"column":4},"end":{"line":153,"column":5}},"52":{"start":{"line":149,"column":6},"end":{"line":152,"column":9}},"53":{"start":{"line":156,"column":21},"end":{"line":159,"column":6}},"54":{"start":{"line":160,"column":4},"end":{"line":162,"column":5}},"55":{"start":{"line":161,"column":6},"end":{"line":161,"column":81}},"56":{"start":{"line":163,"column":4},"end":{"line":165,"column":5}},"57":{"start":{"line":164,"column":6},"end":{"line":164,"column":83}},"58":{"start":{"line":167,"column":4},"end":{"line":167,"column":61}},"59":{"start":{"line":170,"column":4},"end":{"line":170,"column":57}},"60":{"start":{"line":172,"column":20},"end":{"line":179,"column":6}},"61":{"start":{"line":181,"column":4},"end":{"line":181,"column":54}},"62":{"start":{"line":183,"column":4},"end":{"line":183,"column":55}},"63":{"start":{"line":184,"column":4},"end":{"line":184,"column":79}},"64":{"start":{"line":138,"column":13},"end":{"line":138,"column":37}},"65":{"start":{"line":193,"column":37},"end":{"line":254,"column":1}},"66":{"start":{"line":194,"column":2},"end":{"line":253,"column":3}},"67":{"start":{"line":195,"column":22},"end":{"line":195,"column":41}},"68":{"start":{"line":196,"column":39},"end":{"line":196,"column":86}},"69":{"start":{"line":198,"column":23},"end":{"line":198,"column":68}},"70":{"start":{"line":199,"column":18},"end":{"line":199,"column":70}},"71":{"start":{"line":201,"column":50},"end":{"line":205,"column":6}},"72":{"start":{"line":206,"column":4},"end":{"line":206,"column":47}},"73":{"start":{"line":206,"column":19},"end":{"line":206,"column":47}},"74":{"start":{"line":208,"column":81},"end":{"line":221,"column":6}},"75":{"start":{"line":223,"column":25},"end":{"line":223,"column":59}},"76":{"start":{"line":224,"column":24},"end":{"line":224,"column":54}},"77":{"start":{"line":227,"column":34},"end":{"line":227,"column":90}},"78":{"start":{"line":228,"column":31},"end":{"line":228,"column":33}},"79":{"start":{"line":229,"column":4},"end":{"line":229,"column":57}},"80":{"start":{"line":229,"column":20},"end":{"line":229,"column":57}},"81":{"start":{"line":230,"column":4},"end":{"line":230,"column":92}},"82":{"start":{"line":230,"column":30},"end":{"line":230,"column":92}},"83":{"start":{"line":231,"column":4},"end":{"line":231,"column":90}},"84":{"start":{"line":231,"column":29},"end":{"line":231,"column":90}},"85":{"start":{"line":233,"column":4},"end":{"line":249,"column":7}},"86":{"start":{"line":251,"column":4},"end":{"line":251,"column":55}},"87":{"start":{"line":252,"column":4},"end":{"line":252,"column":79}},"88":{"start":{"line":193,"column":13},"end":{"line":193,"column":37}}},"fnMap":{"0":{"name":"(anonymous_1)","decl":{"start":{"line":27,"column":34},"end":{"line":27,"column":39}},"loc":{"start":{"line":27,"column":76},"end":{"line":99,"column":1}}},"1":{"name":"(anonymous_2)","decl":{"start":{"line":105,"column":32},"end":{"line":105,"column":37}},"loc":{"start":{"line":105,"column":74},"end":{"line":132,"column":1}}},"2":{"name":"(anonymous_3)","decl":{"start":{"line":138,"column":37},"end":{"line":138,"column":42}},"loc":{"start":{"line":138,"column":79},"end":{"line":186,"column":1}}},"3":{"name":"(anonymous_4)","decl":{"start":{"line":193,"column":37},"end":{"line":193,"column":42}},"loc":{"start":{"line":193,"column":79},"end":{"line":254,"column":1}}}},"branchMap":{"0":{"loc":{"start":{"line":36,"column":6},"end":{"line":36,"column":16}},"type":"default-arg","locations":[{"start":{"line":36,"column":13},"end":{"line":36,"column":16}}]},"1":{"loc":{"start":{"line":37,"column":6},"end":{"line":37,"column":21}},"type":"default-arg","locations":[{"start":{"line":37,"column":17},"end":{"line":37,"column":21}}]},"2":{"loc":{"start":{"line":42,"column":4},"end":{"line":42,"column":47}},"type":"if","locations":[{"start":{"line":42,"column":4},"end":{"line":42,"column":47}},{"start":{},"end":{}}]},"3":{"loc":{"start":{"line":43,"column":4},"end":{"line":43,"column":38}},"type":"if","locations":[{"start":{"line":43,"column":4},"end":{"line":43,"column":38}},{"start":{},"end":{}}]},"4":{"loc":{"start":{"line":44,"column":4},"end":{"line":44,"column":81}},"type":"if","locations":[{"start":{"line":44,"column":4},"end":{"line":44,"column":81}},{"start":{},"end":{}}]},"5":{"loc":{"start":{"line":46,"column":4},"end":{"line":54,"column":5}},"type":"if","locations":[{"start":{"line":46,"column":4},"end":{"line":54,"column":5}},{"start":{},"end":{}}]},"6":{"loc":{"start":{"line":46,"column":8},"end":{"line":46,"column":18}},"type":"binary-expr","locations":[{"start":{"line":46,"column":8},"end":{"line":46,"column":12}},{"start":{"line":46,"column":16},"end":{"line":46,"column":18}}]},"7":{"loc":{"start":{"line":48,"column":6},"end":{"line":48,"column":80}},"type":"if","locations":[{"start":{"line":48,"column":6},"end":{"line":48,"column":80}},{"start":{},"end":{}}]},"8":{"loc":{"start":{"line":49,"column":6},"end":{"line":53,"column":7}},"type":"if","locations":[{"start":{"line":49,"column":6},"end":{"line":53,"column":7}},{"start":{},"end":{}}]},"9":{"loc":{"start":{"line":110,"column":4},"end":{"line":112,"column":5}},"type":"if","locations":[{"start":{"line":110,"column":4},"end":{"line":112,"column":5}},{"start":{},"end":{}}]},"10":{"loc":{"start":{"line":110,"column":8},"end":{"line":110,"column":39}},"type":"binary-expr","locations":[{"start":{"line":110,"column":8},"end":{"line":110,"column":28}},{"start":{"line":110,"column":32},"end":{"line":110,"column":39}}]},"11":{"loc":{"start":{"line":123,"column":4},"end":{"line":125,"column":5}},"type":"if","locations":[{"start":{"line":123,"column":4},"end":{"line":125,"column":5}},{"start":{},"end":{}}]},"12":{"loc":{"start":{"line":145,"column":4},"end":{"line":147,"column":5}},"type":"if","locations":[{"start":{"line":145,"column":4},"end":{"line":147,"column":5}},{"start":{},"end":{}}]},"13":{"loc":{"start":{"line":145,"column":8},"end":{"line":145,"column":39}},"type":"binary-expr","locations":[{"start":{"line":145,"column":8},"end":{"line":145,"column":28}},{"start":{"line":145,"column":32},"end":{"line":145,"column":39}}]},"14":{"loc":{"start":{"line":148,"column":4},"end":{"line":153,"column":5}},"type":"if","locations":[{"start":{"line":148,"column":4},"end":{"line":153,"column":5}},{"start":{},"end":{}}]},"15":{"loc":{"start":{"line":148,"column":8},"end":{"line":148,"column":73}},"type":"binary-expr","locations":[{"start":{"line":148,"column":8},"end":{"line":148,"column":15}},{"start":{"line":148,"column":19},"end":{"line":148,"column":45}},{"start":{"line":148,"column":49},"end":{"line":148,"column":73}}]},"16":{"loc":{"start":{"line":160,"column":4},"end":{"line":162,"column":5}},"type":"if","locations":[{"start":{"line":160,"column":4},"end":{"line":162,"column":5}},{"start":{},"end":{}}]},"17":{"loc":{"start":{"line":163,"column":4},"end":{"line":165,"column":5}},"type":"if","locations":[{"start":{"line":163,"column":4},"end":{"line":165,"column":5}},{"start":{},"end":{}}]},"18":{"loc":{"start":{"line":196,"column":23},"end":{"line":196,"column":34}},"type":"default-arg","locations":[{"start":{"line":196,"column":30},"end":{"line":196,"column":34}}]},"19":{"loc":{"start":{"line":206,"column":4},"end":{"line":206,"column":47}},"type":"if","locations":[{"start":{"line":206,"column":4},"end":{"line":206,"column":47}},{"start":{},"end":{}}]},"20":{"loc":{"start":{"line":223,"column":25},"end":{"line":223,"column":59}},"type":"cond-expr","locations":[{"start":{"line":223,"column":37},"end":{"line":223,"column":55}},{"start":{"line":223,"column":58},"end":{"line":223,"column":59}}]},"21":{"loc":{"start":{"line":224,"column":24},"end":{"line":224,"column":54}},"type":"cond-expr","locations":[{"start":{"line":224,"column":36},"end":{"line":224,"column":50}},{"start":{"line":224,"column":53},"end":{"line":224,"column":54}}]},"22":{"loc":{"start":{"line":227,"column":34},"end":{"line":227,"column":90}},"type":"binary-expr","locations":[{"start":{"line":227,"column":34},"end":{"line":227,"column":45}},{"start":{"line":227,"column":49},"end":{"line":227,"column":68}},{"start":{"line":227,"column":72},"end":{"line":227,"column":90}}]},"23":{"loc":{"start":{"line":229,"column":4},"end":{"line":229,"column":57}},"type":"if","locations":[{"start":{"line":229,"column":4},"end":{"line":229,"column":57}},{"start":{},"end":{}}]},"24":{"loc":{"start":{"line":230,"column":4},"end":{"line":230,"column":92}},"type":"if","locations":[{"start":{"line":230,"column":4},"end":{"line":230,"column":92}},{"start":{},"end":{}}]},"25":{"loc":{"start":{"line":231,"column":4},"end":{"line":231,"column":90}},"type":"if","locations":[{"start":{"line":231,"column":4},"end":{"line":231,"column":90}},{"start":{},"end":{}}]},"26":{"loc":{"start":{"line":237,"column":19},"end":{"line":237,"column":37}},"type":"binary-expr","locations":[{"start":{"line":237,"column":19},"end":{"line":237,"column":28}},{"start":{"line":237,"column":32},"end":{"line":237,"column":37}}]},"27":{"loc":{"start":{"line":244,"column":22},"end":{"line":244,"column":52}},"type":"binary-expr","locations":[{"start":{"line":244,"column":22},"end":{"line":244,"column":47}},{"start":{"line":244,"column":51},"end":{"line":244,"column":52}}]},"28":{"loc":{"start":{"line":245,"column":22},"end":{"line":245,"column":55}},"type":"binary-expr","locations":[{"start":{"line":245,"column":22},"end":{"line":245,"column":50}},{"start":{"line":245,"column":54},"end":{"line":245,"column":55}}]},"29":{"loc":{"start":{"line":245,"column":60},"end":{"line":245,"column":94}},"type":"binary-expr","locations":[{"start":{"line":245,"column":60},"end":{"line":245,"column":89}},{"start":{"line":245,"column":93},"end":{"line":245,"column":94}}]}},"s":{"0":2,"1":2,"2":2,"3":2,"4":2,"5":0,"6":0,"7":0,"8":0,"9":0,"10":0,"11":0,"12":0,"13":0,"14":0,"15":0,"16":0,"17":0,"18":0,"19":0,"20":0,"21":0,"22":0,"23":0,"24":0,"25":0,"26":0,"27":0,"28":0,"29":2,"30":2,"31":0,"32":0,"33":0,"34":0,"35":0,"36":0,"37":0,"38":0,"39":0,"40":0,"41":0,"42":2,"43":2,"44":0,"45":0,"46":0,"47":0,"48":0,"49":0,"50":0,"51":0,"52":0,"53":0,"54":0,"55":0,"56":0,"57":0,"58":0,"59":0,"60":0,"61":0,"62":0,"63":0,"64":2,"65":2,"66":0,"67":0,"68":0,"69":0,"70":0,"71":0,"72":0,"73":0,"74":0,"75":0,"76":0,"77":0,"78":0,"79":0,"80":0,"81":0,"82":0,"83":0,"84":0,"85":0,"86":0,"87":0,"88":2},"f":{"0":0,"1":0,"2":0,"3":0},"b":{"0":[0],"1":[0],"2":[0,0],"3":[0,0],"4":[0,0],"5":[0,0],"6":[0,0],"7":[0,0],"8":[0,0],"9":[0,0],"10":[0,0],"11":[0,0],"12":[0,0],"13":[0,0],"14":[0,0],"15":[0,0,0],"16":[0,0],"17":[0,0],"18":[0],"19":[0,0],"20":[0,0],"21":[0,0],"22":[0,0,0],"23":[0,0],"24":[0,0],"25":[0,0],"26":[0,0],"27":[0,0],"28":[0,0],"29":[0,0]}}
,"/Users/tompark/Desktop/bus-assinging-2/packages/backend/src/controllers/approvalController.ts": {"path":"/Users/tompark/Desktop/bus-assinging-2/packages/backend/src/controllers/approvalController.ts","statementMap":{"0":{"start":{"line":2,"column":0},"end":{"line":2,"column":41}},"1":{"start":{"line":4,"column":0},"end":{"line":4,"column":71}},"2":{"start":{"line":5,"column":0},"end":{"line":5,"column":78}},"3":{"start":{"line":6,"column":0},"end":{"line":6,"column":37}},"4":{"start":{"line":7,"column":0},"end":{"line":7,"column":48}},"5":{"start":{"line":8,"column":0},"end":{"line":8,"column":51}},"6":{"start":{"line":9,"column":0},"end":{"line":9,"column":71}},"7":{"start":{"line":12,"column":28},"end":{"line":64,"column":1}},"8":{"start":{"line":13,"column":2},"end":{"line":63,"column":3}},"9":{"start":{"line":14,"column":35},"end":{"line":14,"column":44}},"10":{"start":{"line":15,"column":19},"end":{"line":15,"column":31}},"11":{"start":{"line":16,"column":22},"end":{"line":16,"column":41}},"12":{"start":{"line":18,"column":41},"end":{"line":18,"column":54}},"13":{"start":{"line":20,"column":4},"end":{"line":20,"column":38}},"14":{"start":{"line":20,"column":16},"end":{"line":20,"column":38}},"15":{"start":{"line":21,"column":4},"end":{"line":21,"column":32}},"16":{"start":{"line":21,"column":14},"end":{"line":21,"column":32}},"17":{"start":{"line":26,"column":4},"end":{"line":37,"column":5}},"18":{"start":{"line":27,"column":6},"end":{"line":27,"column":33}},"19":{"start":{"line":28,"column":11},"end":{"line":37,"column":5}},"20":{"start":{"line":30,"column":32},"end":{"line":33,"column":8}},"21":{"start":{"line":34,"column":6},"end":{"line":34,"column":66}},"22":{"start":{"line":34,"column":50},"end":{"line":34,"column":62}},"23":{"start":{"line":35,"column":11},"end":{"line":37,"column":5}},"24":{"start":{"line":36,"column":6},"end":{"line":36,"column":33}},"25":{"start":{"line":39,"column":23},"end":{"line":39,"column":41}},"26":{"start":{"line":40,"column":31},"end":{"line":57,"column":6}},"27":{"start":{"line":59,"column":4},"end":{"line":59,"column":91}},"28":{"start":{"line":61,"column":4},"end":{"line":61,"column":24}},"29":{"start":{"line":62,"column":4},"end":{"line":62,"column":79}},"30":{"start":{"line":12,"column":13},"end":{"line":12,"column":28}},"31":{"start":{"line":67,"column":27},"end":{"line":103,"column":1}},"32":{"start":{"line":68,"column":2},"end":{"line":102,"column":3}},"33":{"start":{"line":69,"column":15},"end":{"line":69,"column":56}},"34":{"start":{"line":70,"column":4},"end":{"line":70,"column":28}},"35":{"start":{"line":70,"column":21},"end":{"line":70,"column":28}},"36":{"start":{"line":72,"column":21},"end":{"line":83,"column":6}},"37":{"start":{"line":85,"column":4},"end":{"line":87,"column":5}},"38":{"start":{"line":86,"column":6},"end":{"line":86,"column":81}},"39":{"start":{"line":90,"column":4},"end":{"line":96,"column":5}},"40":{"start":{"line":91,"column":26},"end":{"line":91,"column":63}},"41":{"start":{"line":92,"column":25},"end":{"line":92,"column":80}},"42":{"start":{"line":92,"column":50},"end":{"line":92,"column":79}},"43":{"start":{"line":93,"column":6},"end":{"line":95,"column":7}},"44":{"start":{"line":94,"column":8},"end":{"line":94,"column":78}},"45":{"start":{"line":98,"column":4},"end":{"line":98,"column":55}},"46":{"start":{"line":100,"column":4},"end":{"line":100,"column":24}},"47":{"start":{"line":101,"column":4},"end":{"line":101,"column":79}},"48":{"start":{"line":67,"column":13},"end":{"line":67,"column":27}},"49":{"start":{"line":106,"column":30},"end":{"line":187,"column":1}},"50":{"start":{"line":107,"column":2},"end":{"line":186,"column":3}},"51":{"start":{"line":108,"column":56},"end":{"line":108,"column":64}},"52":{"start":{"line":110,"column":4},"end":{"line":112,"column":5}},"53":{"start":{"line":111,"column":6},"end":{"line":111,"column":86}},"54":{"start":{"line":116,"column":40},"end":{"line":116,"column":57}},"55":{"start":{"line":117,"column":4},"end":{"line":124,"column":5}},"56":{"start":{"line":118,"column":21},"end":{"line":122,"column":8}},"57":{"start":{"line":123,"column":6},"end":{"line":123,"column":50}},"58":{"start":{"line":123,"column":44},"end":{"line":123,"column":48}},"59":{"start":{"line":126,"column":4},"end":{"line":128,"column":5}},"60":{"start":{"line":127,"column":6},"end":{"line":127,"column":77}},"61":{"start":{"line":130,"column":21},"end":{"line":158,"column":6}},"62":{"start":{"line":142,"column":82},"end":{"line":146,"column":12}},"63":{"start":{"line":160,"column":4},"end":{"line":171,"column":7}},"64":{"start":{"line":174,"column":4},"end":{"line":180,"column":6}},"65":{"start":{"line":182,"column":4},"end":{"line":182,"column":67}},"66":{"start":{"line":184,"column":4},"end":{"line":184,"column":24}},"67":{"start":{"line":185,"column":4},"end":{"line":185,"column":79}},"68":{"start":{"line":106,"column":13},"end":{"line":106,"column":30}},"69":{"start":{"line":190,"column":31},"end":{"line":412,"column":1}},"70":{"start":{"line":191,"column":2},"end":{"line":411,"column":3}},"71":{"start":{"line":192,"column":15},"end":{"line":192,"column":56}},"72":{"start":{"line":193,"column":4},"end":{"line":193,"column":28}},"73":{"start":{"line":193,"column":21},"end":{"line":193,"column":28}},"74":{"start":{"line":194,"column":32},"end":{"line":194,"column":40}},"75":{"start":{"line":196,"column":4},"end":{"line":198,"column":5}},"76":{"start":{"line":197,"column":6},"end":{"line":197,"column":84}},"77":{"start":{"line":200,"column":21},"end":{"line":206,"column":6}},"78":{"start":{"line":208,"column":4},"end":{"line":210,"column":5}},"79":{"start":{"line":209,"column":6},"end":{"line":209,"column":81}},"80":{"start":{"line":212,"column":4},"end":{"line":214,"column":5}},"81":{"start":{"line":213,"column":6},"end":{"line":213,"column":80}},"82":{"start":{"line":217,"column":28},"end":{"line":217,"column":85}},"83":{"start":{"line":217,"column":53},"end":{"line":217,"column":84}},"84":{"start":{"line":218,"column":4},"end":{"line":220,"column":5}},"85":{"start":{"line":219,"column":6},"end":{"line":219,"column":82}},"86":{"start":{"line":222,"column":4},"end":{"line":379,"column":5}},"87":{"start":{"line":224,"column":6},"end":{"line":238,"column":9}},"88":{"start":{"line":240,"column":6},"end":{"line":246,"column":8}},"89":{"start":{"line":249,"column":25},"end":{"line":249,"column":72}},"90":{"start":{"line":251,"column":6},"end":{"line":378,"column":7}},"91":{"start":{"line":253,"column":103},"end":{"line":253,"column":107}},"92":{"start":{"line":255,"column":8},"end":{"line":333,"column":11}},"93":{"start":{"line":256,"column":10},"end":{"line":259,"column":13}},"94":{"start":{"line":261,"column":10},"end":{"line":264,"column":13}},"95":{"start":{"line":267,"column":10},"end":{"line":332,"column":11}},"96":{"start":{"line":268,"column":33},"end":{"line":268,"column":79}},"97":{"start":{"line":269,"column":28},"end":{"line":269,"column":46}},"98":{"start":{"line":270,"column":12},"end":{"line":331,"column":13}},"99":{"start":{"line":271,"column":33},"end":{"line":271,"column":64}},"100":{"start":{"line":272,"column":27},"end":{"line":272,"column":51}},"101":{"start":{"line":273,"column":28},"end":{"line":273,"column":53}},"102":{"start":{"line":275,"column":14},"end":{"line":285,"column":17}},"103":{"start":{"line":287,"column":31},"end":{"line":289,"column":16}},"104":{"start":{"line":291,"column":14},"end":{"line":330,"column":15}},"105":{"start":{"line":292,"column":29},"end":{"line":300,"column":18}},"106":{"start":{"line":302,"column":16},"end":{"line":329,"column":17}},"107":{"start":{"line":303,"column":39},"end":{"line":303,"column":104}},"108":{"start":{"line":304,"column":18},"end":{"line":328,"column":19}},"109":{"start":{"line":305,"column":33},"end":{"line":312,"column":22}},"110":{"start":{"line":314,"column":20},"end":{"line":317,"column":23}},"111":{"start":{"line":320,"column":20},"end":{"line":320,"column":119}},"112":{"start":{"line":322,"column":20},"end":{"line":327,"column":23}},"113":{"start":{"line":336,"column":8},"end":{"line":345,"column":9}},"114":{"start":{"line":337,"column":20},"end":{"line":337,"column":103}},"115":{"start":{"line":338,"column":10},"end":{"line":344,"column":13}},"116":{"start":{"line":347,"column":8},"end":{"line":353,"column":10}},"117":{"start":{"line":356,"column":25},"end":{"line":356,"column":49}},"118":{"start":{"line":357,"column":8},"end":{"line":366,"column":11}},"119":{"start":{"line":368,"column":29},"end":{"line":368,"column":74}},"120":{"start":{"line":368,"column":54},"end":{"line":368,"column":73}},"121":{"start":{"line":369,"column":8},"end":{"line":377,"column":9}},"122":{"start":{"line":370,"column":10},"end":{"line":376,"column":12}},"123":{"start":{"line":381,"column":20},"end":{"line":392,"column":6}},"124":{"start":{"line":394,"column":4},"end":{"line":405,"column":7}},"125":{"start":{"line":407,"column":4},"end":{"line":407,"column":54}},"126":{"start":{"line":409,"column":4},"end":{"line":409,"column":24}},"127":{"start":{"line":410,"column":4},"end":{"line":410,"column":79}},"128":{"start":{"line":190,"column":13},"end":{"line":190,"column":31}},"129":{"start":{"line":415,"column":30},"end":{"line":446,"column":1}},"130":{"start":{"line":416,"column":2},"end":{"line":445,"column":3}},"131":{"start":{"line":417,"column":15},"end":{"line":417,"column":56}},"132":{"start":{"line":418,"column":4},"end":{"line":418,"column":28}},"133":{"start":{"line":418,"column":21},"end":{"line":418,"column":28}},"134":{"start":{"line":420,"column":21},"end":{"line":422,"column":6}},"135":{"start":{"line":424,"column":4},"end":{"line":426,"column":5}},"136":{"start":{"line":425,"column":6},"end":{"line":425,"column":81}},"137":{"start":{"line":428,"column":4},"end":{"line":430,"column":5}},"138":{"start":{"line":429,"column":6},"end":{"line":429,"column":90}},"139":{"start":{"line":432,"column":4},"end":{"line":434,"column":5}},"140":{"start":{"line":433,"column":6},"end":{"line":433,"column":88}},"141":{"start":{"line":436,"column":4},"end":{"line":439,"column":7}},"142":{"start":{"line":441,"column":4},"end":{"line":441,"column":64}},"143":{"start":{"line":443,"column":4},"end":{"line":443,"column":24}},"144":{"start":{"line":444,"column":4},"end":{"line":444,"column":79}},"145":{"start":{"line":415,"column":13},"end":{"line":415,"column":30}},"146":{"start":{"line":449,"column":32},"end":{"line":477,"column":1}},"147":{"start":{"line":450,"column":2},"end":{"line":476,"column":3}},"148":{"start":{"line":451,"column":22},"end":{"line":451,"column":41}},"149":{"start":{"line":453,"column":49},"end":{"line":458,"column":6}},"150":{"start":{"line":461,"column":22},"end":{"line":467,"column":6}},"151":{"start":{"line":469,"column":4},"end":{"line":472,"column":7}},"152":{"start":{"line":474,"column":4},"end":{"line":474,"column":24}},"153":{"start":{"line":475,"column":4},"end":{"line":475,"column":79}},"154":{"start":{"line":449,"column":13},"end":{"line":449,"column":32}}},"fnMap":{"0":{"name":"(anonymous_1)","decl":{"start":{"line":12,"column":28},"end":{"line":12,"column":33}},"loc":{"start":{"line":12,"column":70},"end":{"line":64,"column":1}}},"1":{"name":"(anonymous_2)","decl":{"start":{"line":34,"column":45},"end":{"line":34,"column":46}},"loc":{"start":{"line":34,"column":50},"end":{"line":34,"column":62}}},"2":{"name":"(anonymous_3)","decl":{"start":{"line":67,"column":27},"end":{"line":67,"column":32}},"loc":{"start":{"line":67,"column":69},"end":{"line":103,"column":1}}},"3":{"name":"(anonymous_4)","decl":{"start":{"line":92,"column":45},"end":{"line":92,"column":46}},"loc":{"start":{"line":92,"column":50},"end":{"line":92,"column":79}}},"4":{"name":"(anonymous_5)","decl":{"start":{"line":106,"column":30},"end":{"line":106,"column":35}},"loc":{"start":{"line":106,"column":72},"end":{"line":187,"column":1}}},"5":{"name":"(anonymous_6)","decl":{"start":{"line":123,"column":39},"end":{"line":123,"column":40}},"loc":{"start":{"line":123,"column":44},"end":{"line":123,"column":48}}},"6":{"name":"(anonymous_7)","decl":{"start":{"line":142,"column":42},"end":{"line":142,"column":43}},"loc":{"start":{"line":142,"column":82},"end":{"line":146,"column":12}}},"7":{"name":"(anonymous_8)","decl":{"start":{"line":190,"column":31},"end":{"line":190,"column":36}},"loc":{"start":{"line":190,"column":73},"end":{"line":412,"column":1}}},"8":{"name":"(anonymous_9)","decl":{"start":{"line":217,"column":48},"end":{"line":217,"column":49}},"loc":{"start":{"line":217,"column":53},"end":{"line":217,"column":84}}},"9":{"name":"(anonymous_10)","decl":{"start":{"line":255,"column":34},"end":{"line":255,"column":39}},"loc":{"start":{"line":255,"column":47},"end":{"line":333,"column":9}}},"10":{"name":"(anonymous_11)","decl":{"start":{"line":368,"column":49},"end":{"line":368,"column":50}},"loc":{"start":{"line":368,"column":54},"end":{"line":368,"column":73}}},"11":{"name":"(anonymous_12)","decl":{"start":{"line":415,"column":30},"end":{"line":415,"column":35}},"loc":{"start":{"line":415,"column":72},"end":{"line":446,"column":1}}},"12":{"name":"(anonymous_13)","decl":{"start":{"line":449,"column":32},"end":{"line":449,"column":37}},"loc":{"start":{"line":449,"column":74},"end":{"line":477,"column":1}}}},"branchMap":{"0":{"loc":{"start":{"line":20,"column":4},"end":{"line":20,"column":38}},"type":"if","locations":[{"start":{"line":20,"column":4},"end":{"line":20,"column":38}},{"start":{},"end":{}}]},"1":{"loc":{"start":{"line":21,"column":4},"end":{"line":21,"column":32}},"type":"if","locations":[{"start":{"line":21,"column":4},"end":{"line":21,"column":32}},{"start":{},"end":{}}]},"2":{"loc":{"start":{"line":26,"column":4},"end":{"line":37,"column":5}},"type":"if","locations":[{"start":{"line":26,"column":4},"end":{"line":37,"column":5}},{"start":{"line":28,"column":11},"end":{"line":37,"column":5}}]},"3":{"loc":{"start":{"line":28,"column":11},"end":{"line":37,"column":5}},"type":"if","locations":[{"start":{"line":28,"column":11},"end":{"line":37,"column":5}},{"start":{"line":35,"column":11},"end":{"line":37,"column":5}}]},"4":{"loc":{"start":{"line":35,"column":11},"end":{"line":37,"column":5}},"type":"if","locations":[{"start":{"line":35,"column":11},"end":{"line":37,"column":5}},{"start":{},"end":{}}]},"5":{"loc":{"start":{"line":70,"column":4},"end":{"line":70,"column":28}},"type":"if","locations":[{"start":{"line":70,"column":4},"end":{"line":70,"column":28}},{"start":{},"end":{}}]},"6":{"loc":{"start":{"line":85,"column":4},"end":{"line":87,"column":5}},"type":"if","locations":[{"start":{"line":85,"column":4},"end":{"line":87,"column":5}},{"start":{},"end":{}}]},"7":{"loc":{"start":{"line":90,"column":4},"end":{"line":96,"column":5}},"type":"if","locations":[{"start":{"line":90,"column":4},"end":{"line":96,"column":5}},{"start":{},"end":{}}]},"8":{"loc":{"start":{"line":93,"column":6},"end":{"line":95,"column":7}},"type":"if","locations":[{"start":{"line":93,"column":6},"end":{"line":95,"column":7}},{"start":{},"end":{}}]},"9":{"loc":{"start":{"line":93,"column":10},"end":{"line":93,"column":37}},"type":"binary-expr","locations":[{"start":{"line":93,"column":10},"end":{"line":93,"column":22}},{"start":{"line":93,"column":26},"end":{"line":93,"column":37}}]},"10":{"loc":{"start":{"line":110,"column":4},"end":{"line":112,"column":5}},"type":"if","locations":[{"start":{"line":110,"column":4},"end":{"line":112,"column":5}},{"start":{},"end":{}}]},"11":{"loc":{"start":{"line":110,"column":8},"end":{"line":110,"column":35}},"type":"binary-expr","locations":[{"start":{"line":110,"column":8},"end":{"line":110,"column":13}},{"start":{"line":110,"column":17},"end":{"line":110,"column":23}},{"start":{"line":110,"column":27},"end":{"line":110,"column":35}}]},"12":{"loc":{"start":{"line":116,"column":40},"end":{"line":116,"column":57}},"type":"binary-expr","locations":[{"start":{"line":116,"column":40},"end":{"line":116,"column":51}},{"start":{"line":116,"column":55},"end":{"line":116,"column":57}}]},"13":{"loc":{"start":{"line":117,"column":4},"end":{"line":124,"column":5}},"type":"if","locations":[{"start":{"line":117,"column":4},"end":{"line":124,"column":5}},{"start":{},"end":{}}]},"14":{"loc":{"start":{"line":126,"column":4},"end":{"line":128,"column":5}},"type":"if","locations":[{"start":{"line":126,"column":4},"end":{"line":128,"column":5}},{"start":{},"end":{}}]},"15":{"loc":{"start":{"line":136,"column":14},"end":{"line":136,"column":31}},"type":"binary-expr","locations":[{"start":{"line":136,"column":14},"end":{"line":136,"column":18}},{"start":{"line":136,"column":22},"end":{"line":136,"column":31}}]},"16":{"loc":{"start":{"line":145,"column":20},"end":{"line":145,"column":53}},"type":"cond-expr","locations":[{"start":{"line":145,"column":34},"end":{"line":145,"column":43}},{"start":{"line":145,"column":46},"end":{"line":145,"column":53}}]},"17":{"loc":{"start":{"line":193,"column":4},"end":{"line":193,"column":28}},"type":"if","locations":[{"start":{"line":193,"column":4},"end":{"line":193,"column":28}},{"start":{},"end":{}}]},"18":{"loc":{"start":{"line":196,"column":4},"end":{"line":198,"column":5}},"type":"if","locations":[{"start":{"line":196,"column":4},"end":{"line":198,"column":5}},{"start":{},"end":{}}]},"19":{"loc":{"start":{"line":208,"column":4},"end":{"line":210,"column":5}},"type":"if","locations":[{"start":{"line":208,"column":4},"end":{"line":210,"column":5}},{"start":{},"end":{}}]},"20":{"loc":{"start":{"line":212,"column":4},"end":{"line":214,"column":5}},"type":"if","locations":[{"start":{"line":212,"column":4},"end":{"line":214,"column":5}},{"start":{},"end":{}}]},"21":{"loc":{"start":{"line":218,"column":4},"end":{"line":220,"column":5}},"type":"if","locations":[{"start":{"line":218,"column":4},"end":{"line":220,"column":5}},{"start":{},"end":{}}]},"22":{"loc":{"start":{"line":218,"column":8},"end":{"line":218,"column":71}},"type":"binary-expr","locations":[{"start":{"line":218,"column":8},"end":{"line":218,"column":24}},{"start":{"line":218,"column":28},"end":{"line":218,"column":71}}]},"23":{"loc":{"start":{"line":222,"column":4},"end":{"line":379,"column":5}},"type":"if","locations":[{"start":{"line":222,"column":4},"end":{"line":379,"column":5}},{"start":{"line":247,"column":11},"end":{"line":379,"column":5}}]},"24":{"loc":{"start":{"line":243,"column":48},"end":{"line":243,"column":63}},"type":"binary-expr","locations":[{"start":{"line":243,"column":48},"end":{"line":243,"column":55}},{"start":{"line":243,"column":59},"end":{"line":243,"column":63}}]},"25":{"loc":{"start":{"line":251,"column":6},"end":{"line":378,"column":7}},"type":"if","locations":[{"start":{"line":251,"column":6},"end":{"line":378,"column":7}},{"start":{"line":354,"column":13},"end":{"line":378,"column":7}}]},"26":{"loc":{"start":{"line":267,"column":10},"end":{"line":332,"column":11}},"type":"if","locations":[{"start":{"line":267,"column":10},"end":{"line":332,"column":11}},{"start":{},"end":{}}]},"27":{"loc":{"start":{"line":267,"column":14},"end":{"line":267,"column":77}},"type":"binary-expr","locations":[{"start":{"line":267,"column":14},"end":{"line":267,"column":41}},{"start":{"line":267,"column":45},"end":{"line":267,"column":77}}]},"28":{"loc":{"start":{"line":270,"column":12},"end":{"line":331,"column":13}},"type":"if","locations":[{"start":{"line":270,"column":12},"end":{"line":331,"column":13}},{"start":{},"end":{}}]},"29":{"loc":{"start":{"line":291,"column":14},"end":{"line":330,"column":15}},"type":"if","locations":[{"start":{"line":291,"column":14},"end":{"line":330,"column":15}},{"start":{},"end":{}}]},"30":{"loc":{"start":{"line":302,"column":16},"end":{"line":329,"column":17}},"type":"if","locations":[{"start":{"line":302,"column":16},"end":{"line":329,"column":17}},{"start":{},"end":{}}]},"31":{"loc":{"start":{"line":304,"column":18},"end":{"line":328,"column":19}},"type":"if","locations":[{"start":{"line":304,"column":18},"end":{"line":328,"column":19}},{"start":{},"end":{}}]},"32":{"loc":{"start":{"line":309,"column":35},"end":{"line":309,"column":81}},"type":"cond-expr","locations":[{"start":{"line":309,"column":70},"end":{"line":309,"column":74}},{"start":{"line":309,"column":77},"end":{"line":309,"column":81}}]},"33":{"loc":{"start":{"line":336,"column":8},"end":{"line":345,"column":9}},"type":"if","locations":[{"start":{"line":336,"column":8},"end":{"line":345,"column":9}},{"start":{},"end":{}}]},"34":{"loc":{"start":{"line":369,"column":8},"end":{"line":377,"column":9}},"type":"if","locations":[{"start":{"line":369,"column":8},"end":{"line":377,"column":9}},{"start":{},"end":{}}]},"35":{"loc":{"start":{"line":402,"column":35},"end":{"line":402,"column":50}},"type":"binary-expr","locations":[{"start":{"line":402,"column":35},"end":{"line":402,"column":42}},{"start":{"line":402,"column":46},"end":{"line":402,"column":50}}]},"36":{"loc":{"start":{"line":418,"column":4},"end":{"line":418,"column":28}},"type":"if","locations":[{"start":{"line":418,"column":4},"end":{"line":418,"column":28}},{"start":{},"end":{}}]},"37":{"loc":{"start":{"line":424,"column":4},"end":{"line":426,"column":5}},"type":"if","locations":[{"start":{"line":424,"column":4},"end":{"line":426,"column":5}},{"start":{},"end":{}}]},"38":{"loc":{"start":{"line":428,"column":4},"end":{"line":430,"column":5}},"type":"if","locations":[{"start":{"line":428,"column":4},"end":{"line":430,"column":5}},{"start":{},"end":{}}]},"39":{"loc":{"start":{"line":428,"column":8},"end":{"line":428,"column":75}},"type":"binary-expr","locations":[{"start":{"line":428,"column":8},"end":{"line":428,"column":45}},{"start":{"line":428,"column":49},"end":{"line":428,"column":75}}]},"40":{"loc":{"start":{"line":432,"column":4},"end":{"line":434,"column":5}},"type":"if","locations":[{"start":{"line":432,"column":4},"end":{"line":434,"column":5}},{"start":{},"end":{}}]}},"s":{"0":3,"1":3,"2":3,"3":3,"4":3,"5":3,"6":3,"7":3,"8":6,"9":6,"10":6,"11":6,"12":6,"13":6,"14":1,"15":6,"16":0,"17":6,"18":1,"19":5,"20":1,"21":1,"22":2,"23":4,"24":1,"25":6,"26":6,"27":5,"28":1,"29":1,"30":3,"31":3,"32":0,"33":0,"34":0,"35":0,"36":0,"37":0,"38":0,"39":0,"40":0,"41":0,"42":0,"43":0,"44":0,"45":0,"46":0,"47":0,"48":3,"49":3,"50":4,"51":4,"52":4,"53":1,"54":3,"55":3,"56":3,"57":2,"58":1,"59":2,"60":1,"61":1,"62":1,"63":1,"64":1,"65":1,"66":1,"67":1,"68":3,"69":3,"70":7,"71":7,"72":7,"73":1,"74":6,"75":6,"76":1,"77":5,"78":5,"79":1,"80":4,"81":1,"82":3,"83":3,"84":3,"85":1,"86":2,"87":1,"88":1,"89":1,"90":1,"91":1,"92":1,"93":1,"94":1,"95":1,"96":0,"97":0,"98":0,"99":0,"100":0,"101":0,"102":0,"103":0,"104":0,"105":0,"106":0,"107":0,"108":0,"109":0,"110":0,"111":0,"112":0,"113":1,"114":0,"115":0,"116":1,"117":0,"118":0,"119":0,"120":0,"121":0,"122":0,"123":2,"124":2,"125":2,"126":0,"127":0,"128":3,"129":3,"130":4,"131":4,"132":4,"133":0,"134":4,"135":4,"136":1,"137":3,"138":1,"139":2,"140":1,"141":1,"142":1,"143":0,"144":0,"145":3,"146":3,"147":2,"148":2,"149":2,"150":1,"151":1,"152":1,"153":1,"154":3},"f":{"0":6,"1":2,"2":0,"3":0,"4":4,"5":1,"6":1,"7":7,"8":3,"9":1,"10":0,"11":4,"12":2},"b":{"0":[1,5],"1":[0,6],"2":[1,5],"3":[1,4],"4":[1,3],"5":[0,0],"6":[0,0],"7":[0,0],"8":[0,0],"9":[0,0],"10":[1,3],"11":[4,4,3],"12":[3,3],"13":[3,0],"14":[1,1],"15":[1,1],"16":[1,0],"17":[1,6],"18":[1,5],"19":[1,4],"20":[1,3],"21":[1,2],"22":[3,3],"23":[1,1],"24":[1,0],"25":[1,0],"26":[0,1],"27":[1,1],"28":[0,0],"29":[0,0],"30":[0,0],"31":[0,0],"32":[0,0],"33":[0,1],"34":[0,0],"35":[2,1],"36":[0,4],"37":[1,3],"38":[1,2],"39":[3,1],"40":[1,1]}}
,"/Users/tompark/Desktop/bus-assinging-2/packages/backend/src/controllers/attendanceController.ts": {"path":"/Users/tompark/Desktop/bus-assinging-2/packages/backend/src/controllers/attendanceController.ts","statementMap":{"0":{"start":{"line":2,"column":0},"end":{"line":2,"column":41}},"1":{"start":{"line":4,"column":0},"end":{"line":4,"column":37}},"2":{"start":{"line":5,"column":0},"end":{"line":5,"column":71}},"3":{"start":{"line":8,"column":44},"end":{"line":12,"column":2}},"4":{"start":{"line":15,"column":29},"end":{"line":59,"column":1}},"5":{"start":{"line":16,"column":2},"end":{"line":58,"column":3}},"6":{"start":{"line":17,"column":38},"end":{"line":17,"column":47}},"7":{"start":{"line":18,"column":22},"end":{"line":18,"column":41}},"8":{"start":{"line":20,"column":4},"end":{"line":22,"column":5}},"9":{"start":{"line":21,"column":6},"end":{"line":21,"column":91}},"10":{"start":{"line":24,"column":22},"end":{"line":24,"column":66}},"11":{"start":{"line":25,"column":20},"end":{"line":25,"column":60}},"12":{"start":{"line":27,"column":43},"end":{"line":30,"column":6}},"13":{"start":{"line":31,"column":4},"end":{"line":40,"column":5}},"14":{"start":{"line":33,"column":27},"end":{"line":35,"column":8}},"15":{"start":{"line":36,"column":6},"end":{"line":38,"column":7}},"16":{"start":{"line":37,"column":8},"end":{"line":37,"column":87}},"17":{"start":{"line":39,"column":6},"end":{"line":39,"column":40}},"18":{"start":{"line":42,"column":23},"end":{"line":42,"column":41}},"19":{"start":{"line":43,"column":29},"end":{"line":52,"column":6}},"20":{"start":{"line":54,"column":4},"end":{"line":54,"column":89}},"21":{"start":{"line":56,"column":4},"end":{"line":56,"column":24}},"22":{"start":{"line":57,"column":4},"end":{"line":57,"column":79}},"23":{"start":{"line":15,"column":13},"end":{"line":15,"column":29}},"24":{"start":{"line":62,"column":32},"end":{"line":98,"column":1}},"25":{"start":{"line":63,"column":2},"end":{"line":97,"column":3}},"26":{"start":{"line":64,"column":65},"end":{"line":64,"column":73}},"27":{"start":{"line":65,"column":22},"end":{"line":65,"column":41}},"28":{"start":{"line":68,"column":19},"end":{"line":68,"column":94}},"29":{"start":{"line":69,"column":4},"end":{"line":71,"column":5}},"30":{"start":{"line":70,"column":6},"end":{"line":70,"column":81}},"31":{"start":{"line":73,"column":19},"end":{"line":91,"column":6}},"32":{"start":{"line":93,"column":4},"end":{"line":93,"column":53}},"33":{"start":{"line":95,"column":4},"end":{"line":95,"column":24}},"34":{"start":{"line":96,"column":4},"end":{"line":96,"column":79}},"35":{"start":{"line":62,"column":13},"end":{"line":62,"column":32}},"36":{"start":{"line":101,"column":38},"end":{"line":200,"column":1}},"37":{"start":{"line":102,"column":2},"end":{"line":199,"column":3}},"38":{"start":{"line":103,"column":28},"end":{"line":103,"column":37}},"39":{"start":{"line":104,"column":22},"end":{"line":104,"column":41}},"40":{"start":{"line":106,"column":4},"end":{"line":108,"column":5}},"41":{"start":{"line":107,"column":6},"end":{"line":107,"column":91}},"42":{"start":{"line":110,"column":22},"end":{"line":110,"column":66}},"43":{"start":{"line":111,"column":20},"end":{"line":111,"column":60}},"44":{"start":{"line":113,"column":18},"end":{"line":122,"column":6}},"45":{"start":{"line":125,"column":131},"end":{"line":125,"column":133}},"46":{"start":{"line":127,"column":4},"end":{"line":144,"column":5}},"47":{"start":{"line":128,"column":16},"end":{"line":128,"column":35}},"48":{"start":{"line":129,"column":22},"end":{"line":129,"column":38}},"49":{"start":{"line":130,"column":18},"end":{"line":130,"column":31}},"50":{"start":{"line":132,"column":6},"end":{"line":132,"column":55}},"51":{"start":{"line":132,"column":31},"end":{"line":132,"column":55}},"52":{"start":{"line":133,"column":6},"end":{"line":140,"column":7}},"53":{"start":{"line":134,"column":8},"end":{"line":139,"column":10}},"54":{"start":{"line":142,"column":6},"end":{"line":142,"column":72}},"55":{"start":{"line":143,"column":6},"end":{"line":143,"column":44}},"56":{"start":{"line":154,"column":9},"end":{"line":154,"column":11}},"57":{"start":{"line":156,"column":4},"end":{"line":169,"column":5}},"58":{"start":{"line":157,"column":6},"end":{"line":168,"column":7}},"59":{"start":{"line":158,"column":8},"end":{"line":167,"column":9}},"60":{"start":{"line":159,"column":10},"end":{"line":166,"column":13}},"61":{"start":{"line":172,"column":26},"end":{"line":186,"column":6}},"62":{"start":{"line":173,"column":20},"end":{"line":173,"column":88}},"63":{"start":{"line":173,"column":61},"end":{"line":173,"column":86}},"64":{"start":{"line":174,"column":25},"end":{"line":174,"column":63}},"65":{"start":{"line":174,"column":48},"end":{"line":174,"column":59}},"66":{"start":{"line":175,"column":27},"end":{"line":175,"column":63}},"67":{"start":{"line":175,"column":54},"end":{"line":175,"column":61}},"68":{"start":{"line":176,"column":41},"end":{"line":176,"column":49}},"69":{"start":{"line":177,"column":6},"end":{"line":185,"column":8}},"70":{"start":{"line":188,"column":4},"end":{"line":195,"column":7}},"71":{"start":{"line":197,"column":4},"end":{"line":197,"column":24}},"72":{"start":{"line":198,"column":4},"end":{"line":198,"column":79}},"73":{"start":{"line":101,"column":13},"end":{"line":101,"column":38}},"74":{"start":{"line":203,"column":26},"end":{"line":251,"column":1}},"75":{"start":{"line":204,"column":2},"end":{"line":250,"column":3}},"76":{"start":{"line":205,"column":36},"end":{"line":205,"column":44}},"77":{"start":{"line":206,"column":19},"end":{"line":206,"column":31}},"78":{"start":{"line":207,"column":22},"end":{"line":207,"column":41}},"79":{"start":{"line":208,"column":16},"end":{"line":208,"column":26}},"80":{"start":{"line":209,"column":18},"end":{"line":209,"column":76}},"81":{"start":{"line":212,"column":19},"end":{"line":241,"column":6}},"82":{"start":{"line":213,"column":23},"end":{"line":215,"column":8}},"83":{"start":{"line":217,"column":6},"end":{"line":219,"column":7}},"84":{"start":{"line":218,"column":8},"end":{"line":218,"column":46}},"85":{"start":{"line":221,"column":6},"end":{"line":240,"column":9}},"86":{"start":{"line":243,"column":4},"end":{"line":243,"column":53}},"87":{"start":{"line":245,"column":4},"end":{"line":247,"column":5}},"88":{"start":{"line":246,"column":6},"end":{"line":246,"column":81}},"89":{"start":{"line":248,"column":4},"end":{"line":248,"column":24}},"90":{"start":{"line":249,"column":4},"end":{"line":249,"column":79}},"91":{"start":{"line":203,"column":13},"end":{"line":203,"column":26}},"92":{"start":{"line":254,"column":27},"end":{"line":288,"column":1}},"93":{"start":{"line":255,"column":2},"end":{"line":287,"column":3}},"94":{"start":{"line":256,"column":36},"end":{"line":256,"column":44}},"95":{"start":{"line":257,"column":19},"end":{"line":257,"column":31}},"96":{"start":{"line":258,"column":18},"end":{"line":258,"column":28}},"97":{"start":{"line":259,"column":4},"end":{"line":259,"column":31}},"98":{"start":{"line":261,"column":21},"end":{"line":263,"column":6}},"99":{"start":{"line":265,"column":4},"end":{"line":267,"column":5}},"100":{"start":{"line":266,"column":6},"end":{"line":266,"column":90}},"101":{"start":{"line":269,"column":4},"end":{"line":271,"column":5}},"102":{"start":{"line":270,"column":6},"end":{"line":270,"column":81}},"103":{"start":{"line":273,"column":19},"end":{"line":281,"column":6}},"104":{"start":{"line":283,"column":4},"end":{"line":283,"column":53}},"105":{"start":{"line":285,"column":4},"end":{"line":285,"column":24}},"106":{"start":{"line":286,"column":4},"end":{"line":286,"column":79}},"107":{"start":{"line":254,"column":13},"end":{"line":254,"column":27}},"108":{"start":{"line":291,"column":32},"end":{"line":309,"column":1}},"109":{"start":{"line":292,"column":2},"end":{"line":308,"column":3}},"110":{"start":{"line":293,"column":19},"end":{"line":293,"column":31}},"111":{"start":{"line":294,"column":18},"end":{"line":294,"column":28}},"112":{"start":{"line":295,"column":4},"end":{"line":295,"column":31}},"113":{"start":{"line":297,"column":19},"end":{"line":299,"column":6}},"114":{"start":{"line":301,"column":4},"end":{"line":304,"column":7}},"115":{"start":{"line":306,"column":4},"end":{"line":306,"column":24}},"116":{"start":{"line":307,"column":4},"end":{"line":307,"column":79}},"117":{"start":{"line":291,"column":13},"end":{"line":291,"column":32}},"118":{"start":{"line":312,"column":12},"end":{"line":312,"column":83}},"119":{"start":{"line":313,"column":17},"end":{"line":313,"column":35}},"120":{"start":{"line":314,"column":2},"end":{"line":314,"column":44}},"121":{"start":{"line":315,"column":20},"end":{"line":315,"column":64}},"122":{"start":{"line":316,"column":2},"end":{"line":316,"column":79}}},"fnMap":{"0":{"name":"(anonymous_1)","decl":{"start":{"line":15,"column":29},"end":{"line":15,"column":34}},"loc":{"start":{"line":15,"column":71},"end":{"line":59,"column":1}}},"1":{"name":"(anonymous_2)","decl":{"start":{"line":62,"column":32},"end":{"line":62,"column":37}},"loc":{"start":{"line":62,"column":74},"end":{"line":98,"column":1}}},"2":{"name":"(anonymous_3)","decl":{"start":{"line":101,"column":38},"end":{"line":101,"column":43}},"loc":{"start":{"line":101,"column":80},"end":{"line":200,"column":1}}},"3":{"name":"(anonymous_4)","decl":{"start":{"line":172,"column":60},"end":{"line":172,"column":61}},"loc":{"start":{"line":172,"column":79},"end":{"line":186,"column":5}}},"4":{"name":"(anonymous_5)","decl":{"start":{"line":173,"column":48},"end":{"line":173,"column":49}},"loc":{"start":{"line":173,"column":61},"end":{"line":173,"column":86}}},"5":{"name":"(anonymous_6)","decl":{"start":{"line":174,"column":38},"end":{"line":174,"column":39}},"loc":{"start":{"line":174,"column":48},"end":{"line":174,"column":59}}},"6":{"name":"(anonymous_7)","decl":{"start":{"line":175,"column":49},"end":{"line":175,"column":50}},"loc":{"start":{"line":175,"column":54},"end":{"line":175,"column":61}}},"7":{"name":"(anonymous_8)","decl":{"start":{"line":203,"column":26},"end":{"line":203,"column":31}},"loc":{"start":{"line":203,"column":68},"end":{"line":251,"column":1}}},"8":{"name":"(anonymous_9)","decl":{"start":{"line":212,"column":45},"end":{"line":212,"column":50}},"loc":{"start":{"line":212,"column":58},"end":{"line":241,"column":5}}},"9":{"name":"(anonymous_10)","decl":{"start":{"line":254,"column":27},"end":{"line":254,"column":32}},"loc":{"start":{"line":254,"column":69},"end":{"line":288,"column":1}}},"10":{"name":"(anonymous_11)","decl":{"start":{"line":291,"column":32},"end":{"line":291,"column":37}},"loc":{"start":{"line":291,"column":74},"end":{"line":309,"column":1}}},"11":{"name":"getWeekNumber","decl":{"start":{"line":311,"column":9},"end":{"line":311,"column":22}},"loc":{"start":{"line":311,"column":33},"end":{"line":317,"column":1}}}},"branchMap":{"0":{"loc":{"start":{"line":20,"column":4},"end":{"line":22,"column":5}},"type":"if","locations":[{"start":{"line":20,"column":4},"end":{"line":22,"column":5}},{"start":{},"end":{}}]},"1":{"loc":{"start":{"line":20,"column":8},"end":{"line":20,"column":70}},"type":"binary-expr","locations":[{"start":{"line":20,"column":8},"end":{"line":20,"column":13}},{"start":{"line":20,"column":17},"end":{"line":20,"column":23}},{"start":{"line":20,"column":27},"end":{"line":20,"column":46}},{"start":{"line":20,"column":50},"end":{"line":20,"column":70}}]},"2":{"loc":{"start":{"line":31,"column":4},"end":{"line":40,"column":5}},"type":"if","locations":[{"start":{"line":31,"column":4},"end":{"line":40,"column":5}},{"start":{},"end":{}}]},"3":{"loc":{"start":{"line":36,"column":6},"end":{"line":38,"column":7}},"type":"if","locations":[{"start":{"line":36,"column":6},"end":{"line":38,"column":7}},{"start":{},"end":{}}]},"4":{"loc":{"start":{"line":69,"column":4},"end":{"line":71,"column":5}},"type":"if","locations":[{"start":{"line":69,"column":4},"end":{"line":71,"column":5}},{"start":{},"end":{}}]},"5":{"loc":{"start":{"line":79,"column":17},"end":{"line":79,"column":51}},"type":"cond-expr","locations":[{"start":{"line":79,"column":27},"end":{"line":79,"column":44}},{"start":{"line":79,"column":47},"end":{"line":79,"column":51}}]},"6":{"loc":{"start":{"line":80,"column":18},"end":{"line":80,"column":54}},"type":"cond-expr","locations":[{"start":{"line":80,"column":29},"end":{"line":80,"column":47}},{"start":{"line":80,"column":50},"end":{"line":80,"column":54}}]},"7":{"loc":{"start":{"line":81,"column":16},"end":{"line":81,"column":35}},"type":"binary-expr","locations":[{"start":{"line":81,"column":16},"end":{"line":81,"column":22}},{"start":{"line":81,"column":26},"end":{"line":81,"column":35}}]},"8":{"loc":{"start":{"line":85,"column":17},"end":{"line":85,"column":51}},"type":"cond-expr","locations":[{"start":{"line":85,"column":27},"end":{"line":85,"column":44}},{"start":{"line":85,"column":47},"end":{"line":85,"column":51}}]},"9":{"loc":{"start":{"line":86,"column":18},"end":{"line":86,"column":54}},"type":"cond-expr","locations":[{"start":{"line":86,"column":29},"end":{"line":86,"column":47}},{"start":{"line":86,"column":50},"end":{"line":86,"column":54}}]},"10":{"loc":{"start":{"line":87,"column":16},"end":{"line":87,"column":35}},"type":"binary-expr","locations":[{"start":{"line":87,"column":16},"end":{"line":87,"column":22}},{"start":{"line":87,"column":26},"end":{"line":87,"column":35}}]},"11":{"loc":{"start":{"line":106,"column":4},"end":{"line":108,"column":5}},"type":"if","locations":[{"start":{"line":106,"column":4},"end":{"line":108,"column":5}},{"start":{},"end":{}}]},"12":{"loc":{"start":{"line":106,"column":8},"end":{"line":106,"column":70}},"type":"binary-expr","locations":[{"start":{"line":106,"column":8},"end":{"line":106,"column":13}},{"start":{"line":106,"column":17},"end":{"line":106,"column":23}},{"start":{"line":106,"column":27},"end":{"line":106,"column":46}},{"start":{"line":106,"column":50},"end":{"line":106,"column":70}}]},"13":{"loc":{"start":{"line":132,"column":6},"end":{"line":132,"column":55}},"type":"if","locations":[{"start":{"line":132,"column":6},"end":{"line":132,"column":55}},{"start":{},"end":{}}]},"14":{"loc":{"start":{"line":133,"column":6},"end":{"line":140,"column":7}},"type":"if","locations":[{"start":{"line":133,"column":6},"end":{"line":140,"column":7}},{"start":{},"end":{}}]},"15":{"loc":{"start":{"line":142,"column":43},"end":{"line":142,"column":71}},"type":"binary-expr","locations":[{"start":{"line":142,"column":43},"end":{"line":142,"column":66}},{"start":{"line":142,"column":70},"end":{"line":142,"column":71}}]},"16":{"loc":{"start":{"line":158,"column":8},"end":{"line":167,"column":9}},"type":"if","locations":[{"start":{"line":158,"column":8},"end":{"line":167,"column":9}},{"start":{},"end":{}}]},"17":{"loc":{"start":{"line":217,"column":6},"end":{"line":219,"column":7}},"type":"if","locations":[{"start":{"line":217,"column":6},"end":{"line":219,"column":7}},{"start":{},"end":{}}]},"18":{"loc":{"start":{"line":245,"column":4},"end":{"line":247,"column":5}},"type":"if","locations":[{"start":{"line":245,"column":4},"end":{"line":247,"column":5}},{"start":{},"end":{}}]},"19":{"loc":{"start":{"line":245,"column":8},"end":{"line":245,"column":72}},"type":"binary-expr","locations":[{"start":{"line":245,"column":8},"end":{"line":245,"column":30}},{"start":{"line":245,"column":34},"end":{"line":245,"column":72}}]},"20":{"loc":{"start":{"line":265,"column":4},"end":{"line":267,"column":5}},"type":"if","locations":[{"start":{"line":265,"column":4},"end":{"line":267,"column":5}},{"start":{},"end":{}}]},"21":{"loc":{"start":{"line":269,"column":4},"end":{"line":271,"column":5}},"type":"if","locations":[{"start":{"line":269,"column":4},"end":{"line":271,"column":5}},{"start":{},"end":{}}]},"22":{"loc":{"start":{"line":303,"column":12},"end":{"line":303,"column":69}},"type":"binary-expr","locations":[{"start":{"line":303,"column":12},"end":{"line":303,"column":18}},{"start":{"line":303,"column":22},"end":{"line":303,"column":69}}]},"23":{"loc":{"start":{"line":313,"column":17},"end":{"line":313,"column":35}},"type":"binary-expr","locations":[{"start":{"line":313,"column":17},"end":{"line":313,"column":30}},{"start":{"line":313,"column":34},"end":{"line":313,"column":35}}]}},"s":{"0":3,"1":3,"2":3,"3":3,"4":3,"5":3,"6":3,"7":3,"8":3,"9":0,"10":3,"11":3,"12":3,"13":3,"14":1,"15":1,"16":0,"17":1,"18":3,"19":3,"20":2,"21":1,"22":1,"23":3,"24":3,"25":3,"26":3,"27":3,"28":3,"29":2,"30":1,"31":1,"32":1,"33":1,"34":1,"35":3,"36":3,"37":0,"38":0,"39":0,"40":0,"41":0,"42":0,"43":0,"44":0,"45":0,"46":0,"47":0,"48":0,"49":0,"50":0,"51":0,"52":0,"53":0,"54":0,"55":0,"56":0,"57":0,"58":0,"59":0,"60":0,"61":0,"62":0,"63":0,"64":0,"65":0,"66":0,"67":0,"68":0,"69":0,"70":0,"71":0,"72":0,"73":3,"74":3,"75":3,"76":3,"77":3,"78":3,"79":3,"80":3,"81":3,"82":3,"83":2,"84":1,"85":1,"86":1,"87":2,"88":1,"89":1,"90":1,"91":3,"92":3,"93":3,"94":3,"95":3,"96":3,"97":3,"98":3,"99":3,"100":1,"101":2,"102":1,"103":1,"104":1,"105":0,"106":0,"107":3,"108":3,"109":3,"110":3,"111":3,"112":3,"113":3,"114":2,"115":1,"116":1,"117":3,"118":0,"119":0,"120":0,"121":0,"122":0},"f":{"0":3,"1":3,"2":0,"3":0,"4":0,"5":0,"6":0,"7":3,"8":3,"9":3,"10":3,"11":0},"b":{"0":[0,3],"1":[3,3,3,3],"2":[1,2],"3":[0,1],"4":[1,1],"5":[1,0],"6":[1,0],"7":[1,0],"8":[1,0],"9":[1,0],"10":[1,0],"11":[0,0],"12":[0,0,0,0],"13":[0,0],"14":[0,0],"15":[0,0],"16":[0,0],"17":[1,1],"18":[1,1],"19":[2,2],"20":[1,2],"21":[1,1],"22":[2,1],"23":[0,0]}}
,"/Users/tompark/Desktop/bus-assinging-2/packages/backend/src/controllers/auditController.ts": {"path":"/Users/tompark/Desktop/bus-assinging-2/packages/backend/src/controllers/auditController.ts","statementMap":{"0":{"start":{"line":2,"column":0},"end":{"line":2,"column":41}},"1":{"start":{"line":4,"column":0},"end":{"line":4,"column":37}},"2":{"start":{"line":5,"column":0},"end":{"line":5,"column":71}},"3":{"start":{"line":7,"column":28},"end":{"line":50,"column":1}},"4":{"start":{"line":8,"column":2},"end":{"line":49,"column":3}},"5":{"start":{"line":9,"column":22},"end":{"line":9,"column":41}},"6":{"start":{"line":10,"column":73},"end":{"line":10,"column":82}},"7":{"start":{"line":12,"column":43},"end":{"line":12,"column":56}},"8":{"start":{"line":14,"column":4},"end":{"line":14,"column":60}},"9":{"start":{"line":14,"column":20},"end":{"line":14,"column":60}},"10":{"start":{"line":15,"column":4},"end":{"line":15,"column":46}},"11":{"start":{"line":15,"column":16},"end":{"line":15,"column":46}},"12":{"start":{"line":16,"column":4},"end":{"line":16,"column":48}},"13":{"start":{"line":16,"column":16},"end":{"line":16,"column":48}},"14":{"start":{"line":17,"column":4},"end":{"line":17,"column":52}},"15":{"start":{"line":17,"column":18},"end":{"line":17,"column":52}},"16":{"start":{"line":19,"column":4},"end":{"line":28,"column":5}},"17":{"start":{"line":20,"column":46},"end":{"line":20,"column":48}},"18":{"start":{"line":21,"column":6},"end":{"line":21,"column":67}},"19":{"start":{"line":21,"column":21},"end":{"line":21,"column":67}},"20":{"start":{"line":22,"column":6},"end":{"line":26,"column":7}},"21":{"start":{"line":23,"column":20},"end":{"line":23,"column":47}},"22":{"start":{"line":24,"column":8},"end":{"line":24,"column":38}},"23":{"start":{"line":25,"column":8},"end":{"line":25,"column":28}},"24":{"start":{"line":27,"column":6},"end":{"line":27,"column":34}},"25":{"start":{"line":30,"column":23},"end":{"line":30,"column":41}},"26":{"start":{"line":32,"column":26},"end":{"line":43,"column":6}},"27":{"start":{"line":45,"column":4},"end":{"line":45,"column":86}},"28":{"start":{"line":47,"column":4},"end":{"line":47,"column":24}},"29":{"start":{"line":48,"column":4},"end":{"line":48,"column":79}},"30":{"start":{"line":7,"column":13},"end":{"line":7,"column":28}}},"fnMap":{"0":{"name":"(anonymous_1)","decl":{"start":{"line":7,"column":28},"end":{"line":7,"column":33}},"loc":{"start":{"line":7,"column":70},"end":{"line":50,"column":1}}}},"branchMap":{"0":{"loc":{"start":{"line":14,"column":4},"end":{"line":14,"column":60}},"type":"if","locations":[{"start":{"line":14,"column":4},"end":{"line":14,"column":60}},{"start":{},"end":{}}]},"1":{"loc":{"start":{"line":15,"column":4},"end":{"line":15,"column":46}},"type":"if","locations":[{"start":{"line":15,"column":4},"end":{"line":15,"column":46}},{"start":{},"end":{}}]},"2":{"loc":{"start":{"line":16,"column":4},"end":{"line":16,"column":48}},"type":"if","locations":[{"start":{"line":16,"column":4},"end":{"line":16,"column":48}},{"start":{},"end":{}}]},"3":{"loc":{"start":{"line":17,"column":4},"end":{"line":17,"column":52}},"type":"if","locations":[{"start":{"line":17,"column":4},"end":{"line":17,"column":52}},{"start":{},"end":{}}]},"4":{"loc":{"start":{"line":19,"column":4},"end":{"line":28,"column":5}},"type":"if","locations":[{"start":{"line":19,"column":4},"end":{"line":28,"column":5}},{"start":{},"end":{}}]},"5":{"loc":{"start":{"line":19,"column":8},"end":{"line":19,"column":28}},"type":"binary-expr","locations":[{"start":{"line":19,"column":8},"end":{"line":19,"column":17}},{"start":{"line":19,"column":21},"end":{"line":19,"column":28}}]},"6":{"loc":{"start":{"line":21,"column":6},"end":{"line":21,"column":67}},"type":"if","locations":[{"start":{"line":21,"column":6},"end":{"line":21,"column":67}},{"start":{},"end":{}}]},"7":{"loc":{"start":{"line":22,"column":6},"end":{"line":26,"column":7}},"type":"if","locations":[{"start":{"line":22,"column":6},"end":{"line":26,"column":7}},{"start":{},"end":{}}]}},"s":{"0":2,"1":2,"2":2,"3":2,"4":0,"5":0,"6":0,"7":0,"8":0,"9":0,"10":0,"11":0,"12":0,"13":0,"14":0,"15":0,"16":0,"17":0,"18":0,"19":0,"20":0,"21":0,"22":0,"23":0,"24":0,"25":0,"26":0,"27":0,"28":0,"29":0,"30":2},"f":{"0":0},"b":{"0":[0,0],"1":[0,0],"2":[0,0],"3":[0,0],"4":[0,0],"5":[0,0],"6":[0,0],"7":[0,0]}}
,"/Users/tompark/Desktop/bus-assinging-2/packages/backend/src/controllers/authController.ts": {"path":"/Users/tompark/Desktop/bus-assinging-2/packages/backend/src/controllers/authController.ts","statementMap":{"0":{"start":{"line":2,"column":0},"end":{"line":2,"column":30}},"1":{"start":{"line":3,"column":0},"end":{"line":3,"column":31}},"2":{"start":{"line":4,"column":0},"end":{"line":4,"column":28}},"3":{"start":{"line":5,"column":0},"end":{"line":5,"column":26}},"4":{"start":{"line":6,"column":0},"end":{"line":6,"column":41}},"5":{"start":{"line":8,"column":0},"end":{"line":8,"column":62}},"6":{"start":{"line":9,"column":0},"end":{"line":9,"column":37}},"7":{"start":{"line":15,"column":2},"end":{"line":19,"column":4}},"8":{"start":{"line":23,"column":16},"end":{"line":23,"column":54}},"9":{"start":{"line":24,"column":22},"end":{"line":24,"column":51}},"10":{"start":{"line":25,"column":20},"end":{"line":25,"column":67}},"11":{"start":{"line":28,"column":2},"end":{"line":30,"column":5}},"12":{"start":{"line":32,"column":2},"end":{"line":32,"column":96}},"13":{"start":{"line":33,"column":2},"end":{"line":33,"column":40}},"14":{"start":{"line":37,"column":22},"end":{"line":37,"column":44}},"15":{"start":{"line":38,"column":18},"end":{"line":38,"column":58}},"16":{"start":{"line":39,"column":2},"end":{"line":39,"column":78}},"17":{"start":{"line":44,"column":41},"end":{"line":44,"column":45}},"18":{"start":{"line":45,"column":2},"end":{"line":45,"column":14}},"19":{"start":{"line":51,"column":21},"end":{"line":106,"column":1}},"20":{"start":{"line":52,"column":2},"end":{"line":105,"column":3}},"21":{"start":{"line":53,"column":45},"end":{"line":53,"column":53}},"22":{"start":{"line":55,"column":4},"end":{"line":57,"column":5}},"23":{"start":{"line":56,"column":6},"end":{"line":56,"column":95}},"24":{"start":{"line":59,"column":20},"end":{"line":59,"column":85}},"25":{"start":{"line":60,"column":4},"end":{"line":62,"column":5}},"26":{"start":{"line":61,"column":6},"end":{"line":61,"column":84}},"27":{"start":{"line":65,"column":17},"end":{"line":74,"column":6}},"28":{"start":{"line":75,"column":4},"end":{"line":77,"column":5}},"29":{"start":{"line":76,"column":6},"end":{"line":76,"column":95}},"30":{"start":{"line":79,"column":4},"end":{"line":81,"column":5}},"31":{"start":{"line":80,"column":6},"end":{"line":80,"column":93}},"32":{"start":{"line":83,"column":20},"end":{"line":83,"column":65}},"33":{"start":{"line":84,"column":4},"end":{"line":87,"column":5}},"34":{"start":{"line":85,"column":6},"end":{"line":85,"column":75}},"35":{"start":{"line":86,"column":6},"end":{"line":86,"column":90}},"36":{"start":{"line":89,"column":19},"end":{"line":89,"column":45}},"37":{"start":{"line":90,"column":4},"end":{"line":90,"column":91}},"38":{"start":{"line":92,"column":4},"end":{"line":101,"column":7}},"39":{"start":{"line":103,"column":4},"end":{"line":103,"column":38}},"40":{"start":{"line":104,"column":4},"end":{"line":104,"column":79}},"41":{"start":{"line":51,"column":13},"end":{"line":51,"column":21}},"42":{"start":{"line":111,"column":34},"end":{"line":178,"column":1}},"43":{"start":{"line":112,"column":2},"end":{"line":177,"column":3}},"44":{"start":{"line":113,"column":29},"end":{"line":113,"column":37}},"45":{"start":{"line":114,"column":4},"end":{"line":116,"column":5}},"46":{"start":{"line":115,"column":6},"end":{"line":115,"column":87}},"47":{"start":{"line":118,"column":19},"end":{"line":121,"column":6}},"48":{"start":{"line":125,"column":4},"end":{"line":130,"column":5}},"49":{"start":{"line":128,"column":6},"end":{"line":128,"column":94}},"50":{"start":{"line":129,"column":6},"end":{"line":129,"column":98}},"51":{"start":{"line":133,"column":4},"end":{"line":136,"column":5}},"52":{"start":{"line":134,"column":6},"end":{"line":134,"column":69}},"53":{"start":{"line":135,"column":6},"end":{"line":135,"column":96}},"54":{"start":{"line":138,"column":4},"end":{"line":140,"column":5}},"55":{"start":{"line":139,"column":6},"end":{"line":139,"column":79}},"56":{"start":{"line":142,"column":19},"end":{"line":142,"column":32}},"57":{"start":{"line":143,"column":19},"end":{"line":143,"column":32}},"58":{"start":{"line":147,"column":4},"end":{"line":162,"column":5}},"59":{"start":{"line":148,"column":6},"end":{"line":158,"column":9}},"60":{"start":{"line":150,"column":8},"end":{"line":150,"column":67}},"61":{"start":{"line":152,"column":28},"end":{"line":152,"column":57}},"62":{"start":{"line":153,"column":25},"end":{"line":153,"column":63}},"63":{"start":{"line":154,"column":26},"end":{"line":154,"column":73}},"64":{"start":{"line":155,"column":8},"end":{"line":155,"column":95}},"65":{"start":{"line":156,"column":8},"end":{"line":156,"column":95}},"66":{"start":{"line":157,"column":8},"end":{"line":157,"column":63}},"67":{"start":{"line":160,"column":6},"end":{"line":160,"column":75}},"68":{"start":{"line":161,"column":6},"end":{"line":161,"column":86}},"69":{"start":{"line":164,"column":4},"end":{"line":164,"column":80}},"70":{"start":{"line":166,"column":4},"end":{"line":173,"column":7}},"71":{"start":{"line":175,"column":4},"end":{"line":175,"column":40}},"72":{"start":{"line":176,"column":4},"end":{"line":176,"column":79}},"73":{"start":{"line":111,"column":13},"end":{"line":111,"column":34}},"74":{"start":{"line":183,"column":22},"end":{"line":200,"column":1}},"75":{"start":{"line":184,"column":2},"end":{"line":199,"column":3}},"76":{"start":{"line":185,"column":29},"end":{"line":185,"column":37}},"77":{"start":{"line":186,"column":4},"end":{"line":188,"column":5}},"78":{"start":{"line":187,"column":6},"end":{"line":187,"column":79}},"79":{"start":{"line":190,"column":4},"end":{"line":193,"column":7}},"80":{"start":{"line":194,"column":4},"end":{"line":194,"column":50}},"81":{"start":{"line":195,"column":4},"end":{"line":195,"column":62}},"82":{"start":{"line":197,"column":4},"end":{"line":197,"column":39}},"83":{"start":{"line":198,"column":4},"end":{"line":198,"column":79}},"84":{"start":{"line":183,"column":13},"end":{"line":183,"column":22}},"85":{"start":{"line":205,"column":27},"end":{"line":222,"column":1}},"86":{"start":{"line":206,"column":2},"end":{"line":221,"column":3}},"87":{"start":{"line":207,"column":21},"end":{"line":207,"column":48}},"88":{"start":{"line":208,"column":19},"end":{"line":210,"column":6}},"89":{"start":{"line":211,"column":4},"end":{"line":211,"column":93}},"90":{"start":{"line":211,"column":17},"end":{"line":211,"column":93}},"91":{"start":{"line":213,"column":4},"end":{"line":213,"column":74}},"92":{"start":{"line":214,"column":4},"end":{"line":214,"column":89}},"93":{"start":{"line":216,"column":4},"end":{"line":216,"column":81}},"94":{"start":{"line":217,"column":4},"end":{"line":217,"column":84}},"95":{"start":{"line":219,"column":4},"end":{"line":219,"column":42}},"96":{"start":{"line":220,"column":4},"end":{"line":220,"column":79}},"97":{"start":{"line":205,"column":13},"end":{"line":205,"column":27}},"98":{"start":{"line":227,"column":26},"end":{"line":308,"column":1}},"99":{"start":{"line":228,"column":2},"end":{"line":307,"column":3}},"100":{"start":{"line":229,"column":60},"end":{"line":229,"column":68}},"101":{"start":{"line":231,"column":27},"end":{"line":231,"column":60}},"102":{"start":{"line":233,"column":4},"end":{"line":249,"column":5}},"103":{"start":{"line":234,"column":23},"end":{"line":246,"column":null}},"104":{"start":{"line":248,"column":6},"end":{"line":248,"column":52}},"105":{"start":{"line":251,"column":4},"end":{"line":253,"column":5}},"106":{"start":{"line":252,"column":6},"end":{"line":252,"column":107}},"107":{"start":{"line":255,"column":23},"end":{"line":261,"column":6}},"108":{"start":{"line":263,"column":20},"end":{"line":263,"column":46}},"109":{"start":{"line":264,"column":23},"end":{"line":264,"column":59}},"110":{"start":{"line":265,"column":23},"end":{"line":265,"column":66}},"111":{"start":{"line":267,"column":28},"end":{"line":269,"column":17}},"112":{"start":{"line":272,"column":28},"end":{"line":272,"column":36}},"113":{"start":{"line":273,"column":48},"end":{"line":273,"column":50}},"114":{"start":{"line":274,"column":4},"end":{"line":280,"column":5}},"115":{"start":{"line":275,"column":22},"end":{"line":275,"column":87}},"116":{"start":{"line":276,"column":6},"end":{"line":278,"column":7}},"117":{"start":{"line":277,"column":8},"end":{"line":277,"column":86}},"118":{"start":{"line":279,"column":6},"end":{"line":279,"column":48}},"119":{"start":{"line":282,"column":15},"end":{"line":282,"column":84}},"120":{"start":{"line":283,"column":4},"end":{"line":283,"column":126}},"121":{"start":{"line":283,"column":34},"end":{"line":283,"column":126}},"122":{"start":{"line":284,"column":4},"end":{"line":284,"column":116}},"123":{"start":{"line":284,"column":29},"end":{"line":284,"column":116}},"124":{"start":{"line":286,"column":4},"end":{"line":288,"column":5}},"125":{"start":{"line":287,"column":6},"end":{"line":287,"column":98}},"126":{"start":{"line":289,"column":4},"end":{"line":291,"column":5}},"127":{"start":{"line":290,"column":6},"end":{"line":290,"column":79}},"128":{"start":{"line":292,"column":4},"end":{"line":294,"column":5}},"129":{"start":{"line":293,"column":6},"end":{"line":293,"column":85}},"130":{"start":{"line":296,"column":19},"end":{"line":296,"column":45}},"131":{"start":{"line":297,"column":4},"end":{"line":300,"column":7}},"132":{"start":{"line":302,"column":4},"end":{"line":302,"column":42}},"133":{"start":{"line":303,"column":4},"end":{"line":305,"column":5}},"134":{"start":{"line":304,"column":6},"end":{"line":304,"column":85}},"135":{"start":{"line":306,"column":4},"end":{"line":306,"column":86}},"136":{"start":{"line":227,"column":13},"end":{"line":227,"column":26}},"137":{"start":{"line":313,"column":28},"end":{"line":349,"column":1}},"138":{"start":{"line":314,"column":2},"end":{"line":348,"column":3}},"139":{"start":{"line":315,"column":35},"end":{"line":315,"column":43}},"140":{"start":{"line":316,"column":4},"end":{"line":316,"column":90}},"141":{"start":{"line":316,"column":16},"end":{"line":316,"column":90}},"142":{"start":{"line":319,"column":49},"end":{"line":319,"column":74}},"143":{"start":{"line":320,"column":4},"end":{"line":326,"column":5}},"144":{"start":{"line":321,"column":22},"end":{"line":321,"column":87}},"145":{"start":{"line":322,"column":6},"end":{"line":324,"column":7}},"146":{"start":{"line":323,"column":8},"end":{"line":323,"column":86}},"147":{"start":{"line":325,"column":6},"end":{"line":325,"column":41}},"148":{"start":{"line":328,"column":17},"end":{"line":328,"column":68}},"149":{"start":{"line":329,"column":4},"end":{"line":331,"column":5}},"150":{"start":{"line":330,"column":6},"end":{"line":330,"column":83}},"151":{"start":{"line":333,"column":19},"end":{"line":335,"column":6}},"152":{"start":{"line":336,"column":4},"end":{"line":336,"column":92}},"153":{"start":{"line":336,"column":16},"end":{"line":336,"column":92}},"154":{"start":{"line":338,"column":16},"end":{"line":338,"column":29}},"155":{"start":{"line":339,"column":22},"end":{"line":339,"column":55}},"156":{"start":{"line":341,"column":4},"end":{"line":341,"column":77}},"157":{"start":{"line":342,"column":4},"end":{"line":342,"column":58}},"158":{"start":{"line":344,"column":4},"end":{"line":344,"column":66}},"159":{"start":{"line":346,"column":4},"end":{"line":346,"column":41}},"160":{"start":{"line":347,"column":4},"end":{"line":347,"column":81}},"161":{"start":{"line":313,"column":13},"end":{"line":313,"column":28}},"162":{"start":{"line":354,"column":30},"end":{"line":396,"column":1}},"163":{"start":{"line":355,"column":2},"end":{"line":395,"column":3}},"164":{"start":{"line":356,"column":40},"end":{"line":356,"column":48}},"165":{"start":{"line":357,"column":4},"end":{"line":357,"column":104}},"166":{"start":{"line":357,"column":24},"end":{"line":357,"column":104}},"167":{"start":{"line":360,"column":19},"end":{"line":368,"column":6}},"168":{"start":{"line":361,"column":20},"end":{"line":364,"column":8}},"169":{"start":{"line":365,"column":6},"end":{"line":365,"column":30}},"170":{"start":{"line":365,"column":18},"end":{"line":365,"column":30}},"171":{"start":{"line":366,"column":6},"end":{"line":366,"column":89}},"172":{"start":{"line":367,"column":6},"end":{"line":367,"column":19}},"173":{"start":{"line":370,"column":4},"end":{"line":372,"column":5}},"174":{"start":{"line":371,"column":6},"end":{"line":371,"column":90}},"175":{"start":{"line":375,"column":49},"end":{"line":375,"column":74}},"176":{"start":{"line":376,"column":4},"end":{"line":382,"column":5}},"177":{"start":{"line":377,"column":22},"end":{"line":377,"column":87}},"178":{"start":{"line":378,"column":6},"end":{"line":380,"column":7}},"179":{"start":{"line":379,"column":8},"end":{"line":379,"column":86}},"180":{"start":{"line":381,"column":6},"end":{"line":381,"column":41}},"181":{"start":{"line":384,"column":17},"end":{"line":384,"column":68}},"182":{"start":{"line":385,"column":4},"end":{"line":385,"column":109}},"183":{"start":{"line":385,"column":33},"end":{"line":385,"column":109}},"184":{"start":{"line":387,"column":19},"end":{"line":387,"column":45}},"185":{"start":{"line":388,"column":4},"end":{"line":391,"column":7}},"186":{"start":{"line":393,"column":4},"end":{"line":393,"column":41}},"187":{"start":{"line":394,"column":4},"end":{"line":394,"column":79}},"188":{"start":{"line":354,"column":13},"end":{"line":354,"column":30}},"189":{"start":{"line":401,"column":30},"end":{"line":430,"column":1}},"190":{"start":{"line":402,"column":2},"end":{"line":429,"column":3}},"191":{"start":{"line":403,"column":45},"end":{"line":403,"column":53}},"192":{"start":{"line":404,"column":4},"end":{"line":406,"column":5}},"193":{"start":{"line":405,"column":6},"end":{"line":405,"column":91}},"194":{"start":{"line":407,"column":4},"end":{"line":409,"column":5}},"195":{"start":{"line":408,"column":6},"end":{"line":408,"column":89}},"196":{"start":{"line":411,"column":17},"end":{"line":411,"column":78}},"197":{"start":{"line":412,"column":4},"end":{"line":414,"column":5}},"198":{"start":{"line":413,"column":6},"end":{"line":413,"column":87}},"199":{"start":{"line":416,"column":20},"end":{"line":416,"column":72}},"200":{"start":{"line":417,"column":4},"end":{"line":419,"column":5}},"201":{"start":{"line":418,"column":6},"end":{"line":418,"column":86}},"202":{"start":{"line":421,"column":19},"end":{"line":421,"column":53}},"203":{"start":{"line":422,"column":4},"end":{"line":422,"column":90}},"204":{"start":{"line":424,"column":4},"end":{"line":424,"column":56}},"205":{"start":{"line":425,"column":4},"end":{"line":425,"column":66}},"206":{"start":{"line":427,"column":4},"end":{"line":427,"column":42}},"207":{"start":{"line":428,"column":4},"end":{"line":428,"column":79}},"208":{"start":{"line":401,"column":13},"end":{"line":401,"column":30}},"209":{"start":{"line":435,"column":21},"end":{"line":451,"column":1}},"210":{"start":{"line":436,"column":2},"end":{"line":450,"column":3}},"211":{"start":{"line":437,"column":17},"end":{"line":445,"column":6}},"212":{"start":{"line":446,"column":4},"end":{"line":446,"column":51}},"213":{"start":{"line":448,"column":4},"end":{"line":448,"column":42}},"214":{"start":{"line":449,"column":4},"end":{"line":449,"column":79}},"215":{"start":{"line":435,"column":13},"end":{"line":435,"column":21}},"216":{"start":{"line":456,"column":31},"end":{"line":465,"column":1}},"217":{"start":{"line":457,"column":2},"end":{"line":464,"column":3}},"218":{"start":{"line":458,"column":30},"end":{"line":458,"column":38}},"219":{"start":{"line":459,"column":4},"end":{"line":459,"column":87}},"220":{"start":{"line":460,"column":4},"end":{"line":460,"column":69}},"221":{"start":{"line":462,"column":4},"end":{"line":462,"column":45}},"222":{"start":{"line":463,"column":4},"end":{"line":463,"column":79}},"223":{"start":{"line":456,"column":13},"end":{"line":456,"column":31}}},"fnMap":{"0":{"name":"issueAccessToken","decl":{"start":{"line":14,"column":9},"end":{"line":14,"column":25}},"loc":{"start":{"line":14,"column":115},"end":{"line":20,"column":1}}},"1":{"name":"issueRefreshToken","decl":{"start":{"line":22,"column":15},"end":{"line":22,"column":32}},"loc":{"start":{"line":22,"column":64},"end":{"line":34,"column":1}}},"2":{"name":"issueTokenPair","decl":{"start":{"line":36,"column":15},"end":{"line":36,"column":29}},"loc":{"start":{"line":36,"column":136},"end":{"line":40,"column":1}}},"3":{"name":"safeUser","decl":{"start":{"line":42,"column":9},"end":{"line":42,"column":17}},"loc":{"start":{"line":42,"column":47},"end":{"line":46,"column":1}}},"4":{"name":"(anonymous_5)","decl":{"start":{"line":51,"column":21},"end":{"line":51,"column":26}},"loc":{"start":{"line":51,"column":59},"end":{"line":106,"column":1}}},"5":{"name":"(anonymous_6)","decl":{"start":{"line":111,"column":34},"end":{"line":111,"column":39}},"loc":{"start":{"line":111,"column":72},"end":{"line":178,"column":1}}},"6":{"name":"(anonymous_7)","decl":{"start":{"line":148,"column":41},"end":{"line":148,"column":46}},"loc":{"start":{"line":148,"column":54},"end":{"line":158,"column":7}}},"7":{"name":"(anonymous_8)","decl":{"start":{"line":183,"column":22},"end":{"line":183,"column":27}},"loc":{"start":{"line":183,"column":64},"end":{"line":200,"column":1}}},"8":{"name":"(anonymous_9)","decl":{"start":{"line":205,"column":27},"end":{"line":205,"column":32}},"loc":{"start":{"line":205,"column":69},"end":{"line":222,"column":1}}},"9":{"name":"(anonymous_10)","decl":{"start":{"line":227,"column":26},"end":{"line":227,"column":31}},"loc":{"start":{"line":227,"column":64},"end":{"line":308,"column":1}}},"10":{"name":"(anonymous_11)","decl":{"start":{"line":313,"column":28},"end":{"line":313,"column":33}},"loc":{"start":{"line":313,"column":66},"end":{"line":349,"column":1}}},"11":{"name":"(anonymous_12)","decl":{"start":{"line":354,"column":30},"end":{"line":354,"column":35}},"loc":{"start":{"line":354,"column":68},"end":{"line":396,"column":1}}},"12":{"name":"(anonymous_13)","decl":{"start":{"line":360,"column":45},"end":{"line":360,"column":50}},"loc":{"start":{"line":360,"column":58},"end":{"line":368,"column":5}}},"13":{"name":"(anonymous_14)","decl":{"start":{"line":401,"column":30},"end":{"line":401,"column":35}},"loc":{"start":{"line":401,"column":72},"end":{"line":430,"column":1}}},"14":{"name":"(anonymous_15)","decl":{"start":{"line":435,"column":21},"end":{"line":435,"column":26}},"loc":{"start":{"line":435,"column":63},"end":{"line":451,"column":1}}},"15":{"name":"(anonymous_16)","decl":{"start":{"line":456,"column":31},"end":{"line":456,"column":36}},"loc":{"start":{"line":456,"column":73},"end":{"line":465,"column":1}}}},"branchMap":{"0":{"loc":{"start":{"line":16,"column":53},"end":{"line":16,"column":69}},"type":"binary-expr","locations":[{"start":{"line":16,"column":53},"end":{"line":16,"column":63}},{"start":{"line":16,"column":67},"end":{"line":16,"column":69}}]},"1":{"loc":{"start":{"line":24,"column":22},"end":{"line":24,"column":51}},"type":"binary-expr","locations":[{"start":{"line":24,"column":22},"end":{"line":24,"column":28}},{"start":{"line":24,"column":32},"end":{"line":24,"column":51}}]},"2":{"loc":{"start":{"line":55,"column":4},"end":{"line":57,"column":5}},"type":"if","locations":[{"start":{"line":55,"column":4},"end":{"line":57,"column":5}},{"start":{},"end":{}}]},"3":{"loc":{"start":{"line":55,"column":8},"end":{"line":55,"column":43}},"type":"binary-expr","locations":[{"start":{"line":55,"column":8},"end":{"line":55,"column":20}},{"start":{"line":55,"column":24},"end":{"line":55,"column":30}},{"start":{"line":55,"column":34},"end":{"line":55,"column":43}}]},"4":{"loc":{"start":{"line":60,"column":4},"end":{"line":62,"column":5}},"type":"if","locations":[{"start":{"line":60,"column":4},"end":{"line":62,"column":5}},{"start":{},"end":{}}]},"5":{"loc":{"start":{"line":60,"column":8},"end":{"line":60,"column":37}},"type":"binary-expr","locations":[{"start":{"line":60,"column":8},"end":{"line":60,"column":16}},{"start":{"line":60,"column":20},"end":{"line":60,"column":37}}]},"6":{"loc":
[...]
,"/Users/tompark/Desktop/bus-assinging-2/packages/backend/src/utils/logger.ts": {"path":"/Users/tompark/Desktop/bus-assinging-2/packages/backend/src/utils/logger.ts","statementMap":{"0":{"start":{"line":1,"column":0},"end":{"line":1,"column":30}},"1":{"start":{"line":2,"column":0},"end":{"line":2,"column":48}},"2":{"start":{"line":4,"column":0},"end":{"line":4,"column":26}},"3":{"start":{"line":5,"column":0},"end":{"line":5,"column":26}},"4":{"start":{"line":7,"column":57},"end":{"line":7,"column":71}},"5":{"start":{"line":9,"column":18},"end":{"line":12,"column":2}},"6":{"start":{"line":10,"column":18},"end":{"line":10,"column":76}},"7":{"start":{"line":11,"column":2},"end":{"line":11,"column":65}},"8":{"start":{"line":20,"column":4},"end":{"line":20,"column":42}},"9":{"start":{"line":21,"column":4},"end":{"line":21,"column":38}},"10":{"start":{"line":25,"column":4},"end":{"line":25,"column":50}},"11":{"start":{"line":25,"column":23},"end":{"line":25,"column":48}},"12":{"start":{"line":27,"column":17},"end":{"line":27,"column":81}},"13":{"start":{"line":28,"column":4},"end":{"line":42,"column":5}},"14":{"start":{"line":29,"column":18},"end":{"line":29,"column":42}},"15":{"start":{"line":30,"column":19},"end":{"line":30,"column":43}},"16":{"start":{"line":31,"column":18},"end":{"line":36,"column":8}},"17":{"start":{"line":37,"column":6},"end":{"line":37,"column":32}},"18":{"start":{"line":38,"column":6},"end":{"line":38,"column":22}},"19":{"start":{"line":39,"column":6},"end":{"line":39,"column":16}},"20":{"start":{"line":44,"column":4},"end":{"line":44,"column":15}},"21":{"start":{"line":49,"column":40},"end":{"line":64,"column":2}},"22":{"start":{"line":67,"column":0},"end":{"line":71,"column":1}},"23":{"start":{"line":68,"column":2},"end":{"line":70,"column":4}},"24":{"start":{"line":73,"column":15},"end":{"line":81,"column":2}},"25":{"start":{"line":83,"column":0},"end":{"line":83,"column":22}}},"fnMap":{"0":{"name":"(anonymous_1)","decl":{"start":{"line":9,"column":25},"end":{"line":9,"column":26}},"loc":{"start":{"line":9,"column":75},"end":{"line":12,"column":1}}},"1":{"name":"(anonymous_2)","decl":{"start":{"line":19,"column":2},"end":{"line":19,"column":14}},"loc":{"start":{"line":19,"column":67},"end":{"line":22,"column":3}}},"2":{"name":"(anonymous_3)","decl":{"start":{"line":24,"column":2},"end":{"line":24,"column":5}},"loc":{"start":{"line":24,"column":84},"end":{"line":45,"column":3}}},"3":{"name":"(anonymous_4)","decl":{"start":{"line":25,"column":17},"end":{"line":25,"column":20}},"loc":{"start":{"line":25,"column":23},"end":{"line":25,"column":48}}},"4":{"name":"(anonymous_5)","decl":{"start":{"line":37,"column":22},"end":{"line":37,"column":25}},"loc":{"start":{"line":37,"column":27},"end":{"line":37,"column":30}}}},"branchMap":{"0":{"loc":{"start":{"line":10,"column":18},"end":{"line":10,"column":76}},"type":"cond-expr","locations":[{"start":{"line":10,"column":45},"end":{"line":10,"column":71}},{"start":{"line":10,"column":74},"end":{"line":10,"column":76}}]},"1":{"loc":{"start":{"line":11,"column":36},"end":{"line":11,"column":52}},"type":"binary-expr","locations":[{"start":{"line":11,"column":36},"end":{"line":11,"column":41}},{"start":{"line":11,"column":45},"end":{"line":11,"column":52}}]},"2":{"loc":{"start":{"line":27,"column":47},"end":{"line":27,"column":73}},"type":"binary-expr","locations":[{"start":{"line":27,"column":47},"end":{"line":27,"column":57}},{"start":{"line":27,"column":61},"end":{"line":27,"column":73}}]},"3":{"loc":{"start":{"line":67,"column":0},"end":{"line":71,"column":1}},"type":"if","locations":[{"start":{"line":67,"column":0},"end":{"line":71,"column":1}},{"start":{},"end":{}}]},"4":{"loc":{"start":{"line":74,"column":9},"end":{"line":74,"column":65}},"type":"cond-expr","locations":[{"start":{"line":74,"column":49},"end":{"line":74,"column":55}},{"start":{"line":74,"column":58},"end":{"line":74,"column":65}}]}},"s":{"0":12,"1":12,"2":12,"3":12,"4":12,"5":12,"6":194,"7":194,"8":0,"9":0,"10":0,"11":0,"12":0,"13":0,"14":0,"15":0,"16":0,"17":0,"18":0,"19":0,"20":0,"21":12,"22":12,"23":0,"24":12,"25":12},"f":{"0":194,"1":0,"2":0,"3":0,"4":0},"b":{"0":[20,174],"1":[194,178],"2":[0,0],"3":[0,12],"4":[0,12]}}
,"/Users/tompark/Desktop/bus-assinging-2/packages/backend/src/utils/paginate.ts": {"path":"/Users/tompark/Desktop/bus-assinging-2/packages/backend/src/utils/paginate.ts","statementMap":{"0":{"start":{"line":22,"column":0},"end":{"line":22,"column":16}},"1":{"start":{"line":29,"column":0},"end":{"line":29,"column":16}},"2":{"start":{"line":23,"column":15},"end":{"line":23,"column":67}},"3":{"start":{"line":24,"column":16},"end":{"line":24,"column":100}},"4":{"start":{"line":25,"column":15},"end":{"line":25,"column":33}},"5":{"start":{"line":26,"column":2},"end":{"line":26,"column":44}},"6":{"start":{"line":34,"column":21},"end":{"line":34,"column":45}},"7":{"start":{"line":35,"column":2},"end":{"line":45,"column":4}}},"fnMap":{"0":{"name":"parsePagination","decl":{"start":{"line":22,"column":16},"end":{"line":22,"column":31}},"loc":{"start":{"line":22,"column":79},"end":{"line":27,"column":1}}},"1":{"name":"buildPaginatedResponse","decl":{"start":{"line":29,"column":16},"end":{"line":29,"column":38}},"loc":{"start":{"line":32,"column":35},"end":{"line":46,"column":1}}}},"branchMap":{"0":{"loc":{"start":{"line":22,"column":46},"end":{"line":22,"column":63}},"type":"default-arg","locations":[{"start":{"line":22,"column":61},"end":{"line":22,"column":63}}]},"1":{"loc":{"start":{"line":22,"column":65},"end":{"line":22,"column":79}},"type":"default-arg","locations":[{"start":{"line":22,"column":76},"end":{"line":22,"column":79}}]},"2":{"loc":{"start":{"line":23,"column":27},"end":{"line":23,"column":66}},"type":"binary-expr","locations":[{"start":{"line":23,"column":27},"end":{"line":23,"column":61}},{"start":{"line":23,"column":65},"end":{"line":23,"column":66}}]},"3":{"loc":{"start":{"line":24,"column":47},"end":{"line":24,"column":98}},"type":"binary-expr","locations":[{"start":{"line":24,"column":47},"end":{"line":24,"column":82}},{"start":{"line":24,"column":86},"end":{"line":24,"column":98}}]}},"s":{"0":0,"1":0,"2":0,"3":0,"4":0,"5":0,"6":0,"7":0},"f":{"0":0,"1":0},"b":{"0":[0],"1":[0],"2":[0,0],"3":[0,0]}}
,"/Users/tompark/Desktop/bus-assinging-2/packages/backend/src/utils/pagination.ts": {"path":"/Users/tompark/Desktop/bus-assinging-2/packages/backend/src/utils/pagination.ts","statementMap":{"0":{"start":{"line":9,"column":0},"end":{"line":9,"column":16}},"1":{"start":{"line":16,"column":0},"end":{"line":16,"column":16}},"2":{"start":{"line":10,"column":15},"end":{"line":10,"column":67}},"3":{"start":{"line":11,"column":16},"end":{"line":11,"column":85}},"4":{"start":{"line":12,"column":15},"end":{"line":12,"column":33}},"5":{"start":{"line":13,"column":2},"end":{"line":13,"column":31}},"6":{"start":{"line":17,"column":2},"end":{"line":27,"column":4}}},"fnMap":{"0":{"name":"getPagination","decl":{"start":{"line":9,"column":16},"end":{"line":9,"column":29}},"loc":{"start":{"line":9,"column":42},"end":{"line":14,"column":1}}},"1":{"name":"paginatedResponse","decl":{"start":{"line":16,"column":16},"end":{"line":16,"column":33}},"loc":{"start":{"line":16,"column":86},"end":{"line":28,"column":1}}}},"branchMap":{"0":{"loc":{"start":{"line":10,"column":27},"end":{"line":10,"column":66}},"type":"binary-expr","locations":[{"start":{"line":10,"column":27},"end":{"line":10,"column":61}},{"start":{"line":10,"column":65},"end":{"line":10,"column":66}}]},"1":{"loc":{"start":{"line":11,"column":42},"end":{"line":11,"column":83}},"type":"binary-expr","locations":[{"start":{"line":11,"column":42},"end":{"line":11,"column":77}},{"start":{"line":11,"column":81},"end":{"line":11,"column":83}}]}},"s":{"0":14,"1":14,"2":52,"3":52,"4":52,"5":52,"6":37},"f":{"0":52,"1":37},"b":{"0":[52,36],"1":[52,40]}}
,"/Users/tompark/Desktop/bus-assinging-2/packages/backend/src/utils/prisma.ts": {"path":"/Users/tompark/Desktop/bus-assinging-2/packages/backend/src/utils/prisma.ts","statementMap":{"0":{"start":{"line":1,"column":0},"end":{"line":1,"column":46}},"1":{"start":{"line":2,"column":0},"end":{"line":2,"column":30}},"2":{"start":{"line":3,"column":0},"end":{"line":3,"column":87}},"3":{"start":{"line":11,"column":17},"end":{"line":11,"column":84}},"4":{"start":{"line":14,"column":17},"end":{"line":16,"column":4}},"5":{"start":{"line":25,"column":3},"end":{"line":47,"column":5}},"6":{"start":{"line":26,"column":29},"end":{"line":26,"column":50}},"7":{"start":{"line":28,"column":4},"end":{"line":44,"column":5}},"8":{"start":{"line":34,"column":23},"end":{"line":34,"column":63}},"9":{"start":{"line":35,"column":6},"end":{"line":43,"column":7}},"10":{"start":{"line":36,"column":20},"end":{"line":36,"column":122}},"11":{"start":{"line":37,"column":8},"end":{"line":42,"column":9}},"12":{"start":{"line":38,"column":10},"end":{"line":38,"column":27}},"13":{"start":{"line":40,"column":10},"end":{"line":40,"column":28}},"14":{"start":{"line":41,"column":10},"end":{"line":41,"column":31}},"15":{"start":{"line":46,"column":4},"end":{"line":46,"column":24}},"16":{"start":{"line":55,"column":23},"end":{"line":58,"column":4}},"17":{"start":{"line":59,"column":20},"end":{"line":59,"column":87}},"18":{"start":{"line":62,"column":3},"end":{"line":99,"column":5}},"19":{"start":{"line":63,"column":19},"end":{"line":63,"column":37}},"20":{"start":{"line":65,"column":29},"end":{"line":65,"column":50}},"21":{"start":{"line":66,"column":26},"end":{"line":66,"column":44}},"22":{"start":{"line":69,"column":4},"end":{"line":96,"column":5}},"23":{"start":{"line":76,"column":6},"end":{"line":95,"column":7}},"24":{"start":{"line":77,"column":23},"end":{"line":78,"column":60}},"25":{"start":{"line":79,"column":25},"end":{"line":79,"column":66}},"26":{"start":{"line":82,"column":8},"end":{"line":92,"column":11}},"27":{"start":{"line":91,"column":10},"end":{"line":91,"column":51}},"28":{"start":{"line":98,"column":4},"end":{"line":98,"column":18}},"29":{"start":{"line":101,"column":2},"end":{"line":101,"column":16}},"30":{"start":{"line":104,"column":13},"end":{"line":104,"column":60}},"31":{"start":{"line":106,"column":0},"end":{"line":108,"column":1}},"32":{"start":{"line":107,"column":2},"end":{"line":107,"column":25}}},"fnMap":{"0":{"name":"createPrismaClient","decl":{"start":{"line":13,"column":9},"end":{"line":13,"column":27}},"loc":{"start":{"line":13,"column":27},"end":{"line":102,"column":1}}},"1":{"name":"(anonymous_2)","decl":{"start":{"line":25,"column":23},"end":{"line":25,"column":28}},"loc":{"start":{"line":25,"column":56},"end":{"line":47,"column":3}}},"2":{"name":"(anonymous_3)","decl":{"start":{"line":62,"column":23},"end":{"line":62,"column":28}},"loc":{"start":{"line":62,"column":56},"end":{"line":99,"column":3}}},"3":{"name":"(anonymous_4)","decl":{"start":{"line":90,"column":17},"end":{"line":90,"column":18}},"loc":{"start":{"line":90,"column":34},"end":{"line":92,"column":9}}}},"branchMap":{"0":{"loc":{"start":{"line":15,"column":9},"end":{"line":15,"column":79}},"type":"cond-expr","locations":[{"start":{"line":15,"column":50},"end":{"line":15,"column":67}},{"start":{"line":15,"column":70},"end":{"line":15,"column":79}}]},"1":{"loc":{"start":{"line":28,"column":4},"end":{"line":44,"column":5}},"type":"if","locations":[{"start":{"line":28,"column":4},"end":{"line":44,"column":5}},{"start":{},"end":{}}]},"2":{"loc":{"start":{"line":29,"column":6},"end":{"line":32,"column":33}},"type":"binary-expr","locations":[{"start":{"line":29,"column":6},"end":{"line":29,"column":36}},{"start":{"line":30,"column":6},"end":{"line":30,"column":18}},{"start":{"line":31,"column":6},"end":{"line":31,"column":37}},{"start":{"line":32,"column":6},"end":{"line":32,"column":33}}]},"3":{"loc":{"start":{"line":34,"column":38},"end":{"line":34,"column":62}},"type":"binary-expr","locations":[{"start":{"line":34,"column":38},"end":{"line":34,"column":56}},{"start":{"line":34,"column":60},"end":{"line":34,"column":62}}]},"4":{"loc":{"start":{"line":35,"column":6},"end":{"line":43,"column":7}},"type":"if","locations":[{"start":{"line":35,"column":6},"end":{"line":43,"column":7}},{"start":{},"end":{}}]},"5":{"loc":{"start":{"line":37,"column":8},"end":{"line":42,"column":9}},"type":"if","locations":[{"start":{"line":37,"column":8},"end":{"line":42,"column":9}},{"start":{"line":39,"column":15},"end":{"line":42,"column":9}}]},"6":{"loc":{"start":{"line":69,"column":4},"end":{"line":96,"column":5}},"type":"if","locations":[{"start":{"line":69,"column":4},"end":{"line":96,"column":5}},{"start":{},"end":{}}]},"7":{"loc":{"start":{"line":70,"column":6},"end":{"line":74,"column":34}},"type":"binary-expr","locations":[{"start":{"line":70,"column":6},"end":{"line":70,"column":36}},{"start":{"line":71,"column":6},"end":{"line":71,"column":33}},{"start":{"line":72,"column":6},"end":{"line":72,"column":18}},{"start":{"line":73,"column":6},"end":{"line":73,"column":36}},{"start":{"line":74,"column":6},"end":{"line":74,"column":34}}]},"8":{"loc":{"start":{"line":77,"column":23},"end":{"line":78,"column":60}},"type":"cond-expr","locations":[{"start":{"line":77,"column":60},"end":{"line":77,"column":68}},{"start":{"line":78,"column":12},"end":{"line":78,"column":60}}]},"9":{"loc":{"start":{"line":78,"column":12},"end":{"line":78,"column":60}},"type":"cond-expr","locations":[{"start":{"line":78,"column":41},"end":{"line":78,"column":49}},{"start":{"line":78,"column":52},"end":{"line":78,"column":60}}]},"10":{"loc":{"start":{"line":79,"column":25},"end":{"line":79,"column":66}},"type":"binary-expr","locations":[{"start":{"line":79,"column":25},"end":{"line":79,"column":35}},{"start":{"line":79,"column":39},"end":{"line":79,"column":61}},{"start":{"line":79,"column":65},"end":{"line":79,"column":66}}]},"11":{"loc":{"start":{"line":88,"column":22},"end":{"line":88,"column":65}},"type":"cond-expr","locations":[{"start":{"line":88,"column":53},"end":{"line":88,"column":61}},{"start":{"line":88,"column":64},"end":{"line":88,"column":65}}]},"12":{"loc":{"start":{"line":104,"column":22},"end":{"line":104,"column":59}},"type":"binary-expr","locations":[{"start":{"line":104,"column":22},"end":{"line":104,"column":35}},{"start":{"line":104,"column":39},"end":{"line":104,"column":59}}]},"13":{"loc":{"start":{"line":106,"column":0},"end":{"line":108,"column":1}},"type":"if","locations":[{"start":{"line":106,"column":0},"end":{"line":108,"column":1}},{"start":{},"end":{}}]}},"s":{"0":2,"1":2,"2":2,"3":2,"4":2,"5":2,"6":1,"7":1,"8":0,"9":0,"10":0,"11":0,"12":0,"13":0,"14":0,"15":1,"16":2,"17":2,"18":2,"19":1,"20":0,"21":0,"22":0,"23":0,"24":0,"25":0,"26":0,"27":0,"28":0,"29":2,"30":2,"31":2,"32":2},"f":{"0":2,"1":1,"2":1,"3":0},"b":{"0":[0,2],"1":[0,1],"2":[1,0,0,0],"3":[0,0],"4":[0,0],"5":[0,0],"6":[0,0],"7":[0,0,0,0,0],"8":[0,0],"9":[0,0],"10":[0,0,0],"11":[0,0],"12":[2,2],"13":[2,0]}}
,"/Users/tompark/Desktop/bus-assinging-2/packages/backend/src/utils/tenantContext.ts": {"path":"/Users/tompark/Desktop/bus-assinging-2/packages/backend/src/utils/tenantContext.ts","statementMap":{"0":{"start":{"line":15,"column":0},"end":{"line":15,"column":16}},"1":{"start":{"line":19,"column":0},"end":{"line":19,"column":16}},"2":{"start":{"line":23,"column":0},"end":{"line":23,"column":16}},"3":{"start":{"line":1,"column":0},"end":{"line":1,"column":48}},"4":{"start":{"line":13,"column":16},"end":{"line":13,"column":55}},"5":{"start":{"line":16,"column":2},"end":{"line":16,"column":48}},"6":{"start":{"line":20,"column":2},"end":{"line":20,"column":39}},"7":{"start":{"line":24,"column":2},"end":{"line":24,"column":36}},"8":{"start":{"line":32,"column":13},"end":{"line":45,"column":3}}},"fnMap":{"0":{"name":"runWithCompany","decl":{"start":{"line":15,"column":16},"end":{"line":15,"column":30}},"loc":{"start":{"line":15,"column":81},"end":{"line":17,"column":1}}},"1":{"name":"getCurrentCompanyId","decl":{"start":{"line":19,"column":16},"end":{"line":19,"column":35}},"loc":{"start":{"line":19,"column":35},"end":{"line":21,"column":1}}},"2":{"name":"getCurrentUserId","decl":{"start":{"line":23,"column":16},"end":{"line":23,"column":32}},"loc":{"start":{"line":23,"column":32},"end":{"line":25,"column":1}}}},"branchMap":{},"s":{"0":3,"1":3,"2":3,"3":3,"4":3,"5":0,"6":1,"7":0,"8":3},"f":{"0":0,"1":1,"2":0},"b":{}}
,"/Users/tompark/Desktop/bus-assinging-2/packages/backend/src/utils/validateEnv.ts": {"path":"/Users/tompark/Desktop/bus-assinging-2/packages/backend/src/utils/validateEnv.ts","statementMap":{"0":{"start":{"line":14,"column":0},"end":{"line":14,"column":16}},"1":{"start":{"line":1,"column":0},"end":{"line":1,"column":30}},"2":{"start":{"line":3,"column":26},"end":{"line":7,"column":11}},"3":{"start":{"line":9,"column":17},"end":{"line":12,"column":11}},"4":{"start":{"line":15,"column":28},"end":{"line":15,"column":30}},"5":{"start":{"line":17,"column":2},"end":{"line":21,"column":3}},"6":{"start":{"line":18,"column":4},"end":{"line":20,"column":5}},"7":{"start":{"line":19,"column":6},"end":{"line":19,"column":24}},"8":{"start":{"line":23,"column":2},"end":{"line":27,"column":3}},"9":{"start":{"line":24,"column":4},"end":{"line":24,"column":63}},"10":{"start":{"line":25,"column":4},"end":{"line":25,"column":59}},"11":{"start":{"line":26,"column":4},"end":{"line":26,"column":20}},"12":{"start":{"line":30,"column":20},"end":{"line":30,"column":43}},"13":{"start":{"line":31,"column":2},"end":{"line":34,"column":3}},"14":{"start":{"line":32,"column":4},"end":{"line":32,"column":60}},"15":{"start":{"line":33,"column":4},"end":{"line":33,"column":20}},"16":{"start":{"line":35,"column":2},"end":{"line":38,"column":3}},"17":{"start":{"line":36,"column":4},"end":{"line":36,"column":61}},"18":{"start":{"line":37,"column":4},"end":{"line":37,"column":20}},"19":{"start":{"line":41,"column":2},"end":{"line":45,"column":3}},"20":{"start":{"line":42,"column":4},"end":{"line":44,"column":5}},"21":{"start":{"line":43,"column":6},"end":{"line":43,"column":61}},"22":{"start":{"line":47,"column":2},"end":{"line":47,"column":30}}},"fnMap":{"0":{"name":"validateEnv","decl":{"start":{"line":14,"column":16},"end":{"line":14,"column":27}},"loc":{"start":{"line":14,"column":27},"end":{"line":48,"column":1}}}},"branchMap":{"0":{"loc":{"start":{"line":18,"column":4},"end":{"line":20,"column":5}},"type":"if","locations":[{"start":{"line":18,"column":4},"end":{"line":20,"column":5}},{"start":{},"end":{}}]},"1":{"loc":{"start":{"line":23,"column":2},"end":{"line":27,"column":3}},"type":"if","locations":[{"start":{"line":23,"column":2},"end":{"line":27,"column":3}},{"start":{},"end":{}}]},"2":{"loc":{"start":{"line":31,"column":2},"end":{"line":34,"column":3}},"type":"if","locations":[{"start":{"line":31,"column":2},"end":{"line":34,"column":3}},{"start":{},"end":{}}]},"3":{"loc":{"start":{"line":35,"column":2},"end":{"line":38,"column":3}},"type":"if","locations":[{"start":{"line":35,"column":2},"end":{"line":38,"column":3}},{"start":{},"end":{}}]},"4":{"loc":{"start":{"line":42,"column":4},"end":{"line":44,"column":5}},"type":"if","locations":[{"start":{"line":42,"column":4},"end":{"line":44,"column":5}},{"start":{},"end":{}}]}},"s":{"0":0,"1":0,"2":0,"3":0,"4":0,"5":0,"6":0,"7":0,"8":0,"9":0,"10":0,"11":0,"12":0,"13":0,"14":0,"15":0,"16":0,"17":0,"18":0,"19":0,"20":0,"21":0,"22":0},"f":{"0":0},"b":{"0":[0,0],"1":[0,0],"2":[0,0],"3":[0,0],"4":[0,0]}}
}
