TN:
SF:src/controllers/agentDecisionController.ts
FN:27,(anonymous_1)
FN:105,(anonymous_2)
FN:138,(anonymous_3)
FN:193,(anonymous_4)
FNF:4
FNH:0
FNDA:0,(anonymous_1)
FNDA:0,(anonymous_2)
FNDA:0,(anonymous_3)
FNDA:0,(anonymous_4)
DA:17,2
DA:19,2
DA:20,2
DA:21,2
DA:27,2
DA:28,0
DA:29,0
DA:38,0
DA:40,0
DA:42,0
DA:43,0
DA:44,0
DA:46,0
DA:47,0
DA:48,0
DA:49,0
DA:50,0
DA:51,0
DA:52,0
DA:56,0
DA:57,0
DA:59,0
DA:85,0
DA:96,0
DA:97,0
DA:105,2
DA:106,0
DA:107,0
DA:108,0
DA:110,0
DA:111,0
DA:114,0
DA:123,0
DA:124,0
DA:127,0
DA:129,0
DA:130,0
DA:138,2
DA:139,0
DA:140,0
DA:141,0
DA:142,0
DA:143,0
DA:145,0
DA:146,0
DA:148,0
DA:149,0
DA:156,0
DA:160,0
DA:161,0
DA:163,0
DA:164,0
DA:167,0
DA:170,0
DA:172,0
DA:181,0
DA:183,0
DA:184,0
DA:193,2
DA:194,0
DA:195,0
DA:196,0
DA:198,0
DA:199,0
DA:201,0
DA:206,0
DA:208,0
DA:223,0
DA:224,0
DA:227,0
DA:228,0
DA:229,0
DA:230,0
DA:231,0
DA:233,0
DA:251,0
DA:252,0
LF:77
LH:8
BRDA:36,0,0,0
BRDA:37,1,0,0
BRDA:42,2,0,0
BRDA:42,2,1,0
BRDA:43,3,0,0
BRDA:43,3,1,0
BRDA:44,4,0,0
BRDA:44,4,1,0
BRDA:46,5,0,0
BRDA:46,5,1,0
BRDA:46,6,0,0
BRDA:46,6,1,0
BRDA:48,7,0,0
BRDA:48,7,1,0
BRDA:49,8,0,0
BRDA:49,8,1,0
BRDA:110,9,0,0
BRDA:110,9,1,0
BRDA:110,10,0,0
BRDA:110,10,1,0
BRDA:123,11,0,0
BRDA:123,11,1,0
BRDA:145,12,0,0
BRDA:145,12,1,0
BRDA:145,13,0,0
BRDA:145,13,1,0
BRDA:148,14,0,0
BRDA:148,14,1,0
BRDA:148,15,0,0
BRDA:148,15,1,0
BRDA:148,15,2,0
BRDA:160,16,0,0
BRDA:160,16,1,0
BRDA:163,17,0,0
BRDA:163,17,1,0
BRDA:196,18,0,0
BRDA:206,19,0,0
BRDA:206,19,1,0
BRDA:223,20,0,0
BRDA:223,20,1,0
BRDA:224,21,0,0
BRDA:224,21,1,0
BRDA:227,22,0,0
BRDA:227,22,1,0
BRDA:227,22,2,0
BRDA:229,23,0,0
BRDA:229,23,1,0
BRDA:230,24,0,0
BRDA:230,24,1,0
BRDA:231,25,0,0
BRDA:231,25,1,0
BRDA:237,26,0,0
BRDA:237,26,1,0
BRDA:244,27,0,0
BRDA:244,27,1,0
BRDA:245,28,0,0
BRDA:245,28,1,0
BRDA:245,29,0,0
BRDA:245,29,1,0
BRF:59
BRH:0
end_of_record
TN:
SF:src/controllers/approvalController.ts
FN:12,(anonymous_1)
FN:34,(anonymous_2)
FN:67,(anonymous_3)
FN:92,(anonymous_4)
FN:106,(anonymous_5)
FN:123,(anonymous_6)
FN:142,(anonymous_7)
FN:190,(anonymous_8)
FN:217,(anonymous_9)
FN:255,(anonymous_10)
FN:368,(anonymous_11)
FN:415,(anonymous_12)
FN:449,(anonymous_13)
FNF:13
FNH:10
FNDA:6,(anonymous_1)
FNDA:2,(anonymous_2)
FNDA:0,(anonymous_3)
FNDA:0,(anonymous_4)
FNDA:4,(anonymous_5)
FNDA:1,(anonymous_6)
FNDA:1,(anonymous_7)
FNDA:7,(anonymous_8)
FNDA:3,(anonymous_9)
FNDA:1,(anonymous_10)
FNDA:0,(anonymous_11)
FNDA:4,(anonymous_12)
FNDA:2,(anonymous_13)
DA:2,3
DA:4,3
DA:5,3
DA:6,3
DA:7,3
DA:8,3
DA:9,3
DA:12,3
DA:13,6
DA:14,6
DA:15,6
DA:16,6
DA:18,6
DA:20,6
DA:21,6
DA:26,6
DA:27,1
DA:28,5
DA:30,1
DA:34,2
DA:35,4
DA:36,1
DA:39,6
DA:40,6
DA:59,5
DA:61,1
DA:62,1
DA:67,3
DA:68,0
DA:69,0
DA:70,0
DA:72,0
DA:85,0
DA:86,0
DA:90,0
DA:91,0
DA:92,0
DA:93,0
DA:94,0
DA:98,0
DA:100,0
DA:101,0
DA:106,3
DA:107,4
DA:108,4
DA:110,4
DA:111,1
DA:116,3
DA:117,3
DA:118,3
DA:123,2
DA:126,2
DA:127,1
DA:130,1
DA:142,1
DA:160,1
DA:174,1
DA:182,1
DA:184,1
DA:185,1
DA:190,3
DA:191,7
DA:192,7
DA:193,7
DA:194,6
DA:196,6
DA:197,1
DA:200,5
DA:208,5
DA:209,1
DA:212,4
DA:213,1
DA:217,3
DA:218,3
DA:219,1
DA:222,2
DA:224,1
DA:240,1
DA:249,1
DA:251,1
DA:253,1
DA:255,1
DA:256,1
DA:261,1
DA:267,1
DA:268,0
DA:269,0
DA:270,0
DA:271,0
DA:272,0
DA:273,0
DA:275,0
DA:287,0
DA:291,0
DA:292,0
DA:302,0
DA:303,0
DA:304,0
DA:305,0
DA:314,0
DA:320,0
DA:322,0
DA:336,1
DA:337,0
DA:338,0
DA:347,1
DA:356,0
DA:357,0
DA:368,0
DA:369,0
DA:370,0
DA:381,2
DA:394,2
DA:407,2
DA:409,0
DA:410,0
DA:415,3
DA:416,4
DA:417,4
DA:418,4
DA:420,4
DA:424,4
DA:425,1
DA:428,3
DA:429,1
DA:432,2
DA:433,1
DA:436,1
DA:441,1
DA:443,0
DA:444,0
DA:449,3
DA:450,2
DA:451,2
DA:453,2
DA:461,1
DA:469,1
DA:474,1
DA:475,1
LF:139
LH:97
BRDA:20,0,0,1
BRDA:20,0,1,5
BRDA:21,1,0,0
BRDA:21,1,1,6
BRDA:26,2,0,1
BRDA:26,2,1,5
BRDA:28,3,0,1
BRDA:28,3,1,4
BRDA:35,4,0,1
BRDA:35,4,1,3
BRDA:70,5,0,0
BRDA:70,5,1,0
BRDA:85,6,0,0
BRDA:85,6,1,0
BRDA:90,7,0,0
BRDA:90,7,1,0
BRDA:93,8,0,0
BRDA:93,8,1,0
BRDA:93,9,0,0
BRDA:93,9,1,0
BRDA:110,10,0,1
BRDA:110,10,1,3
BRDA:110,11,0,4
BRDA:110,11,1,4
BRDA:110,11,2,3
BRDA:116,12,0,3
BRDA:116,12,1,3
BRDA:117,13,0,3
BRDA:117,13,1,0
BRDA:126,14,0,1
BRDA:126,14,1,1
BRDA:136,15,0,1
BRDA:136,15,1,1
BRDA:145,16,0,1
BRDA:145,16,1,0
BRDA:193,17,0,1
BRDA:193,17,1,6
BRDA:196,18,0,1
BRDA:196,18,1,5
BRDA:208,19,0,1
BRDA:208,19,1,4
BRDA:212,20,0,1
BRDA:212,20,1,3
BRDA:218,21,0,1
BRDA:218,21,1,2
BRDA:218,22,0,3
BRDA:218,22,1,3
BRDA:222,23,0,1
BRDA:222,23,1,1
BRDA:243,24,0,1
BRDA:243,24,1,0
BRDA:251,25,0,1
BRDA:251,25,1,0
BRDA:267,26,0,0
BRDA:267,26,1,1
BRDA:267,27,0,1
BRDA:267,27,1,1
BRDA:270,28,0,0
BRDA:270,28,1,0
BRDA:291,29,0,0
BRDA:291,29,1,0
BRDA:302,30,0,0
BRDA:302,30,1,0
BRDA:304,31,0,0
BRDA:304,31,1,0
BRDA:309,32,0,0
BRDA:309,32,1,0
BRDA:336,33,0,0
BRDA:336,33,1,1
BRDA:369,34,0,0
BRDA:369,34,1,0
BRDA:402,35,0,2
BRDA:402,35,1,1
BRDA:418,36,0,0
BRDA:418,36,1,4
BRDA:424,37,0,1
BRDA:424,37,1,3
BRDA:428,38,0,1
BRDA:428,38,1,2
BRDA:428,39,0,3
BRDA:428,39,1,1
BRDA:432,40,0,1
BRDA:432,40,1,1
BRF:83
BRH:53
end_of_record
TN:
SF:src/controllers/attendanceController.ts
FN:15,(anonymous_1)
FN:62,(anonymous_2)
FN:101,(anonymous_3)
FN:172,(anonymous_4)
FN:173,(anonymous_5)
FN:174,(anonymous_6)
FN:175,(anonymous_7)
FN:203,(anonymous_8)
FN:212,(anonymous_9)
FN:254,(anonymous_10)
FN:291,(anonymous_11)
FN:311,getWeekNumber
FNF:12
FNH:6
FNDA:3,(anonymous_1)
FNDA:3,(anonymous_2)
FNDA:0,(anonymous_3)
FNDA:0,(anonymous_4)
FNDA:0,(anonymous_5)
FNDA:0,(anonymous_6)
FNDA:0,(anonymous_7)
FNDA:3,(anonymous_8)
FNDA:3,(anonymous_9)
FNDA:3,(anonymous_10)
FNDA:3,(anonymous_11)
FNDA:0,getWeekNumber
DA:2,3
DA:4,3
DA:5,3
DA:8,3
DA:15,3
DA:16,3
DA:17,3
DA:18,3
DA:20,3
DA:21,0
DA:24,3
DA:25,3
DA:27,3
DA:31,3
DA:33,1
DA:36,1
DA:37,0
DA:39,1
DA:42,3
DA:43,3
DA:54,2
DA:56,1
DA:57,1
DA:62,3
DA:63,3
DA:64,3
DA:65,3
DA:68,3
DA:69,2
DA:70,1
DA:73,1
DA:93,1
DA:95,1
DA:96,1
DA:101,3
DA:102,0
DA:103,0
DA:104,0
DA:106,0
DA:107,0
DA:110,0
DA:111,0
DA:113,0
DA:125,0
DA:127,0
DA:128,0
DA:129,0
DA:130,0
DA:132,0
DA:133,0
DA:134,0
DA:142,0
DA:143,0
DA:154,0
DA:156,0
DA:157,0
DA:158,0
DA:159,0
DA:172,0
DA:173,0
DA:174,0
DA:175,0
DA:176,0
DA:177,0
DA:188,0
DA:197,0
DA:198,0
DA:203,3
DA:204,3
DA:205,3
DA:206,3
DA:207,3
DA:208,3
DA:209,3
DA:212,3
DA:213,3
DA:217,2
DA:218,1
DA:221,1
DA:243,1
DA:245,2
DA:246,1
DA:248,1
DA:249,1
DA:254,3
DA:255,3
DA:256,3
DA:257,3
DA:258,3
DA:259,3
DA:261,3
DA:265,3
DA:266,1
DA:269,2
DA:270,1
DA:273,1
DA:283,1
DA:285,0
DA:286,0
DA:291,3
DA:292,3
DA:293,3
DA:294,3
DA:295,3
DA:297,3
DA:301,2
DA:306,1
DA:307,1
DA:312,0
DA:313,0
DA:314,0
DA:315,0
DA:316,0
LF:113
LH:72
BRDA:20,0,0,0
BRDA:20,0,1,3
BRDA:20,1,0,3
BRDA:20,1,1,3
BRDA:20,1,2,3
BRDA:20,1,3,3
BRDA:31,2,0,1
BRDA:31,2,1,2
BRDA:36,3,0,0
BRDA:36,3,1,1
BRDA:69,4,0,1
BRDA:69,4,1,1
BRDA:79,5,0,1
BRDA:79,5,1,0
BRDA:80,6,0,1
BRDA:80,6,1,0
BRDA:81,7,0,1
BRDA:81,7,1,0
BRDA:85,8,0,1
BRDA:85,8,1,0
BRDA:86,9,0,1
BRDA:86,9,1,0
BRDA:87,10,0,1
BRDA:87,10,1,0
BRDA:106,11,0,0
BRDA:106,11,1,0
BRDA:106,12,0,0
BRDA:106,12,1,0
BRDA:106,12,2,0
BRDA:106,12,3,0
BRDA:132,13,0,0
BRDA:132,13,1,0
BRDA:133,14,0,0
BRDA:133,14,1,0
BRDA:142,15,0,0
BRDA:142,15,1,0
BRDA:158,16,0,0
BRDA:158,16,1,0
BRDA:217,17,0,1
BRDA:217,17,1,1
BRDA:245,18,0,1
BRDA:245,18,1,1
BRDA:245,19,0,2
BRDA:245,19,1,2
BRDA:265,20,0,1
BRDA:265,20,1,2
BRDA:269,21,0,1
BRDA:269,21,1,1
BRDA:303,22,0,2
BRDA:303,22,1,1
BRDA:313,23,0,0
BRDA:313,23,1,0
BRF:52
BRH:28
end_of_record
TN:
SF:src/controllers/auditController.ts
FN:7,(anonymous_1)
FNF:1
FNH:0
FNDA:0,(anonymous_1)
DA:2,2
DA:4,2
DA:5,2
DA:7,2
DA:8,0
DA:9,0
DA:10,0
DA:12,0
DA:14,0
DA:15,0
DA:16,0
DA:17,0
DA:19,0
DA:20,0
DA:21,0
DA:22,0
DA:23,0
DA:24,0
DA:25,0
DA:27,0
DA:30,0
DA:32,0
DA:45,0
DA:47,0
DA:48,0
LF:25
LH:4
BRDA:14,0,0,0
BRDA:14,0,1,0
BRDA:15,1,0,0
BRDA:15,1,1,0
BRDA:16,2,0,0
BRDA:16,2,1,0
BRDA:17,3,0,0
BRDA:17,3,1,0
BRDA:19,4,0,0
BRDA:19,4,1,0
BRDA:19,5,0,0
BRDA:19,5,1,0
BRDA:21,6,0,0
BRDA:21,6,1,0
BRDA:22,7,0,0
BRDA:22,7,1,0
BRF:16
BRH:0
end_of_record
TN:
SF:src/controllers/authController.ts
FN:14,issueAccessToken
FN:22,issueRefreshToken
FN:36,issueTokenPair
FN:42,safeUser
FN:51,(anonymous_5)
FN:111,(anonymous_6)
FN:148,(anonymous_7)
FN:183,(anonymous_8)
FN:205,(anonymous_9)
FN:227,(anonymous_10)
FN:313,(anonymous_11)
FN:354,(anonymous_12)
FN:360,(anonymous_13)
FN:401,(anonymous_14)
FN:435,(anonymous_15)
FN:456,(anonymous_16)
FNF:16
FNH:8
FNDA:2,issueAccessToken
FNDA:1,issueRefreshToken
FNDA:1,issueTokenPair
FNDA:1,safeUser
FNDA:14,(anonymous_5)
FNDA:6,(anonymous_6)
FNDA:1,(anonymous_7)
FNDA:0,(anonymous_8)
FNDA:0,(anonymous_9)
FNDA:0,(anonymous_10)
FNDA:0,(anonymous_11)
FNDA:0,(anonymous_12)
FNDA:0,(anonymous_13)
FNDA:0,(anonymous_14)
FNDA:2,(anonymous_15)
FNDA:0,(anonymous_16)
DA:2,3
DA:3,3
DA:4,3
DA:5,3
DA:6,3
DA:8,3
DA:9,3
DA:15,2
DA:23,1
DA:24,1
DA:25,1
DA:28,1
DA:32,1
DA:33,1
DA:37,1
DA:38,1
DA:39,1
DA:44,1
DA:45,1
DA:51,3
DA:52,14
DA:53,14
DA:55,14
DA:56,1
DA:59,13
DA:60,12
DA:61,7
DA:65,5
DA:75,5
DA:76,2
DA:79,3
DA:80,1
DA:83,2
DA:84,2
DA:85,1
DA:86,1
DA:89,1
DA:90,1
DA:92,1
DA:103,1
DA:104,1
DA:111,3
DA:112,6
DA:113,6
DA:114,6
DA:115,1
DA:118,5
DA:125,4
DA:128,1
DA:129,1
DA:133,3
DA:134,1
DA:135,1
DA:138,2
DA:139,1
DA:142,1
DA:143,1
DA:147,1
DA:148,1
DA:150,1
DA:152,1
DA:153,1
DA:154,1
DA:155,1
DA:156,1
DA:157,1
DA:160,0
DA:161,0
DA:164,1
DA:166,1
DA:175,1
DA:176,1
DA:183,3
DA:184,0
DA:185,0
DA:186,0
DA:187,0
DA:190,0
DA:194,0
DA:195,0
DA:197,0
DA:198,0
DA:205,3
DA:206,0
DA:207,0
DA:208,0
DA:211,0
DA:213,0
DA:214,0
DA:216,0
DA:217,0
DA:219,0
DA:220,0
DA:227,3
DA:228,0
DA:229,0
DA:231,0
DA:233,0
DA:234,0
DA:248,0
DA:251,0
DA:252,0
DA:255,0
DA:263,0
DA:264,0
DA:265,0
DA:267,0
DA:272,0
DA:273,0
DA:274,0
DA:275,0
DA:276,0
DA:277,0
DA:279,0
DA:282,0
DA:283,0
DA:284,0
DA:286,0
DA:287,0
DA:289,0
DA:290,0
DA:292,0
DA:293,0
DA:296,0
DA:297,0
DA:302,0
DA:303,0
DA:304,0
DA:306,0
DA:313,3
DA:314,0
DA:315,0
DA:316,0
DA:319,0
DA:320,0
DA:321,0
DA:322,0
DA:323,0
DA:325,0
DA:328,0
DA:329,0
DA:330,0
DA:333,0
DA:336,0
DA:338,0
DA:339,0
DA:341,0
DA:342,0
DA:344,0
DA:346,0
DA:347,0
DA:354,3
DA:355,0
DA:356,0
DA:357,0
DA:360,0
DA:361,0
DA:365,0
DA:366,0
DA:367,0
DA:370,0
DA:371,0
DA:375,0
DA:376,0
DA:377,0
DA:378,0
DA:379,0
DA:381,0
DA:384,0
DA:385,0
DA:387,0
DA:388,0
DA:393,0
DA:394,0
DA:401,3
DA:402,0
DA:403,0
DA:404,0
DA:405,0
DA:407,0
DA:408,0
DA:411,0
DA:412,0
DA:413,0
DA:416,0
DA:417,0
DA:418,0
DA:421,0
DA:422,0
DA:424,0
DA:425,0
DA:427,0
DA:428,0
DA:435,3
DA:436,2
DA:437,2
DA:446,1
DA:448,1
DA:449,1
DA:456,3
DA:457,0
DA:458,0
DA:459,0
DA:460,0
DA:462,0
DA:463,0
LF:206
LH:83
BRDA:16,0,0,2
BRDA:16,0,1,0
BRDA:24,1,0,1
BRDA:24,1,1,1
BRDA:55,2,0,1
BRDA:55,2,1,13
BRDA:55,3,0,14
BRDA:55,3,1,13
BRDA:55,3,2,13
BRDA:60,4,0,7
BRDA:60,4,1,5
BRDA:60,5,0,12
BRDA:60,5,1,6
BRDA:75,6,0,2
BRDA:75,6,1,3
BRDA:79,7,0,1
BRDA:79,7,1,2
BRDA:84,8,0,1
BRDA:84,8,1,1
BRDA:114,9,0,1
BRDA:114,9,1,5
BRDA:125,10,0,1
BRDA:125,10,1,3
BRDA:133,11,0,1
BRDA:133,11,1,2
BRDA:138,12,0,1
BRDA:138,12,1,1
BRDA:186,13,0,0
BRDA:186,13,1,0
BRDA:211,14,0,0
BRDA:211,14,1,0
BRDA:233,15,0,0
BRDA:233,15,1,0
BRDA:233,16,0,0
BRDA:233,16,1,0
BRDA:233,16,2,0
BRDA:251,17,0,0
BRDA:251,17,1,0
BRDA:267,18,0,0
BRDA:267,18,1,0
BRDA:274,19,0,0
BRDA:274,19,1,0
BRDA:276,20,0,0
BRDA:276,20,1,0
BRDA:276,21,0,0
BRDA:276,21,1,0
BRDA:283,22,0,0
BRDA:283,22,1,0
BRDA:283,23,0,0
BRDA:283,23,1,0
BRDA:284,24,0,0
BRDA:284,24,1,0
BRDA:284,25,0,0
BRDA:284,25,1,0
BRDA:286,26,0,0
BRDA:286,26,1,0
BRDA:289,27,0,0
BRDA:289,27,1,0
BRDA:292,28,0,0
BRDA:292,28,1,0
BRDA:303,29,0,0
BRDA:303,29,1,0
BRDA:303,30,0,0
BRDA:303,30,1,0
BRDA:316,31,0,0
BRDA:316,31,1,0
BRDA:320,32,0,0
BRDA:320,32,1,0
BRDA:322,33,0,0
BRDA:322,33,1,0
BRDA:322,34,0,0
BRDA:322,34,1,0
BRDA:329,35,0,0
BRDA:329,35,1,0
BRDA:329,36,0,0
BRDA:329,36,1,0
BRDA:336,37,0,0
BRDA:336,37,1,0
BRDA:357,38,0,0
BRDA:357,38,1,0
BRDA:357,39,0,0
BRDA:357,39,1,0
BRDA:365,40,0,0
BRDA:365,40,1,0
BRDA:370,41,0,0
BRDA:370,41,1,0
BRDA:376,42,0,0
BRDA:376,42,1,0
BRDA:378,43,0,0
BRDA:378,43,1,0
BRDA:378,44,0,0
BRDA:378,44,1,0
BRDA:385,45,0,0
BRDA:385,45,1,0
BRDA:385,46,0,0
BRDA:385,46,1,0
BRDA:404,47,0,0
BRDA:404,47,1,0
BRDA:404,48,0,0
BRDA:404,48,1,0
BRDA:407,49,0,0
BRDA:407,49,1,0
BRDA:412,50,0,0
BRDA:412,50,1,0
BRDA:412,51,0,0
BRDA:412,51,1,0
BRDA:417,52,0,0
BRDA:417,52,1,0
BRF:108
BRH:26
end_of_record
TN:
SF:src/controllers/busController.ts
FN:7,(anonymous_1)
FN:28,(anonymous_2)
FN:44,(anonymous_3)
FN:63,(anonymous_4)
FN:86,(anonymous_5)
FN:106,(anonymous_6)
FN:138,(anonymous_7)
FNF:7
FNH:5
FNDA:3,(anonymous_1)
FNDA:2,(anonymous_2)
FNDA:2,(anonymous_3)
FNDA:2,(anonymous_4)
FNDA:2,(anonymous_5)
FNDA:0,(anonymous_6)
FNDA:0,(anonymous_7)
DA:2,3
DA:4,3
DA:5,3
DA:7,3
DA:8,3
DA:9,3
DA:10,3
DA:11,3
DA:21,2
DA:23,1
DA:24,1
DA:28,3
DA:29,2
DA:30,2
DA:34,2
DA:35,1
DA:37,1
DA:39,0
DA:40,0
DA:44,3
DA:45,2
DA:46,2
DA:48,2
DA:56,1
DA:58,1
DA:59,1
DA:63,3
DA:64,2
DA:65,2
DA:66,2
DA:68,2
DA:69,2
DA:70,1
DA:73,1
DA:79,1
DA:81,0
DA:82,0
DA:86,3
DA:87,2
DA:88,2
DA:89,2
DA:90,2
DA:91,1
DA:94,1
DA:98,1
DA:100,0
DA:101,0
DA:106,3
DA:107,0
DA:108,0
DA:109,0
DA:110,0
DA:111,0
DA:114,0
DA:115,0
DA:116,0
DA:119,0
DA:130,0
DA:132,0
DA:133,0
DA:138,3
DA:139,0
DA:140,0
DA:154,0
DA:156,0
DA:157,0
LF:66
LH:43
BRDA:34,0,0,1
BRDA:34,0,1,1
BRDA:69,1,0,1
BRDA:69,1,1,1
BRDA:90,2,0,1
BRDA:90,2,1,1
BRDA:110,3,0,0
BRDA:110,3,1,0
BRDA:110,4,0,0
BRDA:110,4,1,0
BRDA:115,5,0,0
BRDA:115,5,1,0
BRDA:126,6,0,0
BRDA:126,6,1,0
BRDA:126,7,0,0
BRDA:126,7,1,0
BRF:16
BRH:6
end_of_record
TN:
SF:src/controllers/chatController.ts
FN:7,(anonymous_1)
FN:22,(anonymous_2)
FN:37,(anonymous_3)
FN:57,(anonymous_4)
FN:106,(anonymous_5)
FNF:5
FNH:0
FNDA:0,(anonymous_1)
FNDA:0,(anonymous_2)
FNDA:0,(anonymous_3)
FNDA:0,(anonymous_4)
FNDA:0,(anonymous_5)
DA:2,2
DA:4,2
DA:5,2
DA:7,2
DA:8,0
DA:9,0
DA:15,0
DA:17,0
DA:18,0
DA:22,2
DA:23,0
DA:24,0
DA:26,0
DA:30,0
DA:32,0
DA:33,0
DA:37,2
DA:38,0
DA:39,0
DA:46,0
DA:47,0
DA:50,0
DA:52,0
DA:53,0
DA:57,2
DA:58,0
DA:59,0
DA:60,0
DA:62,0
DA:63,0
DA:67,0
DA:70,0
DA:71,0
DA:74,0
DA:77,0
DA:78,0
DA:79,0
DA:80,0
DA:82,0
DA:93,0
DA:101,0
DA:102,0
DA:106,2
DA:107,0
DA:108,0
DA:111,0
DA:114,0
DA:115,0
DA:118,0
DA:119,0
DA:123,0
DA:125,0
DA:126,0
LF:53
LH:8
BRDA:27,0,0,0
BRDA:27,0,1,0
BRDA:46,1,0,0
BRDA:46,1,1,0
BRDA:62,2,0,0
BRDA:62,2,1,0
BRDA:70,3,0,0
BRDA:70,3,1,0
BRDA:77,4,0,0
BRDA:77,4,1,0
BRDA:77,5,0,0
BRDA:77,5,1,0
BRDA:79,6,0,0
BRDA:79,6,1,0
BRDA:114,7,0,0
BRDA:114,7,1,0
BRF:16
BRH:0
end_of_record
TN:
SF:src/controllers/companiesController.ts
FN:7,generateEmployeeId
FN:11,(anonymous_2)
FN:60,(anonymous_3)
FN:84,(anonymous_4)
FNF:4
FNH:0
FNDA:0,generateEmployeeId
FNDA:0,(anonymous_2)
FNDA:0,(anonymous_3)
FNDA:0,(anonymous_4)
DA:2,2
DA:3,2
DA:4,2
DA:5,2
DA:8,0
DA:11,2
DA:12,0
DA:13,0
DA:15,0
DA:16,0
DA:19,0
DA:20,0
DA:23,0
DA:24,0
DA:27,0
DA:28,0
DA:29,0
DA:32,0
DA:33,0
DA:34,0
DA:37,0
DA:38,0
DA:41,0
DA:46,0
DA:47,0
DA:60,0
DA:61,0
DA:64,0
DA:71,0
DA:73,0
DA:79,0
DA:80,0
DA:84,2
DA:85,0
DA:86,0
DA:87,0
DA:88,0
DA:90,0
DA:91,0
LF:39
LH:6
BRDA:15,0,0,0
BRDA:15,0,1,0
BRDA:15,1,0,0
BRDA:15,1,1,0
BRDA:15,1,2,0
BRDA:15,1,3,0
BRDA:15,1,4,0
BRDA:15,1,5,0
BRDA:19,2,0,0
BRDA:19,2,1,0
BRDA:19,3,0,0
BRDA:19,3,1,0
BRDA:19,3,2,0
BRDA:23,4,0,0
BRDA:23,4,1,0
BRDA:28,5,0,0
BRDA:28,5,1,0
BRDA:33,6,0,0
BRDA:33,6,1,0
BRDA:66,7,0,0
BRDA:66,7,1,0
BRDA:67,8,0,0
BRDA:67,8,1,0
BRF:23
BRH:0
end_of_record
TN:
SF:src/controllers/contactController.ts
FN:5,(anonymous_1)
FN:31,(anonymous_2)
FNF:2
FNH:0
FNDA:0,(anonymous_1)
FNDA:0,(anonymous_2)
DA:2,2
DA:3,2
DA:5,2
DA:6,0
DA:7,0
DA:9,0
DA:10,0
DA:13,0
DA:24,0
DA:26,0
DA:27,0
DA:31,2
DA:32,0
DA:33,0
DA:36,0
DA:38,0
DA:39,0
LF:17
LH:4
BRDA:9,0,0,0
BRDA:9,0,1,0
BRDA:9,1,0,0
BRDA:9,1,1,0
BRDA:17,2,0,0
BRDA:17,2,1,0
BRDA:18,3,0,0
BRDA:18,3,1,0
BRF:8
BRH:0
end_of_record
TN:
SF:src/controllers/dailyReportController.ts
FN:26,(anonymous_1)
FN:94,(anonymous_2)
FN:124,(anonymous_3)
FN:168,(anonymous_4)
FNF:4
FNH:0
FNDA:0,(anonymous_1)
FNDA:0,(anonymous_2)
FNDA:0,(anonymous_3)
FNDA:0,(anonymous_4)
DA:17,2
DA:19,2
DA:20,2
DA:26,2
DA:27,0
DA:28,0
DA:36,0
DA:38,0
DA:39,0
DA:40,0
DA:41,0
DA:42,0
DA:43,0
DA:44,0
DA:45,0
DA:46,0
DA:47,0
DA:51,0
DA:52,0
DA:54,0
DA:74,0
DA:85,0
DA:86,0
DA:94,2
DA:95,0
DA:96,0
DA:97,0
DA:98,0
DA:99,0
DA:102,0
DA:109,0
DA:110,0
DA:113,0
DA:115,0
DA:116,0
DA:124,2
DA:125,0
DA:126,0
DA:127,0
DA:128,0
DA:129,0
DA:130,0
DA:134,0
DA:138,0
DA:139,0
DA:141,0
DA:142,0
DA:145,0
DA:157,0
DA:159,0
DA:160,0
DA:168,2
DA:169,0
DA:170,0
DA:172,0
DA:174,0
DA:175,0
DA:181,0
DA:192,0
DA:193,0
LF:60
LH:7
BRDA:34,0,0,0
BRDA:35,1,0,0
BRDA:39,2,0,0
BRDA:39,2,1,0
BRDA:40,3,0,0
BRDA:40,3,1,0
BRDA:41,4,0,0
BRDA:41,4,1,0
BRDA:41,5,0,0
BRDA:41,5,1,0
BRDA:43,6,0,0
BRDA:43,6,1,0
BRDA:44,7,0,0
BRDA:44,7,1,0
BRDA:98,8,0,0
BRDA:98,8,1,0
BRDA:98,9,0,0
BRDA:98,9,1,0
BRDA:109,10,0,0
BRDA:109,10,1,0
BRDA:129,11,0,0
BRDA:129,11,1,0
BRDA:129,12,0,0
BRDA:129,12,1,0
BRDA:138,13,0,0
BRDA:138,13,1,0
BRDA:141,14,0,0
BRDA:141,14,1,0
BRDA:174,15,0,0
BRDA:174,15,1,0
BRF:30
BRH:0
end_of_record
TN:
SF:src/controllers/dayoffController.ts
FN:11,(anonymous_1)
FN:54,(anonymous_2)
FN:120,(anonymous_3)
FN:144,(anonymous_4)
FN:237,(anonymous_5)
FNF:5
FNH:5
FNDA:4,(anonymous_1)
FNDA:4,(anonymous_2)
FNDA:6,(anonymous_3)
FNDA:2,(anonymous_4)
FNDA:4,(anonymous_5)
DA:2,3
DA:4,3
DA:5,3
DA:6,3
DA:7,3
DA:8,3
DA:9,3
DA:11,3
DA:12,4
DA:13,4
DA:15,4
DA:18,4
DA:19,1
DA:20,3
DA:22,0
DA:25,0
DA:26,0
DA:28,0
DA:31,4
DA:33,4
DA:34,4
DA:47,3
DA:49,1
DA:50,1
DA:54,3
DA:55,4
DA:56,4
DA:58,4
DA:59,1
DA:62,3
DA:65,3
DA:66,3
DA:67,3
DA:68,0
DA:72,3
DA:81,2
DA:82,1
DA:85,1
DA:98,1
DA:103,1
DA:104,1
DA:113,1
DA:115,1
DA:116,1
DA:120,3
DA:121,6
DA:122,6
DA:123,6
DA:124,5
DA:126,5
DA:127,1
DA:130,4
DA:131,4
DA:132,1
DA:134,3
DA:135,1
DA:138,2
DA:141,2
DA:144,2
DA:145,2
DA:151,2
DA:152,1
DA:153,1
DA:155,1
DA:159,1
DA:160,0
DA:170,0
DA:171,0
DA:172,0
DA:173,0
DA:182,0
DA:187,0
DA:188,0
DA:194,2
DA:198,2
DA:199,0
DA:200,0
DA:209,2
DA:212,2
DA:223,2
DA:230,2
DA:232,0
DA:233,0
DA:237,3
DA:238,4
DA:239,4
DA:240,4
DA:242,4
DA:244,4
DA:245,1
DA:249,3
DA:250,1
DA:253,2
DA:254,1
DA:257,1
DA:259,1
DA:261,0
DA:262,0
LF:98
LH:79
BRDA:18,0,0,1
BRDA:18,0,1,3
BRDA:20,1,0,0
BRDA:20,1,1,3
BRDA:25,2,0,0
BRDA:25,2,1,0
BRDA:31,3,0,1
BRDA:31,3,1,3
BRDA:58,4,0,1
BRDA:58,4,1,3
BRDA:67,5,0,0
BRDA:67,5,1,3
BRDA:81,6,0,1
BRDA:81,6,1,1
BRDA:123,7,0,1
BRDA:123,7,1,5
BRDA:126,8,0,1
BRDA:126,8,1,4
BRDA:131,9,0,1
BRDA:131,9,1,3
BRDA:134,10,0,1
BRDA:134,10,1,2
BRDA:151,11,0,1
BRDA:151,11,1,1
BRDA:159,12,0,0
BRDA:159,12,1,1
BRDA:170,13,0,0
BRDA:170,13,1,0
BRDA:172,14,0,0
BRDA:172,14,1,0
BRDA:177,15,0,0
BRDA:177,15,1,0
BRDA:198,16,0,0
BRDA:198,16,1,2
BRDA:214,17,0,1
BRDA:214,17,1,1
BRDA:215,18,0,1
BRDA:215,18,1,1
BRDA:216,19,0,0
BRDA:216,19,1,1
BRDA:217,20,0,1
BRDA:217,20,1,0
BRDA:218,21,0,1
BRDA:218,21,1,1
BRDA:240,22,0,0
BRDA:240,22,1,4
BRDA:244,23,0,1
BRDA:244,23,1,3
BRDA:249,24,0,1
BRDA:249,24,1,2
BRDA:249,25,0,3
BRDA:249,25,1,1
BRDA:253,26,0,1
BRDA:253,26,1,1
BRF:54
BRH:39
end_of_record
TN:
SF:src/controllers/dmController.ts
FN:9,(anonymous_1)
FN:56,(anonymous_2)
FN:69,(anonymous_3)
FN:119,(anonymous_4)
FN:183,(anonymous_5)
FN:199,(anonymous_6)
FNF:6
FNH:4
FNDA:3,(anonymous_1)
FNDA:0,(anonymous_2)
FNDA:2,(anonymous_3)
FNDA:6,(anonymous_4)
FNDA:3,(anonymous_5)
FNDA:0,(anonymous_6)
DA:2,3
DA:4,3
DA:5,3
DA:6,3
DA:9,3
DA:10,3
DA:11,3
DA:12,3
DA:15,3
DA:28,2
DA:35,2
DA:36,2
DA:37,2
DA:39,2
DA:40,1
DA:49,2
DA:50,1
DA:51,1
DA:55,2
DA:56,0
DA:58,2
DA:59,2
DA:61,2
DA:63,1
DA:64,1
DA:69,3
DA:70,2
DA:71,2
DA:72,2
DA:73,2
DA:74,2
DA:76,2
DA:84,2
DA:98,1
DA:108,1
DA:113,1
DA:114,1
DA:119,3
DA:120,6
DA:121,6
DA:122,6
DA:123,6
DA:125,6
DA:126,2
DA:130,4
DA:134,3
DA:135,1
DA:138,2
DA:152,2
DA:153,1
DA:154,1
DA:169,2
DA:175,2
DA:177,1
DA:178,1
DA:183,3
DA:184,3
DA:185,3
DA:187,3
DA:191,2
DA:193,1
DA:194,1
DA:199,3
DA:200,0
DA:201,0
DA:202,0
DA:204,0
DA:210,0
DA:212,0
DA:213,0
LF:70
LH:62
BRDA:36,0,0,1
BRDA:36,0,1,1
BRDA:37,1,0,1
BRDA:37,1,1,1
BRDA:39,2,0,1
BRDA:39,2,1,1
BRDA:49,3,0,1
BRDA:49,3,1,1
BRDA:49,4,0,2
BRDA:49,4,1,1
BRDA:125,5,0,2
BRDA:125,5,1,4
BRDA:125,6,0,6
BRDA:125,6,1,5
BRDA:134,7,0,1
BRDA:134,7,1,2
BRDA:152,8,0,1
BRDA:152,8,1,1
BRF:18
BRH:18
end_of_record
TN:
SF:src/controllers/driverPreferenceController.ts
FN:6,(anonymous_1)
FN:23,(anonymous_2)
FN:43,(anonymous_3)
FN:56,(anonymous_4)
FN:58,(anonymous_5)
FN:63,(anonymous_6)
FN:72,(anonymous_7)
FN:76,(anonymous_8)
FNF:8
FNH:0
FNDA:0,(anonymous_1)
FNDA:0,(anonymous_2)
FNDA:0,(anonymous_3)
FNDA:0,(anonymous_4)
FNDA:0,(anonymous_5)
FNDA:0,(anonymous_6)
FNDA:0,(anonymous_7)
FNDA:0,(anonymous_8)
DA:2,2
DA:4,2
DA:6,2
DA:7,0
DA:8,0
DA:16,0
DA:18,0
DA:19,0
DA:23,2
DA:24,0
DA:25,0
DA:36,0
DA:38,0
DA:39,0
DA:43,2
DA:44,0
DA:45,0
DA:47,0
DA:48,0
DA:51,0
DA:52,0
DA:56,0
DA:57,0
DA:58,0
DA:59,0
DA:63,0
DA:64,0
DA:67,0
DA:68,0
DA:72,0
DA:73,0
DA:75,0
DA:77,0
DA:91,0
DA:93,0
DA:94,0
LF:36
LH:5
BRDA:47,0,0,0
BRDA:47,0,1,0
BRDA:47,1,0,0
BRDA:47,1,1,0
BRDA:51,2,0,0
BRDA:51,2,1,0
BRDA:58,3,0,0
BRDA:58,3,1,0
BRDA:58,4,0,0
BRDA:58,4,1,0
BRDA:58,5,0,0
BRDA:58,5,1,0
BRDA:67,6,0,0
BRDA:67,6,1,0
BRF:14
BRH:0
end_of_record
TN:
SF:src/controllers/driverTagController.ts
FN:6,(anonymous_1)
FN:24,(anonymous_2)
FN:72,(anonymous_3)
FNF:3
FNH:0
FNDA:0,(anonymous_1)
FNDA:0,(anonymous_2)
FNDA:0,(anonymous_3)
DA:2,2
DA:4,2
DA:6,2
DA:7,0
DA:8,0
DA:17,0
DA:19,0
DA:20,0
DA:24,2
DA:25,0
DA:26,0
DA:28,0
DA:29,0
DA:33,0
DA:36,0
DA:37,0
DA:41,0
DA:42,0
DA:45,0
DA:46,0
DA:50,0
DA:65,0
DA:67,0
DA:68,0
DA:72,2
DA:73,0
DA:74,0
DA:75,0
DA:76,0
DA:79,0
DA:82,0
DA:83,0
DA:86,0
DA:88,0
DA:90,0
DA:91,0
LF:36
LH:5
BRDA:28,0,0,0
BRDA:28,0,1,0
BRDA:28,1,0,0
BRDA:28,1,1,0
BRDA:36,2,0,0
BRDA:36,2,1,0
BRDA:41,3,0,0
BRDA:41,3,1,0
BRDA:45,4,0,0
BRDA:45,4,1,0
BRDA:55,5,0,0
BRDA:55,5,1,0
BRDA:56,6,0,0
BRDA:56,6,1,0
BRDA:75,7,0,0
BRDA:75,7,1,0
BRDA:75,8,0,0
BRDA:75,8,1,0
BRDA:82,9,0,0
BRDA:82,9,1,0
BRF:20
BRH:0
end_of_record
TN:
SF:src/controllers/emergencyController.ts
FN:12,(anonymous_1)
FN:47,(anonymous_2)
FN:114,(anonymous_3)
FN:139,(anonymous_4)
FN:161,(anonymous_5)
FN:212,(anonymous_6)
FN:242,(anonymous_7)
FNF:7
FNH:7
FNDA:3,(anonymous_1)
FNDA:8,(anonymous_2)
FNDA:1,(anonymous_3)
FNDA:4,(anonymous_4)
FNDA:1,(anonymous_5)
FNDA:1,(anonymous_6)
FNDA:3,(anonymous_7)
DA:2,3
DA:4,3
DA:5,3
DA:6,3
DA:7,3
DA:8,3
DA:9,3
DA:10,3
DA:12,3
DA:13,3
DA:14,3
DA:16,3
DA:18,3
DA:22,3
DA:23,3
DA:40,2
DA:42,1
DA:43,1
DA:47,3
DA:48,8
DA:49,8
DA:51,8
DA:52,1
DA:56,7
DA:61,6
DA:62,2
DA:66,4
DA:67,1
DA:70,3
DA:71,1
DA:75,2
DA:76,2
DA:77,1
DA:81,1
DA:98,1
DA:107,1
DA:112,1
DA:113,1
DA:114,1
DA:122,1
DA:128,1
DA:134,1
DA:135,1
DA:139,3
DA:140,4
DA:141,4
DA:142,4
DA:144,3
DA:152,3
DA:153,1
DA:156,2
DA:157,1
DA:161,1
DA:162,1
DA:170,1
DA:171,0
DA:173,1
DA:180,1
DA:183,1
DA:184,0
DA:188,1
DA:189,1
DA:190,0
DA:192,1
DA:195,1
DA:198,1
DA:206,1
DA:211,1
DA:212,1
DA:220,1
DA:229,1
DA:234,0
DA:235,0
DA:237,0
DA:238,0
DA:242,3
DA:243,3
DA:244,3
DA:245,3
DA:247,3
DA:252,2
DA:253,1
DA:257,1
DA:268,1
DA:270,1
DA:271,1
LF:86
LH:79
BRDA:16,0,0,3
BRDA:16,0,1,2
BRDA:51,1,0,1
BRDA:51,1,1,7
BRDA:51,2,0,8
BRDA:51,2,1,8
BRDA:61,3,0,2
BRDA:61,3,1,4
BRDA:61,4,0,6
BRDA:61,4,1,5
BRDA:66,5,0,1
BRDA:66,5,1,3
BRDA:66,6,0,4
BRDA:66,6,1,4
BRDA:70,7,0,1
BRDA:70,7,1,2
BRDA:76,8,0,1
BRDA:76,8,1,1
BRDA:142,9,0,1
BRDA:142,9,1,3
BRDA:152,10,0,1
BRDA:152,10,1,2
BRDA:152,11,0,3
BRDA:152,11,1,2
BRDA:156,12,0,1
BRDA:156,12,1,1
BRDA:170,13,0,0
BRDA:170,13,1,1
BRDA:183,14,0,0
BRDA:183,14,1,1
BRDA:183,15,0,1
BRDA:183,15,1,1
BRDA:234,16,0,0
BRDA:234,16,1,0
BRDA:234,17,0,0
BRDA:234,17,1,0
BRDA:245,18,0,0
BRDA:245,18,1,3
BRDA:252,19,0,1
BRDA:252,19,1,1
BRDA:252,20,0,2
BRDA:252,20,1,1
BRF:42
BRH:35
end_of_record
TN:
SF:src/controllers/errorReportController.ts
FN:4,(anonymous_1)
FNF:1
FNH:0
FNDA:0,(anonymous_1)
DA:2,2
DA:4,2
DA:5,0
DA:7,0
DA:8,0
DA:9,0
DA:12,0
DA:23,0
LF:8
LH:2
BRDA:7,0,0,0
BRDA:7,0,1,0
BRF:2
BRH:0
end_of_record
TN:
SF:src/controllers/goldenTicketController.ts
FN:12,(anonymous_1)
FN:26,(anonymous_2)
FN:49,(anonymous_3)
FN:86,(anonymous_4)
FNF:4
FNH:1
FNDA:1,(anonymous_1)
FNDA:0,(anonymous_2)
FNDA:0,(anonymous_3)
FNDA:0,(anonymous_4)
DA:2,3
DA:4,3
DA:5,3
DA:7,3
DA:12,3
DA:13,1
DA:14,1
DA:16,1
DA:26,3
DA:27,0
DA:28,0
DA:30,0
DA:34,0
DA:42,0
DA:44,0
DA:45,0
DA:49,3
DA:50,0
DA:51,0
DA:52,0
DA:53,0
DA:56,0
DA:57,0
DA:58,0
DA:61,0
DA:65,0
DA:66,0
DA:69,0
DA:70,0
DA:73,0
DA:74,0
DA:77,0
DA:78,0
DA:79,0
DA:80,0
DA:81,0
DA:84,0
DA:86,0
DA:88,0
DA:94,0
DA:106,0
DA:110,0
DA:111,0
DA:121,0
DA:122,0
DA:123,0
DA:124,0
DA:133,0
DA:138,0
DA:145,0
DA:146,0
DA:147,0
DA:156,0
DA:158,0
DA:159,0
LF:55
LH:10
BRDA:30,0,0,0
BRDA:30,0,1,0
BRDA:52,1,0,0
BRDA:52,1,1,0
BRDA:52,2,0,0
BRDA:52,2,1,0
BRDA:57,3,0,0
BRDA:57,3,1,0
BRDA:65,4,0,0
BRDA:65,4,1,0
BRDA:69,5,0,0
BRDA:69,5,1,0
BRDA:73,6,0,0
BRDA:73,6,1,0
BRDA:110,7,0,0
BRDA:110,7,1,0
BRDA:121,8,0,0
BRDA:121,8,1,0
BRDA:123,9,0,0
BRDA:123,9,1,0
BRDA:145,10,0,0
BRDA:145,10,1,0
BRF:22
BRH:0
end_of_record
TN:
SF:src/controllers/inspectionController.ts
FN:26,(anonymous_10)
FN:31,(anonymous_11)
FN:64,(anonymous_12)
FN:80,(anonymous_13)
FN:107,(anonymous_14)
FN:109,(anonymous_15)
FN:125,(anonymous_16)
FNF:7
FNH:0
FNDA:0,(anonymous_10)
FNDA:0,(anonymous_11)
FNDA:0,(anonymous_12)
FNDA:0,(anonymous_13)
FNDA:0,(anonymous_14)
FNDA:0,(anonymous_15)
FNDA:0,(anonymous_16)
DA:2,2
DA:4,2
DA:5,2
DA:8,2
DA:26,2
DA:27,0
DA:31,2
DA:32,0
DA:33,0
DA:34,0
DA:36,0
DA:37,0
DA:38,0
DA:39,0
DA:41,0
DA:42,0
DA:56,0
DA:58,0
DA:59,0
DA:64,2
DA:65,0
DA:66,0
DA:67,0
DA:68,0
DA:70,0
DA:71,0
DA:75,0
DA:76,0
DA:79,0
DA:80,0
DA:81,0
DA:83,0
DA:102,0
DA:103,0
DA:107,0
DA:108,0
DA:109,0
DA:117,0
DA:119,0
DA:120,0
DA:125,2
DA:126,0
DA:127,0
DA:128,0
DA:130,0
DA:131,0
DA:133,0
DA:141,0
DA:146,0
DA:148,0
DA:158,0
DA:159,0
LF:52
LH:8
BRDA:37,0,0,0
BRDA:37,0,1,0
BRDA:38,1,0,0
BRDA:38,1,1,0
BRDA:39,2,0,0
BRDA:39,2,1,0
BRDA:70,3,0,0
BRDA:70,3,1,0
BRDA:70,4,0,0
BRDA:70,4,1,0
BRDA:70,4,2,0
BRDA:76,5,0,0
BRDA:76,5,1,0
BRDA:81,6,0,0
BRDA:81,6,1,0
BRDA:88,7,0,0
BRDA:88,7,1,0
BRDA:88,8,0,0
BRDA:88,8,1,0
BRDA:102,9,0,0
BRDA:102,9,1,0
BRDA:152,10,0,0
BRDA:152,10,1,0
BRDA:154,11,0,0
BRDA:154,11,1,0
BRF:25
BRH:0
end_of_record
TN:
SF:src/controllers/maintenanceController.ts
FN:8,listMaintenance
FN:38,createMaintenance
FN:64,updateMaintenance
FN:91,deleteMaintenance
FNF:4
FNH:0
FNDA:0,listMaintenance
FNDA:0,createMaintenance
FNDA:0,updateMaintenance
FNDA:0,deleteMaintenance
DA:2,2
DA:5,2
DA:8,2
DA:9,0
DA:10,0
DA:12,0
DA:17,0
DA:18,0
DA:31,0
DA:33,0
DA:38,2
DA:39,0
DA:40,0
DA:41,0
DA:42,0
DA:45,0
DA:57,0
DA:59,0
DA:64,2
DA:65,0
DA:66,0
DA:67,0
DA:69,0
DA:70,0
DA:71,0
DA:74,0
DA:84,0
DA:86,0
DA:91,2
DA:92,0
DA:93,0
DA:95,0
DA:96,0
DA:97,0
DA:100,0
DA:101,0
DA:103,0
LF:37
LH:6
BRDA:14,0,0,0
BRDA:14,0,1,0
BRDA:15,1,0,0
BRDA:15,1,1,0
BRDA:41,2,0,0
BRDA:41,2,1,0
BRDA:41,3,0,0
BRDA:41,3,1,0
BRDA:41,3,2,0
BRDA:52,4,0,0
BRDA:52,4,1,0
BRDA:70,5,0,0
BRDA:70,5,1,0
BRDA:77,6,0,0
BRDA:77,6,1,0
BRDA:78,7,0,0
BRDA:78,7,1,0
BRDA:79,8,0,0
BRDA:79,8,1,0
BRDA:96,9,0,0
BRDA:96,9,1,0
BRF:21
BRH:0
end_of_record
TN:
SF:src/controllers/notificationController.ts
FN:7,(anonymous_1)
FN:29,(anonymous_2)
FN:43,(anonymous_3)
FNF:3
FNH:0
FNDA:0,(anonymous_1)
FNDA:0,(anonymous_2)
FNDA:0,(anonymous_3)
DA:2,2
DA:4,2
DA:5,2
DA:7,2
DA:8,0
DA:9,0
DA:10,0
DA:11,0
DA:22,0
DA:24,0
DA:25,0
DA:29,2
DA:30,0
DA:31,0
DA:36,0
DA:38,0
DA:39,0
DA:43,2
DA:44,0
DA:45,0
DA:50,0
DA:52,0
DA:53,0
LF:23
LH:6
BRF:0
BRH:0
end_of_record
TN:
SF:src/controllers/onboardingController.ts
FN:13,serialToDateStr
FN:22,cleanCell
FN:32,buildCellMap
FN:64,parseWorkbook
FN:90,(anonymous_14)
FN:104,safeParseJson
FN:136,analyzeWithClaude
FN:229,(anonymous_17)
FN:242,(anonymous_18)
FN:276,(anonymous_19)
FN:286,(anonymous_20)
FN:293,(anonymous_21)
FN:322,(anonymous_22)
FN:326,(anonymous_23)
FN:330,(anonymous_24)
FN:331,(anonymous_25)
FN:334,(anonymous_26)
FN:336,(anonymous_27)
FN:339,(anonymous_28)
FN:349,(anonymous_29)
FN:350,(anonymous_30)
FN:353,(anonymous_31)
FN:355,(anonymous_32)
FN:358,(anonymous_33)
FN:384,(anonymous_34)
FN:385,(anonymous_35)
FN:393,(anonymous_36)
FN:395,(anonymous_37)
FN:399,(anonymous_38)
FN:419,(anonymous_39)
FN:426,(anonymous_40)
FN:435,(anonymous_41)
FN:482,(anonymous_42)
FNF:33
FNH:0
FNDA:0,serialToDateStr
FNDA:0,cleanCell
FNDA:0,buildCellMap
FNDA:0,parseWorkbook
FNDA:0,(anonymous_14)
FNDA:0,safeParseJson
FNDA:0,analyzeWithClaude
FNDA:0,(anonymous_17)
FNDA:0,(anonymous_18)
FNDA:0,(anonymous_19)
FNDA:0,(anonymous_20)
FNDA:0,(anonymous_21)
FNDA:0,(anonymous_22)
FNDA:0,(anonymous_23)
FNDA:0,(anonymous_24)
FNDA:0,(anonymous_25)
FNDA:0,(anonymous_26)
FNDA:0,(anonymous_27)
FNDA:0,(anonymous_28)
FNDA:0,(anonymous_29)
FNDA:0,(anonymous_30)
FNDA:0,(anonymous_31)
FNDA:0,(anonymous_32)
FNDA:0,(anonymous_33)
FNDA:0,(anonymous_34)
FNDA:0,(anonymous_35)
FNDA:0,(anonymous_36)
FNDA:0,(anonymous_37)
FNDA:0,(anonymous_38)
FNDA:0,(anonymous_39)
FNDA:0,(anonymous_40)
FNDA:0,(anonymous_41)
FNDA:0,(anonymous_42)
DA:2,2
DA:3,2
DA:4,2
DA:6,2
DA:8,2
DA:14,0
DA:15,0
DA:16,0
DA:23,0
DA:24,0
DA:25,0
DA:26,0
DA:33,0
DA:35,0
DA:36,0
DA:37,0
DA:38,0
DA:39,0
DA:41,0
DA:45,0
DA:46,0
DA:47,0
DA:48,0
DA:49,0
DA:50,0
DA:51,0
DA:52,0
DA:58,0
DA:65,0
DA:72,0
DA:74,0
DA:75,0
DA:76,0
DA:78,0
DA:79,0
DA:80,0
DA:82,0
DA:83,0
DA:85,0
DA:86,0
DA:87,0
DA:88,0
DA:90,0
DA:91,0
DA:95,0
DA:98,0
DA:105,0
DA:106,0
DA:107,0
DA:108,0
DA:109,0
DA:110,0
DA:111,0
DA:112,0
DA:115,0
DA:134,2
DA:139,0
DA:140,0
DA:141,0
DA:142,0
DA:143,0
DA:144,0
DA:145,0
DA:148,0
DA:149,0
DA:150,0
DA:151,0
DA:156,0
DA:159,0
DA:161,0
DA:162,0
DA:163,0
DA:219,0
DA:220,0
DA:221,0
DA:223,0
DA:224,0
DA:225,0
DA:226,0
DA:227,0
DA:228,0
DA:229,0
DA:230,0
DA:232,0
DA:235,0
DA:242,2
DA:243,0
DA:244,0
DA:245,0
DA:250,0
DA:251,0
DA:253,0
DA:254,0
DA:260,0
DA:261,0
DA:265,0
DA:267,0
DA:270,0
DA:271,0
DA:272,0
DA:273,0
DA:276,0
DA:286,0
DA:293,0
DA:299,0
DA:300,0
DA:304,0
DA:309,0
DA:310,0
DA:311,0
DA:312,0
DA:314,0
DA:322,2
DA:323,0
DA:324,0
DA:325,0
DA:326,0
DA:329,0
DA:330,0
DA:331,0
DA:332,0
DA:334,0
DA:336,0
DA:337,0
DA:338,0
DA:339,0
DA:348,0
DA:349,0
DA:350,0
DA:351,0
DA:353,0
DA:355,0
DA:356,0
DA:357,0
DA:359,0
DA:360,0
DA:372,0
DA:373,0
DA:378,0
DA:379,0
DA:380,0
DA:383,0
DA:384,0
DA:386,0
DA:387,0
DA:389,0
DA:391,0
DA:393,0
DA:395,0
DA:398,0
DA:399,0
DA:411,0
DA:412,0
DA:418,0
DA:419,0
DA:422,0
DA:426,0
DA:428,0
DA:434,0
DA:435,0
DA:438,0
DA:439,0
DA:441,0
DA:442,0
DA:444,0
DA:445,0
DA:448,0
DA:449,0
DA:452,0
DA:453,0
DA:457,0
DA:458,0
DA:460,0
DA:462,0
DA:468,0
DA:474,0
DA:475,0
DA:482,2
DA:483,0
DA:484,0
DA:487,0
DA:493,0
DA:494,0
DA:495,0
DA:498,0
DA:503,0
DA:504,0
DA:505,0
DA:508,0
DA:513,0
DA:514,0
DA:515,0
DA:517,0
DA:519,0
DA:520,0
DA:521,0
DA:523,0
DA:524,0
LF:198
LH:9
BRDA:23,0,0,0
BRDA:23,0,1,0
BRDA:23,1,0,0
BRDA:23,1,1,0
BRDA:24,2,0,0
BRDA:24,2,1,0
BRDA:25,3,0,0
BRDA:25,3,1,0
BRDA:25,4,0,0
BRDA:25,4,1,0
BRDA:25,4,2,0
BRDA:36,5,0,0
BRDA:36,5,1,0
BRDA:38,6,0,0
BRDA:38,6,1,0
BRDA:38,7,0,0
BRDA:38,7,1,0
BRDA:38,7,2,0
BRDA:41,8,0,0
BRDA:41,8,1,0
BRDA:45,9,0,0
BRDA:45,9,1,0
BRDA:47,10,0,0
BRDA:47,10,1,0
BRDA:51,11,0,0
BRDA:51,11,1,0
BRDA:51,12,0,0
BRDA:51,12,1,0
BRDA:76,13,0,0
BRDA:76,13,1,0
BRDA:88,14,0,0
BRDA:88,14,1,0
BRDA:90,15,0,0
BRDA:90,15,1,0
BRDA:108,16,0,0
BRDA:108,16,1,0
BRDA:111,17,0,0
BRDA:111,17,1,0
BRDA:112,18,0,0
BRDA:112,18,1,0
BRDA:112,19,0,0
BRDA:112,19,1,0
BRDA:145,20,0,0
BRDA:145,20,1,0
BRDA:149,21,0,0
BRDA:149,21,1,0
BRDA:164,22,0,0
BRDA:164,22,1,0
BRDA:225,23,0,0
BRDA:225,23,1,0
BRDA:225,24,0,0
BRDA:225,24,1,0
BRDA:226,25,0,0
BRDA:226,25,1,0
BRDA:244,26,0,0
BRDA:244,26,1,0
BRDA:260,27,0,0
BRDA:260,27,1,0
BRDA:271,28,0,0
BRDA:271,28,1,0
BRDA:272,29,0,0
BRDA:272,29,1,0
BRDA:273,30,0,0
BRDA:273,30,1,0
BRDA:281,31,0,0
BRDA:281,31,1,0
BRDA:282,32,0,0
BRDA:282,32,1,0
BRDA:283,33,0,0
BRDA:283,33,1,0
BRDA:288,34,0,0
BRDA:288,34,1,0
BRDA:300,35,0,0
BRDA:300,35,1,0
BRDA:311,36,0,0
BRDA:311,36,1,0
BRDA:324,37,0,0
BRDA:324,38,0,0
BRDA:324,39,0,0
BRDA:330,40,0,0
BRDA:330,40,1,0
BRDA:331,41,0,0
BRDA:331,41,1,0
BRDA:331,42,0,0
BRDA:331,42,1,0
BRDA:337,43,0,0
BRDA:337,43,1,0
BRDA:341,44,0,0
BRDA:341,44,1,0
BRDA:341,45,0,0
BRDA:341,45,1,0
BRDA:349,46,0,0
BRDA:349,46,1,0
BRDA:350,47,0,0
BRDA:350,47,1,0
BRDA:350,47,2,0
BRDA:356,48,0,0
BRDA:356,48,1,0
BRDA:360,49,0,0
BRDA:360,49,1,0
BRDA:360,50,0,0
BRDA:360,50,1,0
BRDA:378,51,0,0
BRDA:378,51,1,0
BRDA:380,52,0,0
BRDA:380,52,1,0
BRDA:386,53,0,0
BRDA:386,53,1,0
BRDA:402,54,0,0
BRDA:402,54,1,0
BRDA:406,55,0,0
BRDA:406,55,1,0
BRDA:407,56,0,0
BRDA:407,56,1,0
BRDA:408,57,0,0
BRDA:408,57,1,0
BRDA:411,58,0,0
BRDA:411,58,1,0
BRDA:435,59,0,0
BRDA:435,59,1,0
BRDA:442,60,0,0
BRDA:442,60,1,0
BRDA:445,61,0,0
BRDA:445,61,1,0
BRDA:448,62,0,0
BRDA:448,62,1,0
BRDA:448,63,0,0
BRDA:448,63,1,0
BRDA:452,64,0,0
BRDA:452,64,1,0
BRDA:457,65,0,0
BRDA:457,65,1,0
BRF:132
BRH:0
end_of_record
TN:
SF:src/controllers/payrollController.ts
FN:23,(anonymous_10)
FN:55,(anonymous_11)
FN:93,(anonymous_12)
FN:109,(anonymous_13)
FN:117,(anonymous_14)
FN:136,(anonymous_15)
FN:152,(anonymous_16)
FN:162,(anonymous_17)
FN:188,(anonymous_18)
FN:298,(anonymous_19)
FN:314,(anonymous_20)
FN:316,(anonymous_21)
FN:329,(anonymous_22)
FN:331,(anonymous_23)
FN:395,(anonymous_24)
FN:416,(anonymous_25)
FN:456,(anonymous_26)
FN:544,(anonymous_27)
FN:545,(anonymous_28)
FN:566,(anonymous_29)
FN:588,(anonymous_30)
FN:605,(anonymous_31)
FN:687,(anonymous_32)
FN:723,(anonymous_33)
FN:740,getWorkingDays
FNF:25
FNH:10
FNDA:0,(anonymous_10)
FNDA:0,(anonymous_11)
FNDA:0,(anonymous_12)
FNDA:0,(anonymous_13)
FNDA:0,(anonymous_14)
FNDA:0,(anonymous_15)
FNDA:0,(anonymous_16)
FNDA:0,(anonymous_17)
FNDA:0,(anonymous_18)
FNDA:0,(anonymous_19)
FNDA:0,(anonymous_20)
FNDA:0,(anonymous_21)
FNDA:0,(anonymous_22)
FNDA:0,(anonymous_23)
FNDA:5,(anonymous_24)
FNDA:1,(anonymous_25)
FNDA:3,(anonymous_26)
FNDA:3,(anonymous_27)
FNDA:1,(anonymous_28)
FNDA:4,(anonymous_29)
FNDA:2,(anonymous_30)
FNDA:0,(anonymous_31)
FNDA:3,(anonymous_32)
FNDA:2,(anonymous_33)
FNDA:4,getWorkingDays
DA:2,3
DA:3,3
DA:4,3
DA:6,3
DA:7,3
DA:8,3
DA:9,3
DA:10,3
DA:12,3
DA:14,3
DA:23,3
DA:24,0
DA:25,0
DA:29,0
DA:30,0
DA:45,0
DA:47,0
DA:48,0
DA:55,3
DA:56,0
DA:58,0
DA:60,0
DA:83,0
DA:85,0
DA:86,0
DA:93,3
DA:94,0
DA:95,0
DA:99,0
DA:101,0
DA:102,0
DA:109,3
DA:110,0
DA:111,0
DA:112,0
DA:114,0
DA:117,0
DA:121,0
DA:126,0
DA:128,0
DA:129,0
DA:136,3
DA:137,0
DA:138,0
DA:142,0
DA:144,0
DA:145,0
DA:152,3
DA:153,0
DA:154,0
DA:155,0
DA:159,0
DA:162,0
DA:172,0
DA:177,0
DA:179,0
DA:180,0
DA:188,3
DA:189,0
DA:190,0
DA:191,0
DA:195,0
DA:199,0
DA:200,0
DA:201,0
DA:202,0
DA:203,0
DA:204,0
DA:205,0
DA:208,0
DA:210,0
DA:274,0
DA:275,0
DA:278,0
DA:279,0
DA:280,0
DA:281,0
DA:282,0
DA:284,0
DA:287,0
DA:289,0
DA:290,0
DA:298,3
DA:299,0
DA:300,0
DA:307,0
DA:309,0
DA:312,0
DA:313,0
DA:315,0
DA:316,0
DA:327,0
DA:328,0
DA:330,0
DA:331,0
DA:344,0
DA:345,0
DA:346,0
DA:347,0
DA:348,0
DA:349,0
DA:350,0
DA:352,0
DA:353,0
DA:372,0
DA:375,0
DA:376,0
DA:377,0
DA:378,0
DA:385,0
DA:387,0
DA:388,0
DA:395,3
DA:396,5
DA:397,5
DA:398,5
DA:400,5
DA:401,4
DA:412,4
DA:416,4
DA:419,4
DA:423,4
DA:424,4
DA:426,4
DA:441,4
DA:443,4
DA:444,5
DA:445,4
DA:446,4
DA:447,3
DA:449,4
DA:450,4
DA:451,4
DA:454,4
DA:456,4
DA:458,3
DA:459,3
DA:460,3
DA:463,3
DA:464,3
DA:467,3
DA:468,3
DA:469,3
DA:470,3
DA:473,3
DA:476,3
DA:479,3
DA:484,3
DA:485,3
DA:486,0
DA:487,0
DA:489,0
DA:493,3
DA:494,3
DA:496,3
DA:497,0
DA:502,3
DA:525,4
DA:528,4
DA:529,3
DA:543,4
DA:544,3
DA:545,1
DA:547,4
DA:554,1
DA:555,1
DA:558,1
DA:559,1
DA:566,3
DA:567,4
DA:568,4
DA:569,4
DA:571,4
DA:572,0
DA:575,4
DA:576,4
DA:577,4
DA:588,3
DA:595,3
DA:597,1
DA:598,1
DA:605,3
DA:606,0
DA:607,0
DA:608,0
DA:609,0
DA:612,0
DA:613,0
DA:614,0
DA:617,0
DA:620,0
DA:621,0
DA:622,0
DA:623,0
DA:624,0
DA:625,0
DA:626,0
DA:627,0
DA:628,0
DA:631,0
DA:632,0
DA:636,0
DA:640,0
DA:641,0
DA:642,0
DA:648,0
DA:649,0
DA:652,0
DA:653,0
DA:654,0
DA:655,0
DA:660,0
DA:661,0
DA:663,0
DA:669,0
DA:677,0
DA:679,0
DA:680,0
DA:687,3
DA:688,3
DA:689,3
DA:690,3
DA:693,3
DA:698,2
DA:704,2
DA:705,2
DA:717,2
DA:722,2
DA:723,2
DA:730,2
DA:735,1
DA:736,1
DA:741,4
DA:742,4
DA:743,4
DA:744,124
DA:745,124
DA:747,4
LF:238
LH:103
BRDA:29,0,0,0
BRDA:29,0,1,0
BRDA:165,1,0,0
BRDA:165,1,1,0
BRDA:190,2,0,0
BRDA:190,2,1,0
BRDA:202,3,0,0
BRDA:202,3,1,0
BRDA:282,4,0,0
BRDA:282,4,1,0
BRDA:312,5,0,0
BRDA:312,5,1,0
BRDA:312,6,0,0
BRDA:312,6,1,0
BRDA:327,7,0,0
BRDA:327,7,1,0
BRDA:327,8,0,0
BRDA:327,8,1,0
BRDA:334,9,0,0
BRDA:334,9,1,0
BRDA:344,10,0,0
BRDA:344,10,1,0
BRDA:344,11,0,0
BRDA:344,11,1,0
BRDA:346,12,0,0
BRDA:346,12,1,0
BRDA:347,13,0,0
BRDA:347,13,1,0
BRDA:348,14,0,0
BRDA:348,14,1,0
BRDA:349,15,0,0
BRDA:349,15,1,0
BRDA:350,16,0,0
BRDA:350,16,1,0
BRDA:352,17,0,0
BRDA:352,17,1,0
BRDA:359,18,0,0
BRDA:359,18,1,0
BRDA:360,19,0,0
BRDA:360,19,1,0
BRDA:362,20,0,0
BRDA:362,20,1,0
BRDA:363,21,0,0
BRDA:363,21,1,0
BRDA:364,22,0,0
BRDA:364,22,1,0
BRDA:375,23,0,0
BRDA:375,23,1,0
BRDA:375,24,0,0
BRDA:375,24,1,0
BRDA:377,25,0,0
BRDA:377,25,1,0
BRDA:377,26,0,0
BRDA:377,26,1,0
BRDA:401,27,0,4
BRDA:401,27,1,4
BRDA:444,28,0,1
BRDA:444,28,1,4
BRDA:446,29,0,3
BRDA:446,29,1,1
BRDA:450,30,0,4
BRDA:450,30,1,0
BRDA:451,31,0,0
BRDA:451,31,1,4
BRDA:459,32,0,1
BRDA:459,32,1,2
BRDA:460,33,0,3
BRDA:460,33,1,2
BRDA:486,34,0,0
BRDA:486,34,1,0
BRDA:496,35,0,0
BRDA:496,35,1,3
BRDA:506,36,0,3
BRDA:506,36,1,2
BRDA:514,37,0,3
BRDA:514,37,1,2
BRDA:551,38,0,1
BRDA:551,38,1,3
BRDA:555,39,0,0
BRDA:555,39,1,1
BRDA:558,40,0,0
BRDA:558,40,1,1
BRDA:571,41,0,0
BRDA:571,41,1,4
BRDA:571,42,0,4
BRDA:571,42,1,4
BRDA:571,42,2,4
BRDA:571,42,3,4
BRDA:608,43,0,0
BRDA:608,43,1,0
BRDA:613,44,0,0
BRDA:613,44,1,0
BRDA:621,45,0,0
BRDA:621,45,1,0
BRDA:622,46,0,0
BRDA:622,46,1,0
BRDA:623,47,0,0
BRDA:623,47,1,0
BRDA:624,48,0,0
BRDA:624,48,1,0
BRDA:625,49,0,0
BRDA:625,49,1,0
BRDA:626,50,0,0
BRDA:626,50,1,0
BRDA:627,51,0,0
BRDA:627,51,1,0
BRDA:628,52,0,0
BRDA:628,52,1,0
BRDA:628,53,0,0
BRDA:628,53,1,0
BRDA:632,54,0,0
BRDA:632,54,1,0
BRDA:633,55,0,0
BRDA:633,55,1,0
BRDA:634,56,0,0
BRDA:634,56,1,0
BRDA:635,57,0,0
BRDA:635,57,1,0
BRDA:637,58,0,0
BRDA:637,58,1,0
BRDA:638,59,0,0
BRDA:638,59,1,0
BRDA:640,60,0,0
BRDA:640,60,1,0
BRDA:641,61,0,0
BRDA:641,61,1,0
BRDA:641,62,0,0
BRDA:641,62,1,0
BRDA:654,63,0,0
BRDA:654,63,1,0
BRDA:654,64,0,0
BRDA:654,64,1,0
BRDA:745,65,0,88
BRDA:745,65,1,36
BRDA:745,66,0,124
BRDA:745,66,1,105
BRF:136
BRH:30
end_of_record
TN:
SF:src/controllers/postController.ts
FN:10,(anonymous_1)
FN:36,(anonymous_2)
FN:58,(anonymous_3)
FN:100,(anonymous_4)
FN:145,(anonymous_5)
FN:162,(anonymous_6)
FN:202,(anonymous_7)
FN:229,(anonymous_8)
FNF:8
FNH:0
FNDA:0,(anonymous_1)
FNDA:0,(anonymous_2)
FNDA:0,(anonymous_3)
FNDA:0,(anonymous_4)
FNDA:0,(anonymous_5)
FNDA:0,(anonymous_6)
FNDA:0,(anonymous_7)
FNDA:0,(anonymous_8)
DA:2,2
DA:4,2
DA:5,2
DA:6,2
DA:7,2
DA:10,2
DA:11,0
DA:12,0
DA:13,0
DA:14,0
DA:16,0
DA:17,0
DA:18,0
DA:20,0
DA:36,0
DA:47,0
DA:52,0
DA:53,0
DA:58,2
DA:59,0
DA:60,0
DA:61,0
DA:63,0
DA:72,0
DA:73,0
DA:77,0
DA:83,0
DA:92,0
DA:94,0
DA:95,0
DA:100,2
DA:101,0
DA:102,0
DA:104,0
DA:105,0
DA:109,0
DA:110,0
DA:111,0
DA:115,0
DA:116,0
DA:119,0
DA:137,0
DA:138,0
DA:143,0
DA:144,0
DA:145,0
DA:154,0
DA:156,0
DA:157,0
DA:162,2
DA:163,0
DA:164,0
DA:165,0
DA:167,0
DA:171,0
DA:172,0
DA:175,0
DA:176,0
DA:179,0
DA:181,0
DA:194,0
DA:196,0
DA:197,0
DA:202,2
DA:203,0
DA:204,0
DA:205,0
DA:207,0
DA:211,0
DA:212,0
DA:215,0
DA:216,0
DA:219,0
DA:221,0
DA:223,0
DA:224,0
DA:229,2
DA:230,0
DA:231,0
DA:232,0
DA:235,0
DA:238,0
DA:239,0
DA:242,0
DA:248,0
DA:252,0
DA:257,0
DA:258,0
LF:88
LH:11
BRDA:17,0,0,0
BRDA:17,0,1,0
BRDA:18,1,0,0
BRDA:18,1,1,0
BRDA:40,2,0,0
BRDA:40,2,1,0
BRDA:40,3,0,0
BRDA:40,3,1,0
BRDA:61,4,0,0
BRDA:61,4,1,0
BRDA:72,5,0,0
BRDA:72,5,1,0
BRDA:86,6,0,0
BRDA:86,6,1,0
BRDA:86,7,0,0
BRDA:86,7,1,0
BRDA:104,8,0,0
BRDA:104,8,1,0
BRDA:104,9,0,0
BRDA:104,9,1,0
BRDA:104,9,2,0
BRDA:110,10,0,0
BRDA:110,10,1,0
BRDA:110,11,0,0
BRDA:110,11,1,0
BRDA:115,12,0,0
BRDA:115,12,1,0
BRDA:115,13,0,0
BRDA:115,13,1,0
BRDA:126,14,0,0
BRDA:126,14,1,0
BRDA:127,15,0,0
BRDA:127,15,1,0
BRDA:128,16,0,0
BRDA:128,16,1,0
BRDA:129,17,0,0
BRDA:129,17,1,0
BRDA:137,18,0,0
BRDA:137,18,1,0
BRDA:137,19,0,0
BRDA:137,19,1,0
BRDA:143,20,0,0
BRDA:143,20,1,0
BRDA:146,21,0,0
BRDA:146,21,1,0
BRDA:148,22,0,0
BRDA:148,22,1,0
BRDA:165,23,0,0
BRDA:165,23,1,0
BRDA:171,24,0,0
BRDA:171,24,1,0
BRDA:175,25,0,0
BRDA:175,25,1,0
BRDA:175,26,0,0
BRDA:175,26,1,0
BRDA:184,27,0,0
BRDA:184,27,1,0
BRDA:185,28,0,0
BRDA:185,28,1,0
BRDA:186,29,0,0
BRDA:186,29,1,0
BRDA:187,30,0,0
BRDA:187,30,1,0
BRDA:205,31,0,0
BRDA:205,31,1,0
BRDA:211,32,0,0
BRDA:211,32,1,0
BRDA:215,33,0,0
BRDA:215,33,1,0
BRDA:215,34,0,0
BRDA:215,34,1,0
BRDA:232,35,0,0
BRDA:232,35,1,0
BRDA:238,36,0,0
BRDA:238,36,1,0
BRF:75
BRH:0
end_of_record
TN:
SF:src/controllers/routeController.ts
FN:7,(anonymous_1)
FN:38,(anonymous_2)
FN:58,(anonymous_3)
FN:73,(anonymous_4)
FN:95,(anonymous_5)
FN:114,(anonymous_6)
FN:156,(anonymous_7)
FN:182,(anonymous_8)
FNF:8
FNH:7
FNDA:2,(anonymous_1)
FNDA:2,(anonymous_2)
FNDA:2,(anonymous_3)
FNDA:2,(anonymous_4)
FNDA:2,(anonymous_5)
FNDA:3,(anonymous_6)
FNDA:0,(anonymous_7)
FNDA:2,(anonymous_8)
DA:2,3
DA:4,3
DA:5,3
DA:7,3
DA:8,2
DA:9,2
DA:10,2
DA:11,2
DA:31,1
DA:33,1
DA:34,1
DA:38,3
DA:39,2
DA:40,2
DA:50,2
DA:51,1
DA:53,0
DA:54,0
DA:58,3
DA:59,2
DA:60,2
DA:62,2
DA:66,1
DA:68,1
DA:69,1
DA:73,3
DA:74,2
DA:75,2
DA:76,2
DA:78,2
DA:79,2
DA:80,1
DA:83,1
DA:88,1
DA:90,0
DA:91,0
DA:95,3
DA:96,2
DA:97,2
DA:98,2
DA:99,2
DA:100,1
DA:103,1
DA:107,1
DA:109,0
DA:110,0
DA:114,3
DA:115,3
DA:116,3
DA:117,3
DA:119,3
DA:120,3
DA:121,1
DA:125,2
DA:126,2
DA:127,1
DA:131,1
DA:136,1
DA:149,1
DA:151,0
DA:152,0
DA:156,3
DA:157,0
DA:158,0
DA:159,0
DA:161,0
DA:162,0
DA:165,0
DA:166,0
DA:167,0
DA:170,0
DA:175,0
DA:177,0
DA:178,0
DA:182,3
DA:183,2
DA:184,2
DA:185,2
DA:187,2
DA:188,2
DA:189,0
DA:193,2
DA:194,2
DA:195,1
DA:198,1
DA:203,1
DA:205,0
DA:206,0
LF:88
LH:65
BRDA:50,0,0,1
BRDA:50,0,1,1
BRDA:79,1,0,1
BRDA:79,1,1,1
BRDA:99,2,0,1
BRDA:99,2,1,1
BRDA:120,3,0,1
BRDA:120,3,1,2
BRDA:126,4,0,1
BRDA:126,4,1,1
BRDA:161,5,0,0
BRDA:161,5,1,0
BRDA:161,6,0,0
BRDA:161,6,1,0
BRDA:161,6,2,0
BRDA:166,7,0,0
BRDA:166,7,1,0
BRDA:172,8,0,0
BRDA:172,8,1,0
BRDA:188,9,0,0
BRDA:188,9,1,2
BRDA:194,10,0,1
BRDA:194,10,1,1
BRF:23
BRH:13
end_of_record
TN:
SF:src/controllers/ruleController.ts
FN:7,(anonymous_1)
FN:27,(anonymous_2)
FN:42,(anonymous_3)
FN:64,(anonymous_4)
FNF:4
FNH:0
FNDA:0,(anonymous_1)
FNDA:0,(anonymous_2)
FNDA:0,(anonymous_3)
FNDA:0,(anonymous_4)
DA:2,2
DA:4,2
DA:5,2
DA:7,2
DA:8,0
DA:9,0
DA:10,0
DA:11,0
DA:20,0
DA:22,0
DA:23,0
DA:27,2
DA:28,0
DA:29,0
DA:31,0
DA:35,0
DA:37,0
DA:38,0
DA:42,2
DA:43,0
DA:44,0
DA:46,0
DA:47,0
DA:48,0
DA:49,0
DA:52,0
DA:57,0
DA:59,0
DA:60,0
DA:64,2
DA:65,0
DA:66,0
DA:67,0
DA:68,0
DA:69,0
DA:72,0
DA:75,0
DA:77,0
DA:78,0
LF:39
LH:7
BRDA:32,0,0,0
BRDA:32,0,1,0
BRDA:48,1,0,0
BRDA:48,1,1,0
BRDA:68,2,0,0
BRDA:68,2,1,0
BRF:6
BRH:0
end_of_record
TN:
SF:src/controllers/safetyController.ts
FN:11,(anonymous_1)
FN:40,(anonymous_2)
FN:71,(anonymous_3)
FN:91,(anonymous_4)
FN:109,(anonymous_5)
FN:136,(anonymous_6)
FN:171,(anonymous_7)
FN:204,(anonymous_8)
FN:225,(anonymous_9)
FN:226,(anonymous_10)
FN:236,(anonymous_11)
FN:263,(anonymous_12)
FNF:12
FNH:10
FNDA:4,(anonymous_1)
FNDA:3,(anonymous_2)
FNDA:2,(anonymous_3)
FNDA:2,(anonymous_4)
FNDA:2,(anonymous_5)
FNDA:2,(anonymous_6)
FNDA:2,(anonymous_7)
FNDA:2,(anonymous_8)
FNDA:2,(anonymous_9)
FNDA:2,(anonymous_10)
FNDA:0,(anonymous_11)
FNDA:0,(anonymous_12)
DA:2,3
DA:4,3
DA:5,3
DA:11,3
DA:12,4
DA:13,4
DA:14,4
DA:16,4
DA:17,4
DA:18,4
DA:19,4
DA:21,4
DA:22,4
DA:33,3
DA:35,1
DA:36,1
DA:40,3
DA:41,3
DA:42,3
DA:43,3
DA:46,3
DA:47,2
DA:48,1
DA:51,1
DA:64,1
DA:66,1
DA:67,1
DA:71,3
DA:72,2
DA:73,2
DA:74,2
DA:76,2
DA:77,2
DA:79,1
DA:84,1
DA:86,0
DA:87,0
DA:91,3
DA:92,2
DA:93,2
DA:94,2
DA:95,2
DA:97,1
DA:98,1
DA:100,0
DA:101,0
DA:109,3
DA:110,2
DA:111,2
DA:112,2
DA:114,2
DA:115,2
DA:117,2
DA:118,2
DA:129,2
DA:131,0
DA:132,0
DA:136,3
DA:137,2
DA:138,2
DA:139,2
DA:142,2
DA:143,2
DA:144,1
DA:147,1
DA:160,1
DA:162,0
DA:163,0
DA:171,3
DA:172,2
DA:173,2
DA:174,2
DA:175,2
DA:177,2
DA:195,1
DA:204,1
DA:205,2
DA:206,2
DA:207,2
DA:208,2
DA:210,2
DA:220,1
DA:225,2
DA:226,2
DA:230,1
DA:231,1
DA:236,3
DA:237,0
DA:238,0
DA:239,0
DA:240,0
DA:242,0
DA:243,0
DA:245,0
DA:255,0
DA:257,0
DA:258,0
DA:263,3
DA:264,0
DA:265,0
DA:266,0
DA:267,0
DA:268,0
DA:276,0
DA:305,0
DA:316,0
DA:317,0
LF:107
LH:80
BRDA:17,0,0,1
BRDA:17,0,1,3
BRDA:18,1,0,1
BRDA:18,1,1,3
BRDA:19,2,0,1
BRDA:19,2,1,3
BRDA:47,3,0,1
BRDA:47,3,1,1
BRDA:58,4,0,1
BRDA:58,4,1,0
BRDA:77,5,0,1
BRDA:77,5,1,1
BRDA:81,6,0,1
BRDA:81,6,1,0
BRDA:95,7,0,1
BRDA:95,7,1,1
BRDA:115,8,0,1
BRDA:115,8,1,1
BRDA:143,9,0,1
BRDA:143,9,1,1
BRDA:153,10,0,1
BRDA:153,10,1,0
BRDA:205,11,0,2
BRDA:205,11,1,2
BRDA:206,12,0,2
BRDA:206,12,1,0
BRDA:207,13,0,2
BRDA:207,13,1,2
BRDA:208,14,0,2
BRDA:208,14,1,0
BRDA:216,15,0,2
BRDA:216,15,1,1
BRDA:243,16,0,0
BRDA:243,16,1,0
BRDA:249,17,0,0
BRDA:249,17,1,0
BRDA:250,18,0,0
BRDA:250,18,1,0
BRDA:311,19,0,0
BRDA:311,19,1,0
BRF:40
BRH:27
end_of_record
TN:
SF:src/controllers/scheduleController.ts
FN:14,(anonymous_1)
FN:38,(anonymous_2)
FN:66,(anonymous_3)
FN:118,(anonymous_4)
FN:183,(anonymous_5)
FN:264,(anonymous_6)
FN:304,(anonymous_7)
FN:329,(anonymous_8)
FN:368,(anonymous_9)
FN:390,(anonymous_10)
FN:410,(anonymous_11)
FN:441,(anonymous_12)
FNF:12
FNH:8
FNDA:3,(anonymous_1)
FNDA:4,(anonymous_2)
FNDA:5,(anonymous_3)
FNDA:6,(anonymous_4)
FNDA:0,(anonymous_5)
FNDA:2,(anonymous_6)
FNDA:3,(anonymous_7)
FNDA:4,(anonymous_8)
FNDA:2,(anonymous_9)
FNDA:0,(anonymous_10)
FNDA:0,(anonymous_11)
FNDA:0,(anonymous_12)
DA:2,3
DA:4,3
DA:5,3
DA:6,3
DA:7,3
DA:8,3
DA:9,3
DA:10,3
DA:11,3
DA:12,3
DA:14,3
DA:15,3
DA:16,3
DA:17,3
DA:18,3
DA:31,2
DA:33,1
DA:34,1
DA:38,3
DA:39,4
DA:40,4
DA:41,4
DA:44,4
DA:45,2
DA:55,2
DA:58,2
DA:59,1
DA:61,1
DA:62,1
DA:66,3
DA:67,5
DA:68,5
DA:70,5
DA:71,2
DA:75,3
DA:80,3
DA:81,3
DA:82,3
DA:84,3
DA:85,0
DA:86,0
DA:87,0
DA:88,0
DA:90,0
DA:93,3
DA:99,2
DA:110,1
DA:111,1
DA:112,1
DA:114,0
DA:118,3
DA:119,6
DA:120,6
DA:121,6
DA:122,5
DA:124,5
DA:128,4
DA:129,2
DA:131,2
DA:132,1
DA:139,1
DA:140,0
DA:141,0
DA:142,0
DA:143,0
DA:153,1
DA:154,1
DA:155,1
DA:156,1
DA:157,1
DA:158,1
DA:159,1
DA:160,1
DA:162,1
DA:164,1
DA:172,1
DA:174,1
DA:175,1
DA:183,3
DA:184,0
DA:185,0
DA:186,0
DA:187,0
DA:189,0
DA:193,0
DA:194,0
DA:196,0
DA:197,0
DA:201,0
DA:202,0
DA:203,0
DA:204,0
DA:205,0
DA:214,0
DA:217,0
DA:219,0
DA:220,0
DA:228,0
DA:233,0
DA:234,0
DA:235,0
DA:236,0
DA:238,0
DA:239,0
DA:242,0
DA:244,0
DA:257,0
DA:259,0
DA:260,0
DA:264,3
DA:265,2
DA:266,2
DA:267,2
DA:270,2
DA:273,2
DA:274,0
DA:276,2
DA:277,0
DA:280,2
DA:285,1
DA:298,1
DA:303,1
DA:304,3
DA:312,1
DA:318,1
DA:324,1
DA:325,1
DA:329,3
DA:330,4
DA:331,4
DA:332,4
DA:334,4
DA:338,3
DA:339,1
DA:342,2
DA:343,1
DA:346,1
DA:347,1
DA:349,1
DA:361,1
DA:363,1
DA:364,1
DA:368,3
DA:369,2
DA:370,2
DA:371,2
DA:373,2
DA:375,1
DA:376,1
DA:377,1
DA:378,1
DA:380,1
DA:382,1
DA:383,1
DA:384,1
DA:386,0
DA:390,3
DA:391,0
DA:392,0
DA:393,0
DA:394,0
DA:396,0
DA:398,0
DA:400,0
DA:401,0
DA:410,3
DA:411,0
DA:412,0
DA:413,0
DA:415,0
DA:430,0
DA:431,0
DA:435,0
DA:441,0
DA:455,0
DA:457,0
DA:458,0
LF:177
LH:115
BRDA:44,0,0,2
BRDA:44,0,1,2
BRDA:70,1,0,2
BRDA:70,1,1,3
BRDA:70,2,0,5
BRDA:70,2,1,4
BRDA:86,3,0,0
BRDA:86,3,1,0
BRDA:87,4,0,0
BRDA:87,4,1,0
BRDA:87,5,0,0
BRDA:87,5,1,0
BRDA:88,6,0,0
BRDA:88,6,1,0
BRDA:88,7,0,0
BRDA:88,7,1,0
BRDA:94,8,0,3
BRDA:94,8,1,2
BRDA:95,9,0,3
BRDA:95,9,1,2
BRDA:96,10,0,0
BRDA:96,10,1,3
BRDA:111,11,0,1
BRDA:111,11,1,0
BRDA:121,12,0,1
BRDA:121,12,1,5
BRDA:128,13,0,2
BRDA:128,13,1,2
BRDA:128,14,0,4
BRDA:128,14,1,3
BRDA:131,15,0,1
BRDA:131,15,1,1
BRDA:139,16,0,0
BRDA:139,16,1,1
BRDA:142,17,0,0
BRDA:142,17,1,0
BRDA:154,18,0,1
BRDA:154,18,1,0
BRDA:155,19,0,0
BRDA:155,19,1,1
BRDA:156,20,0,0
BRDA:156,20,1,1
BRDA:157,21,0,1
BRDA:157,21,1,0
BRDA:158,22,0,0
BRDA:158,22,1,1
BRDA:159,23,0,0
BRDA:159,23,1,1
BRDA:160,24,0,0
BRDA:160,24,1,1
BRDA:186,25,0,0
BRDA:186,25,1,0
BRDA:193,26,0,0
BRDA:193,26,1,0
BRDA:193,27,0,0
BRDA:193,27,1,0
BRDA:196,28,0,0
BRDA:196,28,1,0
BRDA:201,29,0,0
BRDA:201,29,1,0
BRDA:204,30,0,0
BRDA:204,30,1,0
BRDA:214,31,0,0
BRDA:214,31,1,0
BRDA:219,32,0,0
BRDA:219,32,1,0
BRDA:219,33,0,0
BRDA:219,33,1,0
BRDA:231,34,0,0
BRDA:231,34,1,0
BRDA:233,35,0,0
BRDA:233,35,1,0
BRDA:234,36,0,0
BRDA:234,36,1,0
BRDA:235,37,0,0
BRDA:235,37,1,0
BRDA:236,38,0,0
BRDA:236,38,1,0
BRDA:238,39,0,0
BRDA:238,39,1,0
BRDA:238,40,0,0
BRDA:238,40,1,0
BRDA:239,41,0,0
BRDA:239,41,1,0
BRDA:251,42,0,0
BRDA:251,42,1,0
BRDA:273,43,0,0
BRDA:273,43,1,2
BRDA:276,44,0,0
BRDA:276,44,1,2
BRDA:338,45,0,1
BRDA:338,45,1,2
BRDA:342,46,0,1
BRDA:342,46,1,1
BRDA:377,47,0,1
BRDA:377,47,1,1
BRDA:383,48,0,1
BRDA:383,48,1,0
BRDA:396,49,0,0
BRDA:396,49,1,0
BRDA:430,50,0,0
BRDA:430,50,1,0
BRDA:436,51,0,0
BRDA:436,51,1,0
BRF:104
BRH:37
end_of_record
TN:
SF:src/controllers/searchController.ts
FN:9,globalSearch
FNF:1
FNH:0
FNDA:0,globalSearch
DA:2,2
DA:3,2
DA:9,2
DA:10,0
DA:11,0
DA:13,0
DA:14,0
DA:19,0
DA:20,0
DA:23,0
DA:91,0
DA:95,0
DA:96,0
LF:13
LH:3
BRDA:11,0,0,0
BRDA:11,0,1,0
BRDA:13,1,0,0
BRDA:13,1,1,0
BRDA:13,2,0,0
BRDA:13,2,1,0
BRDA:19,3,0,0
BRDA:19,3,1,0
BRF:8
BRH:0
end_of_record
TN:
SF:src/controllers/userController.ts
FN:23,(anonymous_10)
FN:58,(anonymous_11)
FN:90,(anonymous_12)
FN:139,(anonymous_13)
FN:195,(anonymous_14)
FN:232,(anonymous_15)
FN:370,(anonymous_16)
FN:430,(anonymous_17)
FN:476,(anonymous_18)
FN:501,(anonymous_19)
FNF:10
FNH:8
FNDA:5,(anonymous_10)
FNDA:0,(anonymous_11)
FNDA:4,(anonymous_12)
FNDA:4,(anonymous_13)
FNDA:2,(anonymous_14)
FNDA:2,(anonymous_15)
FNDA:5,(anonymous_16)
FNDA:0,(anonymous_17)
FNDA:3,(anonymous_18)
FNDA:2,(anonymous_19)
DA:2,3
DA:3,3
DA:5,3
DA:6,3
DA:7,3
DA:9,3
DA:23,3
DA:24,5
DA:25,5
DA:27,5
DA:28,5
DA:29,5
DA:30,5
DA:31,5
DA:32,1
DA:39,5
DA:40,5
DA:51,4
DA:53,1
DA:54,1
DA:58,3
DA:59,0
DA:60,0
DA:63,0
DA:64,0
DA:67,0
DA:79,0
DA:80,0
DA:83,0
DA:85,0
DA:86,0
DA:90,3
DA:91,4
DA:92,4
DA:94,4
DA:98,3
DA:99,1
DA:102,2
DA:104,2
DA:119,2
DA:132,2
DA:134,1
DA:135,1
DA:139,3
DA:140,4
DA:141,4
DA:144,4
DA:145,3
DA:146,1
DA:150,2
DA:151,1
DA:154,1
DA:156,1
DA:159,1
DA:160,1
DA:161,1
DA:162,1
DA:166,1
DA:167,1
DA:168,1
DA:169,1
DA:170,1
DA:171,1
DA:172,1
DA:174,1
DA:180,1
DA:188,1
DA:190,1
DA:191,1
DA:195,3
DA:196,2
DA:197,2
DA:199,2
DA:200,2
DA:201,1
DA:205,1
DA:210,1
DA:221,1
DA:223,0
DA:224,0
DA:232,3
DA:233,2
DA:234,2
DA:235,2
DA:249,2
DA:334,1
DA:335,0
DA:338,1
DA:359,1
DA:361,1
DA:362,1
DA:363,1
DA:365,1
DA:366,1
DA:370,3
DA:371,5
DA:372,5
DA:373,5
DA:375,5
DA:376,1
DA:379,4
DA:380,3
DA:381,1
DA:384,2
DA:385,2
DA:386,1
DA:390,1
DA:405,1
DA:407,1
DA:420,1
DA:425,1
DA:426,1
DA:430,3
DA:431,0
DA:432,0
DA:433,0
DA:445,0
DA:457,0
DA:469,0
DA:471,0
DA:472,0
DA:476,3
DA:477,3
DA:478,3
DA:479,3
DA:481,3
DA:482,3
DA:483,1
DA:486,2
DA:489,2
DA:500,2
DA:501,4
DA:502,2
DA:513,2
DA:515,0
DA:516,0
LF:136
LH:113
BRDA:28,0,0,1
BRDA:28,0,1,4
BRDA:29,1,0,1
BRDA:29,1,1,4
BRDA:30,2,0,0
BRDA:30,2,1,5
BRDA:31,3,0,1
BRDA:31,3,1,4
BRDA:63,4,0,0
BRDA:63,4,1,0
BRDA:63,5,0,0
BRDA:63,5,1,0
BRDA:79,6,0,0
BRDA:79,6,1,0
BRDA:98,7,0,1
BRDA:98,7,1,2
BRDA:102,8,0,2
BRDA:102,8,1,1
BRDA:110,9,0,2
BRDA:110,9,1,2
BRDA:127,10,0,2
BRDA:127,10,1,2
BRDA:145,11,0,1
BRDA:145,11,1,2
BRDA:150,12,0,1
BRDA:150,12,1,1
BRDA:150,13,0,2
BRDA:150,13,1,1
BRDA:159,14,0,1
BRDA:159,14,1,0
BRDA:160,15,0,1
BRDA:160,15,1,0
BRDA:161,16,0,1
BRDA:161,16,1,0
BRDA:162,17,0,0
BRDA:162,17,1,1
BRDA:167,18,0,1
BRDA:167,18,1,0
BRDA:168,19,0,1
BRDA:168,19,1,0
BRDA:169,20,0,0
BRDA:169,20,1,1
BRDA:170,21,0,1
BRDA:170,21,1,0
BRDA:171,22,0,1
BRDA:171,22,1,0
BRDA:172,23,0,0
BRDA:172,23,1,1
BRDA:200,24,0,1
BRDA:200,24,1,1
BRDA:334,25,0,0
BRDA:334,25,1,1
BRDA:375,26,0,1
BRDA:375,26,1,4
BRDA:380,27,0,1
BRDA:380,27,1,2
BRDA:384,28,0,2
BRDA:384,28,1,0
BRDA:385,29,0,1
BRDA:385,29,1,1
BRDA:482,30,0,1
BRDA:482,30,1,2
BRDA:486,31,0,2
BRDA:486,31,1,1
BRF:64
BRH:45
end_of_record
TN:
SF:src/middleware/auth.ts
FN:16,(anonymous_1)
FN:39,(anonymous_2)
FN:53,isFullAccess
FN:58,(anonymous_4)
FN:67,(anonymous_5)
FN:68,(anonymous_6)
FN:78,(anonymous_7)
FNF:7
FNH:7
FNDA:7,(anonymous_1)
FNDA:1,(anonymous_2)
FNDA:11,isFullAccess
FNDA:5,(anonymous_4)
FNDA:96,(anonymous_5)
FNDA:6,(anonymous_6)
FNDA:4,(anonymous_7)
DA:2,3
DA:3,3
DA:4,3
DA:16,3
DA:17,7
DA:18,7
DA:19,7
DA:20,2
DA:23,5
DA:24,5
DA:32,3
DA:33,3
DA:34,2
DA:37,1
DA:39,1
DA:41,2
DA:50,3
DA:54,11
DA:58,3
DA:59,5
DA:60,2
DA:62,3
DA:67,3
DA:68,96
DA:69,6
DA:70,6
DA:71,4
DA:73,2
DA:78,3
DA:79,4
DA:80,1
DA:82,3
LF:32
LH:32
BRDA:19,0,0,2
BRDA:19,0,1,5
BRDA:19,1,0,7
BRDA:19,1,1,6
BRDA:33,2,0,2
BRDA:33,2,1,1
BRDA:33,3,0,3
BRDA:33,3,1,2
BRDA:59,4,0,2
BRDA:59,4,1,3
BRDA:59,5,0,5
BRDA:59,5,1,0
BRDA:69,6,0,6
BRDA:69,6,1,1
BRDA:70,7,0,4
BRDA:70,7,1,2
BRDA:70,8,0,6
BRDA:70,8,1,3
BRDA:79,9,0,1
BRDA:79,9,1,3
BRF:20
BRH:19
end_of_record
TN:
SF:src/middleware/errorHandler.ts
FN:6,(anonymous_1)
FN:13,(anonymous_2)
FNF:2
FNH:0
FNDA:0,(anonymous_1)
FNDA:0,(anonymous_2)
DA:2,2
DA:4,2
DA:7,0
DA:8,0
DA:9,0
DA:13,2
DA:19,0
DA:20,0
DA:26,0
DA:29,0
DA:37,0
LF:11
LH:3
BRDA:19,0,0,0
BRDA:19,0,1,0
BRF:2
BRH:0
end_of_record
TN:
SF:src/middleware/rateLimits.ts
FN:13,createStore
FN:19,(anonymous_2)
FN:23,createLimiter
FN:37,(anonymous_4)
FN:66,(anonymous_5)
FN:95,(anonymous_6)
FNF:6
FNH:4
FNDA:14,createStore
FNDA:0,(anonymous_2)
FNDA:14,createLimiter
FNDA:0,(anonymous_4)
FNDA:7,(anonymous_5)
FNDA:14,(anonymous_6)
DA:1,2
DA:2,2
DA:3,2
DA:4,2
DA:8,2
DA:14,14
DA:15,14
DA:17,0
DA:19,0
DA:24,14
DA:33,2
DA:38,0
DA:43,0
DA:48,2
DA:55,2
DA:62,2
DA:67,7
DA:72,7
DA:77,2
DA:84,2
DA:91,2
DA:95,14
LF:22
LH:18
BRDA:15,0,0,14
BRDA:15,0,1,0
BRDA:35,1,0,0
BRDA:35,1,1,2
BRDA:50,2,0,0
BRDA:50,2,1,2
BRDA:57,3,0,0
BRDA:57,3,1,2
BRDA:64,4,0,0
BRDA:64,4,1,2
BRDA:79,5,0,0
BRDA:79,5,1,2
BRDA:86,6,0,0
BRDA:86,6,1,2
BRDA:93,7,0,0
BRDA:93,7,1,2
BRF:16
BRH:8
end_of_record
TN:
SF:src/middleware/security.ts
FN:8,stripTags
FN:28,sanitizeInput
FNF:2
FNH:2
FNDA:20,stripTags
FNDA:5,sanitizeInput
DA:2,2
DA:9,20
DA:11,15
DA:15,5
DA:16,0
DA:18,5
DA:19,5
DA:20,5
DA:21,15
DA:23,5
DA:25,0
DA:28,2
DA:29,5
DA:30,5
DA:31,5
DA:32,5
DA:33,5
DA:34,0
DA:41,5
LF:19
LH:16
BRDA:9,0,0,15
BRDA:9,0,1,5
BRDA:15,1,0,0
BRDA:15,1,1,5
BRDA:18,2,0,5
BRDA:18,2,1,0
BRDA:18,3,0,5
BRDA:18,3,1,5
BRDA:29,4,0,5
BRDA:29,4,1,0
BRDA:29,5,0,5
BRDA:29,5,1,5
BRDA:33,6,0,0
BRDA:33,6,1,5
BRF:14
BRH:10
end_of_record
TN:
SF:src/middleware/validate.ts
FN:7,(anonymous_0)
FN:17,(anonymous_1)
FN:27,(anonymous_2)
FN:35,(anonymous_3)
FN:43,(anonymous_4)
FN:50,(anonymous_5)
FN:61,(anonymous_6)
FN:68,(anonymous_7)
FN:75,(anonymous_8)
FN:84,(anonymous_9)
FN:95,(anonymous_10)
FNF:11
FNH:11
FNDA:8,(anonymous_0)
FNDA:3,(anonymous_1)
FNDA:231,(anonymous_2)
FNDA:129,(anonymous_3)
FNDA:18,(anonymous_4)
FNDA:6,(anonymous_5)
FNDA:69,(anonymous_6)
FNDA:111,(anonymous_7)
FNDA:15,(anonymous_8)
FNDA:9,(anonymous_9)
FNDA:3,(anonymous_10)
DA:2,3
DA:7,3
DA:12,8
DA:13,8
DA:14,2
DA:17,3
DA:23,6
DA:27,231
DA:35,3
DA:36,129
DA:37,129
DA:43,3
DA:44,18
DA:50,3
DA:51,6
DA:52,6
DA:53,6
DA:61,3
DA:62,69
DA:68,3
DA:69,111
DA:75,15
DA:84,9
DA:95,3
DA:109,3
DA:157,3
DA:219,3
DA:282,3
DA:330,3
DA:389,3
DA:414,3
DA:432,3
DA:507,3
DA:532,3
DA:580,3
DA:596,3
DA:641,3
DA:660,3
DA:696,3
DA:733,3
DA:786,3
DA:795,3
DA:820,3
DA:840,3
DA:873,3
LF:45
LH:45
BRDA:13,0,0,2
BRDA:13,0,1,6
BRDA:18,1,0,3
BRDA:18,1,1,1
BRDA:36,2,0,105
BRDA:36,2,1,24
BRDA:50,3,0,0
BRDA:52,4,0,6
BRDA:52,4,1,0
BRDA:65,5,0,69
BRDA:65,5,1,3
BRDA:65,6,0,69
BRDA:65,6,1,3
BRDA:66,7,0,69
BRDA:66,7,1,3
BRDA:66,8,0,69
BRDA:66,8,1,3
BRDA:72,9,0,111
BRDA:72,9,1,24
BRDA:73,10,0,111
BRDA:73,10,1,24
BRF:21
BRH:19
end_of_record
TN:
SF:src/utils/assertCompany.ts
FN:17,assertCompany
FNF:1
FNH:0
FNDA:0,assertCompany
DA:2,0
DA:17,0
DA:23,0
DA:24,0
DA:26,0
DA:27,0
DA:28,0
DA:29,0
DA:30,0
DA:31,0
DA:32,0
DA:33,0
DA:34,0
DA:35,0
DA:36,0
DA:37,0
DA:40,0
DA:41,0
DA:42,0
DA:45,0
LF:20
LH:0
BRDA:26,0,0,0
BRDA:26,0,1,0
BRDA:26,0,2,0
BRDA:26,0,3,0
BRDA:26,0,4,0
BRDA:26,0,5,0
BRDA:26,0,6,0
BRDA:26,0,7,0
BRDA:26,0,8,0
BRDA:26,0,9,0
BRDA:26,0,10,0
BRDA:40,1,0,0
BRDA:40,1,1,0
BRF:13
BRH:0
end_of_record
TN:
SF:src/utils/auditLog.ts
FN:6,createAuditLog
FNF:1
FNH:1
FNDA:5,createAuditLog
DA:2,3
DA:4,3
DA:6,3
DA:13,5
DA:14,5
DA:16,4
DA:17,4
DA:31,1
LF:8
LH:8
BRDA:14,0,0,1
BRDA:14,0,1,4
BRDA:24,1,0,4
BRDA:24,1,1,2
BRDA:25,2,0,4
BRDA:25,2,1,1
BRF:6
BRH:6
end_of_record
TN:
SF:src/utils/helpers.ts
FN:11,parseIdParam
FNF:1
FNH:1
FNDA:34,parseIdParam
DA:11,7
DA:12,34
DA:13,34
DA:14,4
DA:15,4
DA:17,30
LF:6
LH:6
BRDA:11,0,0,0
BRDA:13,1,0,4
BRDA:13,1,1,30
BRDA:13,2,0,34
BRDA:13,2,1,30
BRF:5
BRH:4
end_of_record
TN:
SF:src/utils/holidays.ts
FN:94,getHolidaysForMonth
FNF:1
FNH:0
FNDA:0,getHolidaysForMonth
DA:10,3
DA:24,3
DA:94,3
DA:95,0
DA:98,0
DA:99,0
DA:100,0
DA:101,0
DA:106,0
DA:107,0
DA:108,0
DA:109,0
DA:110,0
DA:111,0
DA:116,0
LF:15
LH:3
BRDA:99,0,0,0
BRDA:99,0,1,0
BRDA:107,1,0,0
BRDA:107,1,1,0
BRDA:110,2,0,0
BRDA:110,2,1,0
BRF:6
BRH:0
end_of_record
TN:
SF:src/utils/logger.ts
FN:9,(anonymous_1)
FN:19,(anonymous_2)
FN:24,(anonymous_3)
FN:25,(anonymous_4)
FN:37,(anonymous_5)
FNF:5
FNH:1
FNDA:194,(anonymous_1)
FNDA:0,(anonymous_2)
FNDA:0,(anonymous_3)
FNDA:0,(anonymous_4)
FNDA:0,(anonymous_5)
DA:1,12
DA:2,12
DA:4,12
DA:5,12
DA:7,12
DA:9,12
DA:10,194
DA:11,194
DA:20,0
DA:21,0
DA:25,0
DA:27,0
DA:28,0
DA:29,0
DA:30,0
DA:31,0
DA:37,0
DA:38,0
DA:39,0
DA:44,0
DA:49,12
DA:67,12
DA:68,0
DA:73,12
DA:83,12
LF:25
LH:12
BRDA:10,0,0,20
BRDA:10,0,1,174
BRDA:11,1,0,194
BRDA:11,1,1,178
BRDA:27,2,0,0
BRDA:27,2,1,0
BRDA:67,3,0,0
BRDA:67,3,1,12
BRDA:74,4,0,0
BRDA:74,4,1,12
BRF:10
BRH:6
end_of_record
TN:
SF:src/utils/paginate.ts
FN:22,parsePagination
FN:29,buildPaginatedResponse
FNF:2
FNH:0
FNDA:0,parsePagination
FNDA:0,buildPaginatedResponse
DA:22,0
DA:23,0
DA:24,0
DA:25,0
DA:26,0
DA:29,0
DA:34,0
DA:35,0
LF:8
LH:0
BRDA:22,0,0,0
BRDA:22,1,0,0
BRDA:23,2,0,0
BRDA:23,2,1,0
BRDA:24,3,0,0
BRDA:24,3,1,0
BRF:6
BRH:0
end_of_record
TN:
SF:src/utils/pagination.ts
FN:9,getPagination
FN:16,paginatedResponse
FNF:2
FNH:2
FNDA:52,getPagination
FNDA:37,paginatedResponse
DA:9,14
DA:10,52
DA:11,52
DA:12,52
DA:13,52
DA:16,14
DA:17,37
LF:7
LH:7
BRDA:10,0,0,52
BRDA:10,0,1,36
BRDA:11,1,0,52
BRDA:11,1,1,40
BRF:4
BRH:4
end_of_record
TN:
SF:src/utils/prisma.ts
FN:13,createPrismaClient
FN:25,(anonymous_2)
FN:62,(anonymous_3)
FN:90,(anonymous_4)
FNF:4
FNH:3
FNDA:2,createPrismaClient
FNDA:1,(anonymous_2)
FNDA:1,(anonymous_3)
FNDA:0,(anonymous_4)
DA:1,2
DA:2,2
DA:3,2
DA:11,2
DA:14,2
DA:25,2
DA:26,1
DA:28,1
DA:34,0
DA:35,0
DA:36,0
DA:37,0
DA:38,0
DA:40,0
DA:41,0
DA:46,1
DA:55,2
DA:59,2
DA:62,2
DA:63,1
DA:65,0
DA:66,0
DA:69,0
DA:76,0
DA:77,0
DA:79,0
DA:82,0
DA:91,0
DA:98,0
DA:101,2
DA:104,2
DA:106,2
DA:107,2
LF:33
LH:17
BRDA:15,0,0,0
BRDA:15,0,1,2
BRDA:28,1,0,0
BRDA:28,1,1,1
BRDA:29,2,0,1
BRDA:29,2,1,0
BRDA:29,2,2,0
BRDA:29,2,3,0
BRDA:34,3,0,0
BRDA:34,3,1,0
BRDA:35,4,0,0
BRDA:35,4,1,0
BRDA:37,5,0,0
BRDA:37,5,1,0
BRDA:69,6,0,0
BRDA:69,6,1,0
BRDA:70,7,0,0
BRDA:70,7,1,0
BRDA:70,7,2,0
BRDA:70,7,3,0
BRDA:70,7,4,0
BRDA:77,8,0,0
BRDA:77,8,1,0
BRDA:78,9,0,0
BRDA:78,9,1,0
BRDA:79,10,0,0
BRDA:79,10,1,0
BRDA:79,10,2,0
BRDA:88,11,0,0
BRDA:88,11,1,0
BRDA:104,12,0,2
BRDA:104,12,1,2
BRDA:106,13,0,2
BRDA:106,13,1,0
BRF:34
BRH:6
end_of_record
TN:
SF:src/utils/tenantContext.ts
FN:15,runWithCompany
FN:19,getCurrentCompanyId
FN:23,getCurrentUserId
FNF:3
FNH:1
FNDA:0,runWithCompany
FNDA:1,getCurrentCompanyId
FNDA:0,getCurrentUserId
DA:1,3
DA:13,3
DA:15,3
DA:16,0
DA:19,3
DA:20,1
DA:23,3
DA:24,0
DA:32,3
LF:9
LH:7
BRF:0
BRH:0
end_of_record
TN:
SF:src/utils/validateEnv.ts
FN:14,validateEnv
FNF:1
FNH:0
FNDA:0,validateEnv
DA:1,0
DA:3,0
DA:9,0
DA:14,0
DA:15,0
DA:17,0
DA:18,0
DA:19,0
DA:23,0
DA:24,0
DA:25,0
DA:26,0
DA:30,0
DA:31,0
DA:32,0
DA:33,0
DA:35,0
DA:36,0
DA:37,0
DA:41,0
DA:42,0
DA:43,0
DA:47,0
LF:23
LH:0
BRDA:18,0,0,0
BRDA:18,0,1,0
BRDA:23,1,0,0
BRDA:23,1,1,0
BRDA:31,2,0,0
BRDA:31,2,1,0
BRDA:35,3,0,0
BRDA:35,3,1,0
BRDA:42,4,0,0
BRDA:42,4,1,0
BRF:10
BRH:0
end_of_record
